{"numFailedTestSuites":3,"numFailedTests":3,"numPassedTestSuites":13,"numPassedTests":116,"numPendingTestSuites":0,"numPendingTests":0,"numRuntimeErrorTestSuites":1,"numTodoTests":0,"numTotalTestSuites":16,"numTotalTests":119,"openHandles":[],"snapshot":{"added":0,"didUpdate":false,"failure":false,"filesAdded":0,"filesRemoved":0,"filesRemovedList":[],"filesUnmatched":0,"filesUpdated":0,"matched":0,"total":0,"unchecked":0,"uncheckedKeysByFile":[],"unmatched":0,"updated":0},"startTime":1760326503685,"success":false,"testResults":[{"assertionResults":[],"coverage":{},"endTime":1760326507077,"message":"  ● Test suite failed to run\n\n    ReferenceError: Cannot access 'timeFieldSchema' before initialization\n\n       8 |\n       9 | const mealTimeSchema = z.object({\n    > 10 |   breakfast: timeFieldSchema.optional(),\n         |              ^\n      11 |   lunch: timeFieldSchema.optional(),\n      12 |   snack: timeFieldSchema.optional(),\n      13 |   dinner: timeFieldSchema.optional()\n\n      at Object.timeFieldSchema (src/features/onboarding/validations.ts:10:14)\n      at Object.require (src/features/onboarding/components/steps/PrimaryGoalStep.tsx:10:1)\n      at Object.require (src/features/onboarding/OnboardingPage.tsx:6:1)\n      at Object.require (src/features/onboarding/OnboardingPage.test.tsx:3:1)\n","name":"/Users/santiagobalosky/Downloads/A comerla HECHA POR MI/src/features/onboarding/OnboardingPage.test.tsx","startTime":1760326507077,"status":"failed","summary":""},{"assertionResults":[{"ancestorTitles":["planningOrchestrator"],"duration":35,"failureDetails":[],"failureMessages":[],"fullName":"planningOrchestrator crea plan inicial con recetas generadas","invocations":1,"location":null,"numPassingAsserts":4,"retryReasons":[],"status":"passed","title":"crea plan inicial con recetas generadas"},{"ancestorTitles":["planningOrchestrator"],"duration":1,"failureDetails":[{"matcherResult":{"message":"expect(jest.fn()).toHaveBeenCalled()\n\nExpected number of calls: >= 1\nReceived number of calls:    0","pass":false}}],"failureMessages":["Error: expect(jest.fn()).toHaveBeenCalled()\n\nExpected number of calls: >= 1\nReceived number of calls:    0\n    at Object.toHaveBeenCalled (/Users/santiagobalosky/Downloads/A comerla HECHA POR MI/src/features/planning/planningOrchestrator.test.ts:78:47)"],"fullName":"planningOrchestrator registra comidas personalizadas cuando la generación falla","invocations":1,"location":null,"numPassingAsserts":0,"retryReasons":[],"status":"failed","title":"registra comidas personalizadas cuando la generación falla"}],"endTime":1760326504800,"message":"  ● planningOrchestrator › registra comidas personalizadas cuando la generación falla\n\n    expect(jest.fn()).toHaveBeenCalled()\n\n    Expected number of calls: >= 1\n    Received number of calls:    0\n\n      76 |     });\n      77 |\n    > 78 |     expect(planningService.upsertPlannedMeal).toHaveBeenCalled();\n         |                                               ^\n      79 |     expect(result.failedSlots.length).toBeGreaterThanOrEqual(1);\n      80 |   });\n      81 | });\n\n      at Object.toHaveBeenCalled (src/features/planning/planningOrchestrator.test.ts:78:47)\n","name":"/Users/santiagobalosky/Downloads/A comerla HECHA POR MI/src/features/planning/planningOrchestrator.test.ts","startTime":1760326504640,"status":"failed","summary":""},{"assertionResults":[{"ancestorTitles":["shoppingListService","getShoppingListItems"],"duration":1,"failureDetails":[],"failureMessages":[],"fullName":"shoppingListService getShoppingListItems returns ordered items for authenticated user","invocations":1,"location":null,"numPassingAsserts":2,"retryReasons":[],"status":"passed","title":"returns ordered items for authenticated user"},{"ancestorTitles":["shoppingListService","getShoppingListItems"],"duration":6,"failureDetails":[],"failureMessages":[],"fullName":"shoppingListService getShoppingListItems throws when user missing","invocations":1,"location":null,"numPassingAsserts":1,"retryReasons":[],"status":"passed","title":"throws when user missing"},{"ancestorTitles":["shoppingListService","addShoppingListItem"],"duration":2,"failureDetails":[],"failureMessages":[],"fullName":"shoppingListService addShoppingListItem normalizes payload and returns inserted row","invocations":1,"location":null,"numPassingAsserts":2,"retryReasons":[],"status":"passed","title":"normalizes payload and returns inserted row"},{"ancestorTitles":["shoppingListService","addItemsToShoppingList"],"duration":1,"failureDetails":[],"failureMessages":[],"fullName":"shoppingListService addItemsToShoppingList inserts multiple items when provided","invocations":1,"location":null,"numPassingAsserts":2,"retryReasons":[],"status":"passed","title":"inserts multiple items when provided"},{"ancestorTitles":["shoppingListService","addItemsToShoppingList"],"duration":0,"failureDetails":[],"failureMessages":[],"fullName":"shoppingListService addItemsToShoppingList returns empty array when payload empty","invocations":1,"location":null,"numPassingAsserts":2,"retryReasons":[],"status":"passed","title":"returns empty array when payload empty"},{"ancestorTitles":["shoppingListService","updateShoppingListItem"],"duration":0,"failureDetails":[{}],"failureMessages":["TypeError: _supabaseClient.supabase.from(...).update(...).eq(...).select is not a function\n    at select (/Users/santiagobalosky/Downloads/A comerla HECHA POR MI/src/features/shopping-list/services/shoppingListService.ts:148:6)\n    at Object.<anonymous> (/Users/santiagobalosky/Downloads/A comerla HECHA POR MI/src/features/shopping-list/services/shoppingListService.test.ts:95:50)\n    at Promise.then.completed (/Users/santiagobalosky/Downloads/A comerla HECHA POR MI/node_modules/jest-circus/build/utils.js:298:28)\n    at new Promise (<anonymous>)\n    at callAsyncCircusFn (/Users/santiagobalosky/Downloads/A comerla HECHA POR MI/node_modules/jest-circus/build/utils.js:231:10)\n    at _callCircusTest (/Users/santiagobalosky/Downloads/A comerla HECHA POR MI/node_modules/jest-circus/build/run.js:316:40)\n    at _runTest (/Users/santiagobalosky/Downloads/A comerla HECHA POR MI/node_modules/jest-circus/build/run.js:252:3)\n    at _runTestsForDescribeBlock (/Users/santiagobalosky/Downloads/A comerla HECHA POR MI/node_modules/jest-circus/build/run.js:126:9)\n    at _runTestsForDescribeBlock (/Users/santiagobalosky/Downloads/A comerla HECHA POR MI/node_modules/jest-circus/build/run.js:121:9)\n    at _runTestsForDescribeBlock (/Users/santiagobalosky/Downloads/A comerla HECHA POR MI/node_modules/jest-circus/build/run.js:121:9)\n    at run (/Users/santiagobalosky/Downloads/A comerla HECHA POR MI/node_modules/jest-circus/build/run.js:71:3)\n    at runAndTransformResultsToJestFormat (/Users/santiagobalosky/Downloads/A comerla HECHA POR MI/node_modules/jest-circus/build/legacy-code-todo-rewrite/jestAdapterInit.js:122:21)\n    at jestAdapter (/Users/santiagobalosky/Downloads/A comerla HECHA POR MI/node_modules/jest-circus/build/legacy-code-todo-rewrite/jestAdapter.js:79:19)\n    at runTestInternal (/Users/santiagobalosky/Downloads/A comerla HECHA POR MI/node_modules/jest-runner/build/runTest.js:367:16)\n    at runTest (/Users/santiagobalosky/Downloads/A comerla HECHA POR MI/node_modules/jest-runner/build/runTest.js:444:34)"],"fullName":"shoppingListService updateShoppingListItem updates item and returns row","invocations":1,"location":null,"numPassingAsserts":0,"retryReasons":[],"status":"failed","title":"updates item and returns row"},{"ancestorTitles":["shoppingListService","deleteShoppingListItem"],"duration":1,"failureDetails":[],"failureMessages":[],"fullName":"shoppingListService deleteShoppingListItem performs delete","invocations":1,"location":null,"numPassingAsserts":1,"retryReasons":[],"status":"passed","title":"performs delete"},{"ancestorTitles":["shoppingListService","clearPurchasedItems"],"duration":0,"failureDetails":[],"failureMessages":[],"fullName":"shoppingListService clearPurchasedItems deletes purchased entries for current user","invocations":1,"location":null,"numPassingAsserts":1,"retryReasons":[],"status":"passed","title":"deletes purchased entries for current user"},{"ancestorTitles":["shoppingListService","clearAllItems"],"duration":0,"failureDetails":[],"failureMessages":[],"fullName":"shoppingListService clearAllItems removes all items for current user","invocations":1,"location":null,"numPassingAsserts":1,"retryReasons":[],"status":"passed","title":"removes all items for current user"},{"ancestorTitles":["shoppingListService","getFrequentItems"],"duration":0,"failureDetails":[],"failureMessages":[],"fullName":"shoppingListService getFrequentItems aggregates name frequency","invocations":1,"location":null,"numPassingAsserts":1,"retryReasons":[],"status":"passed","title":"aggregates name frequency"},{"ancestorTitles":["shoppingListService","getFrequentItems"],"duration":0,"failureDetails":[],"failureMessages":[],"fullName":"shoppingListService getFrequentItems returns empty array when query fails","invocations":1,"location":null,"numPassingAsserts":1,"retryReasons":[],"status":"passed","title":"returns empty array when query fails"},{"ancestorTitles":["shoppingListService","calculateMissingRecipeIngredients"],"duration":3,"failureDetails":[{"matcherResult":{"actual":[],"expected":[{"sample":{"name":"Arroz","quantity":2},"inverse":false}],"message":"expect(received).toEqual(expected) // deep equality\n\n- Expected  - 6\n+ Received  + 1\n\n- Array [\n-   ObjectContaining {\n-     \"name\": \"Arroz\",\n-     \"quantity\": 2,\n-   },\n- ]\n+ Array []","name":"toEqual","pass":false}}],"failureMessages":["Error: expect(received).toEqual(expected) // deep equality\n\n- Expected  - 6\n+ Received  + 1\n\n- Array [\n-   ObjectContaining {\n-     \"name\": \"Arroz\",\n-     \"quantity\": 2,\n-   },\n- ]\n+ Array []\n    at Object.toEqual (/Users/santiagobalosky/Downloads/A comerla HECHA POR MI/src/features/shopping-list/services/shoppingListService.test.ts:170:22)"],"fullName":"shoppingListService calculateMissingRecipeIngredients returns items missing from pantry","invocations":1,"location":null,"numPassingAsserts":0,"retryReasons":[],"status":"failed","title":"returns items missing from pantry"}],"endTime":1760326504884,"message":"  ● shoppingListService › updateShoppingListItem › updates item and returns row\n\n    TypeError: _supabaseClient.supabase.from(...).update(...).eq(...).select is not a function\n\n      146 |     .update(validatedUpdates as any) // Usar 'as any' temporalmente si Partial causa problemas con Supabase types\n      147 |     .eq('id', itemId)\n    > 148 |     .select()\n          |      ^\n      149 |     .single();\n      150 |\n      151 |   if (error || !data) {\n\n      at select (src/features/shopping-list/services/shoppingListService.ts:148:6)\n      at Object.<anonymous> (src/features/shopping-list/services/shoppingListService.test.ts:95:50)\n\n  ● shoppingListService › calculateMissingRecipeIngredients › returns items missing from pantry\n\n    expect(received).toEqual(expected) // deep equality\n\n    - Expected  - 6\n    + Received  + 1\n\n    - Array [\n    -   ObjectContaining {\n    -     \"name\": \"Arroz\",\n    -     \"quantity\": 2,\n    -   },\n    - ]\n    + Array []\n\n      168 |       ]);\n      169 |\n    > 170 |       expect(result).toEqual([\n          |                      ^\n      171 |         expect.objectContaining({ name: 'Arroz', quantity: 2 }),\n      172 |       ]);\n      173 |     });\n\n      at Object.toEqual (src/features/shopping-list/services/shoppingListService.test.ts:170:22)\n","name":"/Users/santiagobalosky/Downloads/A comerla HECHA POR MI/src/features/shopping-list/services/shoppingListService.test.ts","startTime":1760326504805,"status":"failed","summary":""},{"assertionResults":[{"ancestorTitles":["UnifiedPantryInput"],"duration":78,"failureDetails":[],"failureMessages":[],"fullName":"UnifiedPantryInput renders input and add button","invocations":1,"location":null,"numPassingAsserts":2,"retryReasons":[],"status":"passed","title":"renders input and add button"},{"ancestorTitles":["UnifiedPantryInput"],"duration":15,"failureDetails":[],"failureMessages":[],"fullName":"UnifiedPantryInput updates input value on change","invocations":1,"location":null,"numPassingAsserts":1,"retryReasons":[],"status":"passed","title":"updates input value on change"},{"ancestorTitles":["UnifiedPantryInput"],"duration":173,"failureDetails":[],"failureMessages":[],"fullName":"UnifiedPantryInput calls parsePantryInput and shows preview on add button click with valid input","invocations":1,"location":null,"numPassingAsserts":4,"retryReasons":[],"status":"passed","title":"calls parsePantryInput and shows preview on add button click with valid input"},{"ancestorTitles":["UnifiedPantryInput"],"duration":172,"failureDetails":[],"failureMessages":[],"fullName":"UnifiedPantryInput calls parsePantryInput and shows error toast on add button click with invalid input","invocations":1,"location":null,"numPassingAsserts":3,"retryReasons":[],"status":"passed","title":"calls parsePantryInput and shows error toast on add button click with invalid input"},{"ancestorTitles":["UnifiedPantryInput"],"duration":174,"failureDetails":[],"failureMessages":[],"fullName":"UnifiedPantryInput closes preview when cancel button inside preview is clicked","invocations":1,"location":null,"numPassingAsserts":1,"retryReasons":[],"status":"passed","title":"closes preview when cancel button inside preview is clicked"},{"ancestorTitles":["UnifiedPantryInput"],"duration":173,"failureDetails":[],"failureMessages":[],"fullName":"UnifiedPantryInput calls onConfirm and onItemAdded when confirm button inside preview is clicked","invocations":1,"location":null,"numPassingAsserts":4,"retryReasons":[],"status":"passed","title":"calls onConfirm and onItemAdded when confirm button inside preview is clicked"},{"ancestorTitles":["UnifiedPantryInput"],"duration":174,"failureDetails":[],"failureMessages":[],"fullName":"UnifiedPantryInput calls onEditRequest when edit button inside preview is clicked","invocations":1,"location":null,"numPassingAsserts":3,"retryReasons":[],"status":"passed","title":"calls onEditRequest when edit button inside preview is clicked"}],"endTime":1760326505925,"message":"","name":"/Users/santiagobalosky/Downloads/A comerla HECHA POR MI/src/features/pantry/components/__tests__/UnifiedPantryInput.test.tsx","startTime":1760326504890,"status":"passed","summary":""},{"assertionResults":[{"ancestorTitles":["InteractivePreview"],"duration":49,"failureDetails":[],"failureMessages":[],"fullName":"InteractivePreview renders initial data correctly","invocations":1,"location":null,"numPassingAsserts":5,"retryReasons":[],"status":"passed","title":"renders initial data correctly"},{"ancestorTitles":["InteractivePreview"],"duration":21,"failureDetails":[],"failureMessages":[],"fullName":"InteractivePreview renders fallback indicator if usedFallback is true","invocations":1,"location":null,"numPassingAsserts":2,"retryReasons":[],"status":"passed","title":"renders fallback indicator if usedFallback is true"},{"ancestorTitles":["InteractivePreview"],"duration":76,"failureDetails":[],"failureMessages":[],"fullName":"InteractivePreview allows changing the category","invocations":1,"location":null,"numPassingAsserts":2,"retryReasons":[],"status":"passed","title":"allows changing the category"},{"ancestorTitles":["InteractivePreview"],"duration":54,"failureDetails":[],"failureMessages":[],"fullName":"InteractivePreview allows entering expiry date when details are expanded","invocations":1,"location":null,"numPassingAsserts":3,"retryReasons":[],"status":"passed","title":"allows entering expiry date when details are expanded"},{"ancestorTitles":["InteractivePreview"],"duration":134,"failureDetails":[],"failureMessages":[],"fullName":"InteractivePreview calls onConfirm with correct data when \"Confirmar\" is clicked","invocations":1,"location":null,"numPassingAsserts":3,"retryReasons":[],"status":"passed","title":"calls onConfirm with correct data when \"Confirmar\" is clicked"},{"ancestorTitles":["InteractivePreview"],"duration":37,"failureDetails":[],"failureMessages":[],"fullName":"InteractivePreview calls onConfirm with addAnother=true when \"Confirmar y Añadir Otro\" is clicked","invocations":1,"location":null,"numPassingAsserts":3,"retryReasons":[],"status":"passed","title":"calls onConfirm with addAnother=true when \"Confirmar y Añadir Otro\" is clicked"},{"ancestorTitles":["InteractivePreview"],"duration":34,"failureDetails":[],"failureMessages":[],"fullName":"InteractivePreview calls onCancel when cancel button is clicked","invocations":1,"location":null,"numPassingAsserts":2,"retryReasons":[],"status":"passed","title":"calls onCancel when cancel button is clicked"},{"ancestorTitles":["InteractivePreview"],"duration":33,"failureDetails":[],"failureMessages":[],"fullName":"InteractivePreview calls onEditDetails when \"Editar Detalles\" button is clicked","invocations":1,"location":null,"numPassingAsserts":3,"retryReasons":[],"status":"passed","title":"calls onEditDetails when \"Editar Detalles\" button is clicked"},{"ancestorTitles":["InteractivePreview"],"duration":21,"failureDetails":[],"failureMessages":[],"fullName":"InteractivePreview does not render edit button if onEditDetails is not provided","invocations":1,"location":null,"numPassingAsserts":2,"retryReasons":[],"status":"passed","title":"does not render edit button if onEditDetails is not provided"}],"endTime":1760326506536,"message":"","name":"/Users/santiagobalosky/Downloads/A comerla HECHA POR MI/src/features/pantry/components/__tests__/InteractivePreview.test.tsx","startTime":1760326505976,"status":"passed","summary":""},{"assertionResults":[{"ancestorTitles":["AnimatedTabs"],"duration":5,"failureDetails":[],"failureMessages":[],"fullName":"AnimatedTabs renders all tabs","invocations":1,"location":null,"numPassingAsserts":3,"retryReasons":[],"status":"passed","title":"renders all tabs"},{"ancestorTitles":["AnimatedTabs"],"duration":0,"failureDetails":[],"failureMessages":[],"fullName":"AnimatedTabs applies active styles to the active tab","invocations":1,"location":null,"numPassingAsserts":1,"retryReasons":[],"status":"passed","title":"applies active styles to the active tab"},{"ancestorTitles":["AnimatedTabs"],"duration":2,"failureDetails":[],"failureMessages":[],"fullName":"AnimatedTabs calls onChange with the correct tab IDs when a tab is clicked","invocations":1,"location":null,"numPassingAsserts":1,"retryReasons":[],"status":"passed","title":"calls onChange with the correct tab IDs when a tab is clicked"}],"endTime":1760326506601,"message":"","name":"/Users/santiagobalosky/Downloads/A comerla HECHA POR MI/src/components/common/AnimatedTabs.test.tsx","startTime":1760326506548,"status":"passed","summary":""},{"assertionResults":[{"ancestorTitles":["usePantryStore"],"duration":1,"failureDetails":[],"failureMessages":[],"fullName":"usePantryStore fetchItems should update state on success","invocations":1,"location":null,"numPassingAsserts":4,"retryReasons":[],"status":"passed","title":"fetchItems should update state on success"},{"ancestorTitles":["usePantryStore"],"duration":3,"failureDetails":[],"failureMessages":[],"fullName":"usePantryStore fetchItems should set error state on failure","invocations":1,"location":null,"numPassingAsserts":3,"retryReasons":[],"status":"passed","title":"fetchItems should set error state on failure"},{"ancestorTitles":["usePantryStore"],"duration":0,"failureDetails":[],"failureMessages":[],"fullName":"usePantryStore fetchItems should not fetch if already loading","invocations":1,"location":null,"numPassingAsserts":1,"retryReasons":[],"status":"passed","title":"fetchItems should not fetch if already loading"},{"ancestorTitles":["usePantryStore"],"duration":0,"failureDetails":[],"failureMessages":[],"fullName":"usePantryStore fetchLowStockItems should update lowStockItems state on success","invocations":1,"location":null,"numPassingAsserts":3,"retryReasons":[],"status":"passed","title":"fetchLowStockItems should update lowStockItems state on success"},{"ancestorTitles":["usePantryStore"],"duration":0,"failureDetails":[],"failureMessages":[],"fullName":"usePantryStore fetchLowStockItems should use default threshold if not provided","invocations":1,"location":null,"numPassingAsserts":0,"retryReasons":[],"status":"passed","title":"fetchLowStockItems should use default threshold if not provided"},{"ancestorTitles":["usePantryStore"],"duration":2,"failureDetails":[],"failureMessages":[],"fullName":"usePantryStore fetchLowStockItems should set errorLowStock state on failure","invocations":1,"location":null,"numPassingAsserts":3,"retryReasons":[],"status":"passed","title":"fetchLowStockItems should set errorLowStock state on failure"},{"ancestorTitles":["usePantryStore"],"duration":0,"failureDetails":[],"failureMessages":[],"fullName":"usePantryStore fetchLowStockItems should not fetch if already loading","invocations":1,"location":null,"numPassingAsserts":0,"retryReasons":[],"status":"passed","title":"fetchLowStockItems should not fetch if already loading"},{"ancestorTitles":["usePantryStore"],"duration":0,"failureDetails":[],"failureMessages":[],"fullName":"usePantryStore addItem should add an item and update state","invocations":1,"location":null,"numPassingAsserts":3,"retryReasons":[],"status":"passed","title":"addItem should add an item and update state"},{"ancestorTitles":["usePantryStore"],"duration":1,"failureDetails":[],"failureMessages":[],"fullName":"usePantryStore addItem should not refresh low stock if quantity > threshold","invocations":1,"location":null,"numPassingAsserts":0,"retryReasons":[],"status":"passed","title":"addItem should not refresh low stock if quantity > threshold"},{"ancestorTitles":["usePantryStore"],"duration":0,"failureDetails":[],"failureMessages":[],"fullName":"usePantryStore addItem should return null on failure","invocations":1,"location":null,"numPassingAsserts":2,"retryReasons":[],"status":"passed","title":"addItem should return null on failure"},{"ancestorTitles":["usePantryStore"],"duration":0,"failureDetails":[],"failureMessages":[],"fullName":"usePantryStore updateItem should update an item in state (optimistic)","invocations":1,"location":null,"numPassingAsserts":3,"retryReasons":[],"status":"passed","title":"updateItem should update an item in state (optimistic)"},{"ancestorTitles":["usePantryStore"],"duration":0,"failureDetails":[],"failureMessages":[],"fullName":"usePantryStore updateItem should revert state on failure","invocations":1,"location":null,"numPassingAsserts":2,"retryReasons":[],"status":"passed","title":"updateItem should revert state on failure"},{"ancestorTitles":["usePantryStore"],"duration":0,"failureDetails":[],"failureMessages":[],"fullName":"usePantryStore deleteItem should remove item from state (optimistic)","invocations":1,"location":null,"numPassingAsserts":3,"retryReasons":[],"status":"passed","title":"deleteItem should remove item from state (optimistic)"},{"ancestorTitles":["usePantryStore"],"duration":1,"failureDetails":[],"failureMessages":[],"fullName":"usePantryStore deleteItem should revert state on failure","invocations":1,"location":null,"numPassingAsserts":2,"retryReasons":[],"status":"passed","title":"deleteItem should revert state on failure"}],"endTime":1760326506658,"message":"","name":"/Users/santiagobalosky/Downloads/A comerla HECHA POR MI/src/stores/pantryStore.test.ts","startTime":1760326506607,"status":"passed","summary":""},{"assertionResults":[{"ancestorTitles":["userService","getUserProfile"],"duration":1,"failureDetails":[],"failureMessages":[],"fullName":"userService getUserProfile returns a mapped profile when Supabase responds correctly","invocations":1,"location":null,"numPassingAsserts":5,"retryReasons":[],"status":"passed","title":"returns a mapped profile when Supabase responds correctly"},{"ancestorTitles":["userService","getUserProfile"],"duration":0,"failureDetails":[],"failureMessages":[],"fullName":"userService getUserProfile returns null when Supabase reports profile not found","invocations":1,"location":null,"numPassingAsserts":2,"retryReasons":[],"status":"passed","title":"returns null when Supabase reports profile not found"},{"ancestorTitles":["userService","getUserProfile"],"duration":9,"failureDetails":[],"failureMessages":[],"fullName":"userService getUserProfile logs and returns null on unexpected error","invocations":1,"location":null,"numPassingAsserts":1,"retryReasons":[],"status":"passed","title":"logs and returns null on unexpected error"},{"ancestorTitles":["userService","updateUserProfile"],"duration":1,"failureDetails":[],"failureMessages":[],"fullName":"userService updateUserProfile maps camelCase fields to snake_case payload","invocations":1,"location":null,"numPassingAsserts":3,"retryReasons":[],"status":"passed","title":"maps camelCase fields to snake_case payload"},{"ancestorTitles":["userService","updateUserProfile"],"duration":0,"failureDetails":[],"failureMessages":[],"fullName":"userService updateUserProfile returns false when Supabase responds with error","invocations":1,"location":null,"numPassingAsserts":1,"retryReasons":[],"status":"passed","title":"returns false when Supabase responds with error"},{"ancestorTitles":["userService","updateUserProfile"],"duration":0,"failureDetails":[],"failureMessages":[],"fullName":"userService updateUserProfile returns true without calling Supabase when payload is empty","invocations":1,"location":null,"numPassingAsserts":2,"retryReasons":[],"status":"passed","title":"returns true without calling Supabase when payload is empty"},{"ancestorTitles":["userService","uploadAvatar"],"duration":0,"failureDetails":[],"failureMessages":[],"fullName":"userService uploadAvatar uploads avatar and updates profile","invocations":1,"location":null,"numPassingAsserts":4,"retryReasons":[],"status":"passed","title":"uploads avatar and updates profile"},{"ancestorTitles":["userService","uploadAvatar"],"duration":1,"failureDetails":[],"failureMessages":[],"fullName":"userService uploadAvatar returns null when user is not authenticated","invocations":1,"location":null,"numPassingAsserts":1,"retryReasons":[],"status":"passed","title":"returns null when user is not authenticated"},{"ancestorTitles":["userService","uploadAvatar"],"duration":0,"failureDetails":[],"failureMessages":[],"fullName":"userService uploadAvatar returns null when upload fails","invocations":1,"location":null,"numPassingAsserts":1,"retryReasons":[],"status":"passed","title":"returns null when upload fails"}],"endTime":1760326506710,"message":"","name":"/Users/santiagobalosky/Downloads/A comerla HECHA POR MI/src/features/user/userService.test.ts","startTime":1760326506665,"status":"passed","summary":""},{"assertionResults":[{"ancestorTitles":["analytics wrapper"],"duration":1,"failureDetails":[],"failureMessages":[],"fullName":"analytics wrapper falls back to console when no client provided","invocations":1,"location":null,"numPassingAsserts":1,"retryReasons":[],"status":"passed","title":"falls back to console when no client provided"},{"ancestorTitles":["analytics wrapper"],"duration":0,"failureDetails":[],"failureMessages":[],"fullName":"analytics wrapper delegates to custom client","invocations":1,"location":null,"numPassingAsserts":1,"retryReasons":[],"status":"passed","title":"delegates to custom client"},{"ancestorTitles":["analytics wrapper"],"duration":0,"failureDetails":[],"failureMessages":[],"fullName":"analytics wrapper supports metadata forwarding","invocations":1,"location":null,"numPassingAsserts":1,"retryReasons":[],"status":"passed","title":"supports metadata forwarding"}],"endTime":1760326506754,"message":"","name":"/Users/santiagobalosky/Downloads/A comerla HECHA POR MI/src/lib/analytics.test.ts","startTime":1760326506720,"status":"passed","summary":""},{"assertionResults":[{"ancestorTitles":["pantryService","getPantryItems"],"duration":0,"failureDetails":[],"failureMessages":[],"fullName":"pantryService getPantryItems maps nested ingredient/category data","invocations":1,"location":null,"numPassingAsserts":1,"retryReasons":[],"status":"passed","title":"maps nested ingredient/category data"},{"ancestorTitles":["pantryService","getCategories"],"duration":1,"failureDetails":[],"failureMessages":[],"fullName":"pantryService getCategories fetches default categories","invocations":1,"location":null,"numPassingAsserts":1,"retryReasons":[],"status":"passed","title":"fetches default categories"},{"ancestorTitles":["pantryService","addPantryItem"],"duration":0,"failureDetails":[],"failureMessages":[],"fullName":"pantryService addPantryItem creates missing ingredients and infers category when absent","invocations":1,"location":null,"numPassingAsserts":3,"retryReasons":[],"status":"passed","title":"creates missing ingredients and infers category when absent"},{"ancestorTitles":["pantryService","updatePantryItem"],"duration":0,"failureDetails":[],"failureMessages":[],"fullName":"pantryService updatePantryItem updates existing item and returns mapped data","invocations":1,"location":null,"numPassingAsserts":2,"retryReasons":[],"status":"passed","title":"updates existing item and returns mapped data"},{"ancestorTitles":["pantryService","deletePantryItem"],"duration":1,"failureDetails":[],"failureMessages":[],"fullName":"pantryService deletePantryItem performs delete with user constraint","invocations":1,"location":null,"numPassingAsserts":2,"retryReasons":[],"status":"passed","title":"performs delete with user constraint"}],"endTime":1760326506796,"message":"","name":"/Users/santiagobalosky/Downloads/A comerla HECHA POR MI/src/features/pantry/pantryService.test.ts","startTime":1760326506760,"status":"passed","summary":""},{"assertionResults":[{"ancestorTitles":["planningService","getPlannedMeals"],"duration":2,"failureDetails":[],"failureMessages":[],"fullName":"planningService getPlannedMeals returns meals in range","invocations":1,"location":null,"numPassingAsserts":2,"retryReasons":[],"status":"passed","title":"returns meals in range"},{"ancestorTitles":["planningService","upsertPlannedMeal"],"duration":1,"failureDetails":[],"failureMessages":[],"fullName":"planningService upsertPlannedMeal inserts when no existingMealId provided","invocations":1,"location":null,"numPassingAsserts":2,"retryReasons":[],"status":"passed","title":"inserts when no existingMealId provided"},{"ancestorTitles":["planningService","upsertPlannedMeal"],"duration":0,"failureDetails":[],"failureMessages":[],"fullName":"planningService upsertPlannedMeal updates when existingMealId provided","invocations":1,"location":null,"numPassingAsserts":1,"retryReasons":[],"status":"passed","title":"updates when existingMealId provided"},{"ancestorTitles":["planningService","deletePlannedMeal"],"duration":0,"failureDetails":[],"failureMessages":[],"fullName":"planningService deletePlannedMeal removes entry by id","invocations":1,"location":null,"numPassingAsserts":1,"retryReasons":[],"status":"passed","title":"removes entry by id"},{"ancestorTitles":["planningService","deletePlannedMealsInRange"],"duration":0,"failureDetails":[],"failureMessages":[],"fullName":"planningService deletePlannedMealsInRange deletes entries between dates","invocations":1,"location":null,"numPassingAsserts":1,"retryReasons":[],"status":"passed","title":"deletes entries between dates"}],"endTime":1760326506840,"message":"","name":"/Users/santiagobalosky/Downloads/A comerla HECHA POR MI/src/features/planning/planningService.test.ts","startTime":1760326506802,"status":"passed","summary":""},{"assertionResults":[{"ancestorTitles":["useShoppingListStore"],"duration":1,"failureDetails":[],"failureMessages":[],"fullName":"useShoppingListStore fetchItems should update state on success","invocations":1,"location":null,"numPassingAsserts":4,"retryReasons":[],"status":"passed","title":"fetchItems should update state on success"},{"ancestorTitles":["useShoppingListStore"],"duration":5,"failureDetails":[],"failureMessages":[],"fullName":"useShoppingListStore fetchItems should set error state on failure","invocations":1,"location":null,"numPassingAsserts":3,"retryReasons":[],"status":"passed","title":"fetchItems should set error state on failure"},{"ancestorTitles":["useShoppingListStore"],"duration":0,"failureDetails":[],"failureMessages":[],"fullName":"useShoppingListStore fetchItems should not fetch if already loading","invocations":1,"location":null,"numPassingAsserts":1,"retryReasons":[],"status":"passed","title":"fetchItems should not fetch if already loading"},{"ancestorTitles":["useShoppingListStore"],"duration":0,"failureDetails":[],"failureMessages":[],"fullName":"useShoppingListStore addItem should add an item and update state, maintaining sort order","invocations":1,"location":null,"numPassingAsserts":3,"retryReasons":[],"status":"passed","title":"addItem should add an item and update state, maintaining sort order"},{"ancestorTitles":["useShoppingListStore"],"duration":0,"failureDetails":[],"failureMessages":[],"fullName":"useShoppingListStore addItem should return null on failure","invocations":1,"location":null,"numPassingAsserts":2,"retryReasons":[],"status":"passed","title":"addItem should return null on failure"},{"ancestorTitles":["useShoppingListStore"],"duration":1,"failureDetails":[],"failureMessages":[],"fullName":"useShoppingListStore updateItem should update an item in state (optimistic) and maintain sort order","invocations":1,"location":null,"numPassingAsserts":3,"retryReasons":[],"status":"passed","title":"updateItem should update an item in state (optimistic) and maintain sort order"},{"ancestorTitles":["useShoppingListStore"],"duration":0,"failureDetails":[],"failureMessages":[],"fullName":"useShoppingListStore updateItem should revert state on failure","invocations":1,"location":null,"numPassingAsserts":2,"retryReasons":[],"status":"passed","title":"updateItem should revert state on failure"},{"ancestorTitles":["useShoppingListStore"],"duration":0,"failureDetails":[],"failureMessages":[],"fullName":"useShoppingListStore deleteItem should remove item from state (optimistic)","invocations":1,"location":null,"numPassingAsserts":3,"retryReasons":[],"status":"passed","title":"deleteItem should remove item from state (optimistic)"},{"ancestorTitles":["useShoppingListStore"],"duration":1,"failureDetails":[],"failureMessages":[],"fullName":"useShoppingListStore deleteItem should revert state on failure","invocations":1,"location":null,"numPassingAsserts":2,"retryReasons":[],"status":"passed","title":"deleteItem should revert state on failure"},{"ancestorTitles":["useShoppingListStore"],"duration":0,"failureDetails":[],"failureMessages":[],"fullName":"useShoppingListStore clearPurchased should remove purchased items from state (optimistic)","invocations":1,"location":null,"numPassingAsserts":3,"retryReasons":[],"status":"passed","title":"clearPurchased should remove purchased items from state (optimistic)"},{"ancestorTitles":["useShoppingListStore"],"duration":1,"failureDetails":[],"failureMessages":[],"fullName":"useShoppingListStore clearPurchased should revert state on failure","invocations":1,"location":null,"numPassingAsserts":2,"retryReasons":[],"status":"passed","title":"clearPurchased should revert state on failure"}],"endTime":1760326506906,"message":"","name":"/Users/santiagobalosky/Downloads/A comerla HECHA POR MI/src/stores/shoppingListStore.test.ts","startTime":1760326506847,"status":"passed","summary":""},{"assertionResults":[{"ancestorTitles":["PreferencesService","getUserPreferences"],"duration":1,"failureDetails":[],"failureMessages":[],"fullName":"PreferencesService getUserPreferences returns mapped preferences from Supabase","invocations":1,"location":null,"numPassingAsserts":3,"retryReasons":[],"status":"passed","title":"returns mapped preferences from Supabase"},{"ancestorTitles":["PreferencesService","getUserPreferences"],"duration":5,"failureDetails":[],"failureMessages":[],"fullName":"PreferencesService getUserPreferences returns defaults on Supabase error","invocations":1,"location":null,"numPassingAsserts":1,"retryReasons":[],"status":"passed","title":"returns defaults on Supabase error"},{"ancestorTitles":["PreferencesService","updatePreferences"],"duration":3,"failureDetails":[],"failureMessages":[],"fullName":"PreferencesService updatePreferences normalizes updates and refreshes cache","invocations":1,"location":null,"numPassingAsserts":3,"retryReasons":[],"status":"passed","title":"normalizes updates and refreshes cache"},{"ancestorTitles":["PreferencesService","updatePreferences"],"duration":0,"failureDetails":[],"failureMessages":[],"fullName":"PreferencesService updatePreferences returns current preferences when no valid payload provided","invocations":1,"location":null,"numPassingAsserts":1,"retryReasons":[],"status":"passed","title":"returns current preferences when no valid payload provided"},{"ancestorTitles":["PreferencesService","resetPreferences"],"duration":0,"failureDetails":[],"failureMessages":[],"fullName":"PreferencesService resetPreferences resets stored preferences to defaults","invocations":1,"location":null,"numPassingAsserts":2,"retryReasons":[],"status":"passed","title":"resets stored preferences to defaults"}],"endTime":1760326506955,"message":"","name":"/Users/santiagobalosky/Downloads/A comerla HECHA POR MI/src/features/user/services/PreferencesService.test.ts","startTime":1760326506912,"status":"passed","summary":""},{"assertionResults":[{"ancestorTitles":["pantryParser","parsePantryInput"],"duration":1,"failureDetails":[],"failureMessages":[],"fullName":"pantryParser parsePantryInput should parse \"Cantidad Unidad Nombre\"","invocations":1,"location":null,"numPassingAsserts":5,"retryReasons":[],"status":"passed","title":"should parse \"Cantidad Unidad Nombre\""},{"ancestorTitles":["pantryParser","parsePantryInput"],"duration":1,"failureDetails":[],"failureMessages":[],"fullName":"pantryParser parsePantryInput should parse \"CantidadDecimal Unidad Nombre\"","invocations":1,"location":null,"numPassingAsserts":4,"retryReasons":[],"status":"passed","title":"should parse \"CantidadDecimal Unidad Nombre\""},{"ancestorTitles":["pantryParser","parsePantryInput"],"duration":0,"failureDetails":[],"failureMessages":[],"fullName":"pantryParser parsePantryInput should parse \"Cantidad Unidad y medio Nombre\"","invocations":1,"location":null,"numPassingAsserts":4,"retryReasons":[],"status":"passed","title":"should parse \"Cantidad Unidad y medio Nombre\""},{"ancestorTitles":["pantryParser","parsePantryInput"],"duration":0,"failureDetails":[],"failureMessages":[],"fullName":"pantryParser parsePantryInput should parse \"Nombre Cantidad Unidad\"","invocations":1,"location":null,"numPassingAsserts":4,"retryReasons":[],"status":"passed","title":"should parse \"Nombre Cantidad Unidad\""},{"ancestorTitles":["pantryParser","parsePantryInput"],"duration":0,"failureDetails":[],"failureMessages":[],"fullName":"pantryParser parsePantryInput should parse \"Nombre CantidadDecimal Unidad\"","invocations":1,"location":null,"numPassingAsserts":4,"retryReasons":[],"status":"passed","title":"should parse \"Nombre CantidadDecimal Unidad\""},{"ancestorTitles":["pantryParser","parsePantryInput"],"duration":1,"failureDetails":[],"failureMessages":[],"fullName":"pantryParser parsePantryInput should parse \"Cantidad Nombre\" (sin unidad)","invocations":1,"location":null,"numPassingAsserts":4,"retryReasons":[],"status":"passed","title":"should parse \"Cantidad Nombre\" (sin unidad)"},{"ancestorTitles":["pantryParser","parsePantryInput"],"duration":0,"failureDetails":[],"failureMessages":[],"fullName":"pantryParser parsePantryInput should parse \"CantidadDecimal Nombre\" (sin unidad)","invocations":1,"location":null,"numPassingAsserts":4,"retryReasons":[],"status":"passed","title":"should parse \"CantidadDecimal Nombre\" (sin unidad)"},{"ancestorTitles":["pantryParser","parsePantryInput"],"duration":1,"failureDetails":[],"failureMessages":[],"fullName":"pantryParser parsePantryInput should parse \"NumeroTexto Nombre\"","invocations":1,"location":null,"numPassingAsserts":4,"retryReasons":[],"status":"passed","title":"should parse \"NumeroTexto Nombre\""},{"ancestorTitles":["pantryParser","parsePantryInput"],"duration":0,"failureDetails":[],"failureMessages":[],"fullName":"pantryParser parsePantryInput should parse \"NumeroTexto Fraccion Nombre\"","invocations":1,"location":null,"numPassingAsserts":4,"retryReasons":[],"status":"passed","title":"should parse \"NumeroTexto Fraccion Nombre\""},{"ancestorTitles":["pantryParser","parsePantryInput"],"duration":0,"failureDetails":[],"failureMessages":[],"fullName":"pantryParser parsePantryInput should parse \"NumeroTexto Unidad Nombre\"","invocations":1,"location":null,"numPassingAsserts":4,"retryReasons":[],"status":"passed","title":"should parse \"NumeroTexto Unidad Nombre\""},{"ancestorTitles":["pantryParser","parsePantryInput"],"duration":1,"failureDetails":[],"failureMessages":[],"fullName":"pantryParser parsePantryInput should parse \"Unidad de Nombre\"","invocations":1,"location":null,"numPassingAsserts":4,"retryReasons":[],"status":"passed","title":"should parse \"Unidad de Nombre\""},{"ancestorTitles":["pantryParser","parsePantryInput"],"duration":1,"failureDetails":[],"failureMessages":[],"fullName":"pantryParser parsePantryInput should use fallback for \"Solo Nombre\"","invocations":1,"location":null,"numPassingAsserts":5,"retryReasons":[],"status":"passed","title":"should use fallback for \"Solo Nombre\""},{"ancestorTitles":["pantryParser","parsePantryInput"],"duration":0,"failureDetails":[],"failureMessages":[],"fullName":"pantryParser parsePantryInput should handle extra spaces","invocations":1,"location":null,"numPassingAsserts":4,"retryReasons":[],"status":"passed","title":"should handle extra spaces"},{"ancestorTitles":["pantryParser","parsePantryInput"],"duration":0,"failureDetails":[],"failureMessages":[],"fullName":"pantryParser parsePantryInput should handle case insensitivity for units","invocations":1,"location":null,"numPassingAsserts":4,"retryReasons":[],"status":"passed","title":"should handle case insensitivity for units"},{"ancestorTitles":["pantryParser","parsePantryInput"],"duration":0,"failureDetails":[],"failureMessages":[],"fullName":"pantryParser parsePantryInput should handle case insensitivity for text numbers","invocations":1,"location":null,"numPassingAsserts":4,"retryReasons":[],"status":"passed","title":"should handle case insensitivity for text numbers"},{"ancestorTitles":["pantryParser","parsePantryInput"],"duration":0,"failureDetails":[],"failureMessages":[],"fullName":"pantryParser parsePantryInput should return error for empty input","invocations":1,"location":null,"numPassingAsserts":2,"retryReasons":[],"status":"passed","title":"should return error for empty input"},{"ancestorTitles":["pantryParser","parsePantryInput"],"duration":0,"failureDetails":[],"failureMessages":[],"fullName":"pantryParser parsePantryInput should return error for unparseable input","invocations":1,"location":null,"numPassingAsserts":2,"retryReasons":[],"status":"passed","title":"should return error for unparseable input"},{"ancestorTitles":["pantryParser","parsePantryInput"],"duration":1,"failureDetails":[],"failureMessages":[],"fullName":"pantryParser parsePantryInput should use fallback for only number (current behavior)","invocations":1,"location":null,"numPassingAsserts":3,"retryReasons":[],"status":"passed","title":"should use fallback for only number (current behavior)"},{"ancestorTitles":["pantryParser","normalizeUnit"],"duration":0,"failureDetails":[],"failureMessages":[],"fullName":"pantryParser normalizeUnit should normalize common units","invocations":1,"location":null,"numPassingAsserts":7,"retryReasons":[],"status":"passed","title":"should normalize common units"},{"ancestorTitles":["pantryParser","normalizeUnit"],"duration":0,"failureDetails":[],"failureMessages":[],"fullName":"pantryParser normalizeUnit should return lowercase unit if not in map","invocations":1,"location":null,"numPassingAsserts":2,"retryReasons":[],"status":"passed","title":"should return lowercase unit if not in map"},{"ancestorTitles":["pantryParser","normalizeUnit"],"duration":0,"failureDetails":[],"failureMessages":[],"fullName":"pantryParser normalizeUnit should return null for null input","invocations":1,"location":null,"numPassingAsserts":1,"retryReasons":[],"status":"passed","title":"should return null for null input"}],"endTime":1760326506999,"message":"","name":"/Users/santiagobalosky/Downloads/A comerla HECHA POR MI/src/features/pantry/lib/__tests__/pantryParser.test.ts","startTime":1760326506960,"status":"passed","summary":""},{"assertionResults":[{"ancestorTitles":["parseShoppingInput"],"duration":0,"failureDetails":[],"failureMessages":[],"fullName":"parseShoppingInput debería parsear solo nombre","invocations":1,"location":null,"numPassingAsserts":2,"retryReasons":[],"status":"passed","title":"debería parsear solo nombre"},{"ancestorTitles":["parseShoppingInput"],"duration":1,"failureDetails":[],"failureMessages":[],"fullName":"parseShoppingInput debería parsear cantidad numérica y nombre","invocations":1,"location":null,"numPassingAsserts":2,"retryReasons":[],"status":"passed","title":"debería parsear cantidad numérica y nombre"},{"ancestorTitles":["parseShoppingInput"],"duration":0,"failureDetails":[],"failureMessages":[],"fullName":"parseShoppingInput debería parsear cantidad decimal y nombre","invocations":1,"location":null,"numPassingAsserts":1,"retryReasons":[],"status":"passed","title":"debería parsear cantidad decimal y nombre"},{"ancestorTitles":["parseShoppingInput"],"duration":0,"failureDetails":[],"failureMessages":[],"fullName":"parseShoppingInput debería parsear cantidad en palabra y nombre","invocations":1,"location":null,"numPassingAsserts":3,"retryReasons":[],"status":"passed","title":"debería parsear cantidad en palabra y nombre"},{"ancestorTitles":["parseShoppingInput"],"duration":0,"failureDetails":[],"failureMessages":[],"fullName":"parseShoppingInput debería parsear cantidad, unidad y nombre","invocations":1,"location":null,"numPassingAsserts":4,"retryReasons":[],"status":"passed","title":"debería parsear cantidad, unidad y nombre"},{"ancestorTitles":["parseShoppingInput"],"duration":0,"failureDetails":[],"failureMessages":[],"fullName":"parseShoppingInput debería parsear cantidad, unidad \"de\" y nombre","invocations":1,"location":null,"numPassingAsserts":3,"retryReasons":[],"status":"passed","title":"debería parsear cantidad, unidad \"de\" y nombre"},{"ancestorTitles":["parseShoppingInput"],"duration":2,"failureDetails":[],"failureMessages":[],"fullName":"parseShoppingInput debería normalizar unidades comunes","invocations":1,"location":null,"numPassingAsserts":4,"retryReasons":[],"status":"passed","title":"debería normalizar unidades comunes"},{"ancestorTitles":["parseShoppingInput"],"duration":0,"failureDetails":[],"failureMessages":[],"fullName":"parseShoppingInput debería manejar espacios extra y capitalización","invocations":1,"location":null,"numPassingAsserts":2,"retryReasons":[],"status":"passed","title":"debería manejar espacios extra y capitalización"},{"ancestorTitles":["parseShoppingInput"],"duration":0,"failureDetails":[],"failureMessages":[],"fullName":"parseShoppingInput debería devolver el input original si no puede parsear nombre","invocations":1,"location":null,"numPassingAsserts":2,"retryReasons":[],"status":"passed","title":"debería devolver el input original si no puede parsear nombre"},{"ancestorTitles":["parseShoppingInput"],"duration":1,"failureDetails":[],"failureMessages":[],"fullName":"parseShoppingInput no debería confundir palabras que parecen números/unidades en el nombre","invocations":1,"location":null,"numPassingAsserts":2,"retryReasons":[],"status":"passed","title":"no debería confundir palabras que parecen números/unidades en el nombre"}],"endTime":1760326507037,"message":"","name":"/Users/santiagobalosky/Downloads/A comerla HECHA POR MI/src/features/shopping-list/lib/__tests__/inputParser.test.ts","startTime":1760326507004,"status":"passed","summary":""},{"assertionResults":[{"ancestorTitles":["categorySuggestor"],"duration":1,"failureDetails":[],"failureMessages":[],"fullName":"categorySuggestor returns null when item name is empty","invocations":1,"location":null,"numPassingAsserts":2,"retryReasons":[],"status":"passed","title":"returns null when item name is empty"},{"ancestorTitles":["categorySuggestor"],"duration":1,"failureDetails":[],"failureMessages":[],"fullName":"categorySuggestor delegates to inferCategory for non-empty names","invocations":1,"location":null,"numPassingAsserts":2,"retryReasons":[],"status":"passed","title":"delegates to inferCategory for non-empty names"},{"ancestorTitles":["categorySuggestor"],"duration":2,"failureDetails":[],"failureMessages":[],"fullName":"categorySuggestor returns null when inference throws","invocations":1,"location":null,"numPassingAsserts":1,"retryReasons":[],"status":"passed","title":"returns null when inference throws"}],"endTime":1760326507073,"message":"","name":"/Users/santiagobalosky/Downloads/A comerla HECHA POR MI/src/features/pantry/lib/__tests__/categorySuggestor.test.ts","startTime":1760326507040,"status":"passed","summary":""}],"wasInterrupted":false}
