{"/Users/santiagobalosky/Downloads/A comerla HECHA POR MI/src/components/ui/badge.tsx": {"path":"/Users/santiagobalosky/Downloads/A comerla HECHA POR MI/src/components/ui/badge.tsx","statementMap":{"0":{"start":{"line":6,"column":22},"end":{"line":24,"column":1}},"1":{"start":{"line":31,"column":2},"end":{"line":33,"column":3}}},"fnMap":{"0":{"name":"Badge","decl":{"start":{"line":30,"column":9},"end":{"line":30,"column":14}},"loc":{"start":{"line":30,"column":61},"end":{"line":34,"column":1}},"line":30}},"branchMap":{},"s":{"0":1,"1":10},"f":{"0":10},"b":{},"_coverageSchema":"1a1c01bbd47fc00a2c39e90264f33305004495a9","hash":"4b864569d86dbd84b15322f1ec3d8e9cfda488a7"}
,"/Users/santiagobalosky/Downloads/A comerla HECHA POR MI/src/components/ui/button.tsx": {"path":"/Users/santiagobalosky/Downloads/A comerla HECHA POR MI/src/components/ui/button.tsx","statementMap":{"0":{"start":{"line":7,"column":23},"end":{"line":37,"column":1}},"1":{"start":{"line":45,"column":15},"end":{"line":56,"column":1}},"2":{"start":{"line":47,"column":17},"end":{"line":47,"column":42}},"3":{"start":{"line":48,"column":4},"end":{"line":54,"column":5}},"4":{"start":{"line":57,"column":0},"end":{"line":57,"column":29}}},"fnMap":{"0":{"name":"(anonymous_0)","decl":{"start":{"line":46,"column":2},"end":{"line":46,"column":3}},"loc":{"start":{"line":46,"column":68},"end":{"line":55,"column":3}},"line":46}},"branchMap":{"0":{"loc":{"start":{"line":46,"column":31},"end":{"line":46,"column":46}},"type":"default-arg","locations":[{"start":{"line":46,"column":41},"end":{"line":46,"column":46}}],"line":46},"1":{"loc":{"start":{"line":47,"column":17},"end":{"line":47,"column":42}},"type":"cond-expr","locations":[{"start":{"line":47,"column":27},"end":{"line":47,"column":31}},{"start":{"line":47,"column":34},"end":{"line":47,"column":42}}],"line":47}},"s":{"0":1,"1":1,"2":85,"3":85,"4":1},"f":{"0":85},"b":{"0":[85],"1":[0,85]},"_coverageSchema":"1a1c01bbd47fc00a2c39e90264f33305004495a9","hash":"10531df2ef4010c4a3cd845807566f7f10497a51"}
,"/Users/santiagobalosky/Downloads/A comerla HECHA POR MI/src/components/ui/dropdown-menu.tsx": {"path":"/Users/santiagobalosky/Downloads/A comerla HECHA POR MI/src/components/ui/dropdown-menu.tsx","statementMap":{"0":{"start":{"line":7,"column":21},"end":{"line":7,"column":47}},"1":{"start":{"line":9,"column":28},"end":{"line":9,"column":57}},"2":{"start":{"line":11,"column":26},"end":{"line":11,"column":53}},"3":{"start":{"line":13,"column":27},"end":{"line":13,"column":55}},"4":{"start":{"line":15,"column":24},"end":{"line":15,"column":49}},"5":{"start":{"line":17,"column":31},"end":{"line":17,"column":63}},"6":{"start":{"line":19,"column":31},"end":{"line":37,"column":2}},"7":{"start":{"line":25,"column":2},"end":{"line":36,"column":37}},"8":{"start":{"line":38,"column":0},"end":{"line":39,"column":46}},"9":{"start":{"line":41,"column":31},"end":{"line":53,"column":2}},"10":{"start":{"line":45,"column":2},"end":{"line":52,"column":4}},"11":{"start":{"line":54,"column":0},"end":{"line":55,"column":46}},"12":{"start":{"line":57,"column":28},"end":{"line":73,"column":2}},"13":{"start":{"line":61,"column":2},"end":{"line":72,"column":33}},"14":{"start":{"line":74,"column":0},"end":{"line":74,"column":75}},"15":{"start":{"line":76,"column":25},"end":{"line":91,"column":2}},"16":{"start":{"line":82,"column":2},"end":{"line":90,"column":4}},"17":{"start":{"line":92,"column":0},"end":{"line":92,"column":69}},"18":{"start":{"line":94,"column":33},"end":{"line":114,"column":2}},"19":{"start":{"line":98,"column":2},"end":{"line":113,"column":39}},"20":{"start":{"line":115,"column":0},"end":{"line":116,"column":48}},"21":{"start":{"line":118,"column":30},"end":{"line":137,"column":2}},"22":{"start":{"line":122,"column":2},"end":{"line":136,"column":36}},"23":{"start":{"line":138,"column":0},"end":{"line":138,"column":79}},"24":{"start":{"line":140,"column":26},"end":{"line":155,"column":2}},"25":{"start":{"line":146,"column":2},"end":{"line":154,"column":4}},"26":{"start":{"line":156,"column":0},"end":{"line":156,"column":71}},"27":{"start":{"line":158,"column":30},"end":{"line":167,"column":2}},"28":{"start":{"line":162,"column":2},"end":{"line":166,"column":4}},"29":{"start":{"line":168,"column":0},"end":{"line":168,"column":79}},"30":{"start":{"line":170,"column":29},"end":{"line":180,"column":1}},"31":{"start":{"line":174,"column":2},"end":{"line":179,"column":3}},"32":{"start":{"line":181,"column":0},"end":{"line":181,"column":57}}},"fnMap":{"0":{"name":"(anonymous_0)","decl":{"start":{"line":24,"column":2},"end":{"line":24,"column":3}},"loc":{"start":{"line":25,"column":2},"end":{"line":36,"column":37}},"line":25},"1":{"name":"(anonymous_1)","decl":{"start":{"line":44,"column":2},"end":{"line":44,"column":3}},"loc":{"start":{"line":45,"column":2},"end":{"line":52,"column":4}},"line":45},"2":{"name":"(anonymous_2)","decl":{"start":{"line":60,"column":2},"end":{"line":60,"column":3}},"loc":{"start":{"line":61,"column":2},"end":{"line":72,"column":33}},"line":61},"3":{"name":"(anonymous_3)","decl":{"start":{"line":81,"column":2},"end":{"line":81,"column":3}},"loc":{"start":{"line":82,"column":2},"end":{"line":90,"column":4}},"line":82},"4":{"name":"(anonymous_4)","decl":{"start":{"line":97,"column":2},"end":{"line":97,"column":3}},"loc":{"start":{"line":98,"column":2},"end":{"line":113,"column":39}},"line":98},"5":{"name":"(anonymous_5)","decl":{"start":{"line":121,"column":2},"end":{"line":121,"column":3}},"loc":{"start":{"line":122,"column":2},"end":{"line":136,"column":36}},"line":122},"6":{"name":"(anonymous_6)","decl":{"start":{"line":145,"column":2},"end":{"line":145,"column":3}},"loc":{"start":{"line":146,"column":2},"end":{"line":154,"column":4}},"line":146},"7":{"name":"(anonymous_7)","decl":{"start":{"line":161,"column":2},"end":{"line":161,"column":3}},"loc":{"start":{"line":162,"column":2},"end":{"line":166,"column":4}},"line":162},"8":{"name":"(anonymous_8)","decl":{"start":{"line":170,"column":29},"end":{"line":170,"column":30}},"loc":{"start":{"line":173,"column":45},"end":{"line":180,"column":1}},"line":173}},"branchMap":{"0":{"loc":{"start":{"line":29,"column":6},"end":{"line":29,"column":21}},"type":"binary-expr","locations":[{"start":{"line":29,"column":6},"end":{"line":29,"column":11}},{"start":{"line":29,"column":15},"end":{"line":29,"column":21}}],"line":29},"1":{"loc":{"start":{"line":60,"column":16},"end":{"line":60,"column":30}},"type":"default-arg","locations":[{"start":{"line":60,"column":29},"end":{"line":60,"column":30}}],"line":60},"2":{"loc":{"start":{"line":86,"column":6},"end":{"line":86,"column":21}},"type":"binary-expr","locations":[{"start":{"line":86,"column":6},"end":{"line":86,"column":11}},{"start":{"line":86,"column":15},"end":{"line":86,"column":21}}],"line":86},"3":{"loc":{"start":{"line":150,"column":6},"end":{"line":150,"column":21}},"type":"binary-expr","locations":[{"start":{"line":150,"column":6},"end":{"line":150,"column":11}},{"start":{"line":150,"column":15},"end":{"line":150,"column":21}}],"line":150}},"s":{"0":1,"1":1,"2":1,"3":1,"4":1,"5":1,"6":1,"7":0,"8":1,"9":1,"10":0,"11":1,"12":1,"13":14,"14":1,"15":1,"16":0,"17":1,"18":1,"19":0,"20":1,"21":1,"22":0,"23":1,"24":1,"25":0,"26":1,"27":1,"28":0,"29":1,"30":1,"31":0,"32":1},"f":{"0":0,"1":0,"2":14,"3":0,"4":0,"5":0,"6":0,"7":0,"8":0},"b":{"0":[0,0],"1":[14],"2":[0,0],"3":[0,0]},"_coverageSchema":"1a1c01bbd47fc00a2c39e90264f33305004495a9","hash":"f16a726e579930cc92f91e46d00a0df031ee1c9b"}
,"/Users/santiagobalosky/Downloads/A comerla HECHA POR MI/src/config/recipeTags.ts": {"path":"/Users/santiagobalosky/Downloads/A comerla HECHA POR MI/src/config/recipeTags.ts","statementMap":{"0":{"start":{"line":21,"column":31},"end":{"line":36,"column":1}},"1":{"start":{"line":22,"column":20},"end":{"line":22,"column":48}},"2":{"start":{"line":23,"column":2},"end":{"line":35,"column":3}},"3":{"start":{"line":24,"column":16},"end":{"line":24,"column":60}},"4":{"start":{"line":25,"column":17},"end":{"line":25,"column":72}},"5":{"start":{"line":26,"column":17},"end":{"line":26,"column":61}},"6":{"start":{"line":27,"column":18},"end":{"line":27,"column":63}},"7":{"start":{"line":28,"column":18},"end":{"line":28,"column":63}},"8":{"start":{"line":29,"column":20},"end":{"line":29,"column":66}},"9":{"start":{"line":30,"column":22},"end":{"line":30,"column":68}},"10":{"start":{"line":31,"column":22},"end":{"line":31,"column":69}},"11":{"start":{"line":32,"column":18},"end":{"line":32,"column":63}},"12":{"start":{"line":33,"column":19},"end":{"line":33,"column":68}},"13":{"start":{"line":34,"column":13},"end":{"line":34,"column":68}},"14":{"start":{"line":37,"column":33},"end":{"line":48,"column":1}},"15":{"start":{"line":51,"column":27},"end":{"line":60,"column":1}},"16":{"start":{"line":63,"column":48},"end":{"line":66,"column":1}},"17":{"start":{"line":64,"column":32},"end":{"line":64,"column":38}},"18":{"start":{"line":82,"column":24},"end":{"line":82,"column":65}},"19":{"start":{"line":82,"column":47},"end":{"line":82,"column":64}},"20":{"start":{"line":84,"column":2},"end":{"line":86,"column":3}},"21":{"start":{"line":85,"column":4},"end":{"line":85,"column":18}},"22":{"start":{"line":87,"column":2},"end":{"line":89,"column":3}},"23":{"start":{"line":88,"column":4},"end":{"line":88,"column":19}},"24":{"start":{"line":90,"column":2},"end":{"line":92,"column":3}},"25":{"start":{"line":91,"column":4},"end":{"line":91,"column":19}},"26":{"start":{"line":93,"column":2},"end":{"line":95,"column":3}},"27":{"start":{"line":94,"column":4},"end":{"line":94,"column":21}},"28":{"start":{"line":96,"column":2},"end":{"line":98,"column":3}},"29":{"start":{"line":97,"column":4},"end":{"line":97,"column":23}},"30":{"start":{"line":99,"column":2},"end":{"line":101,"column":3}},"31":{"start":{"line":100,"column":4},"end":{"line":100,"column":23}},"32":{"start":{"line":102,"column":2},"end":{"line":104,"column":3}},"33":{"start":{"line":103,"column":4},"end":{"line":103,"column":19}},"34":{"start":{"line":105,"column":2},"end":{"line":107,"column":3}},"35":{"start":{"line":106,"column":4},"end":{"line":106,"column":20}},"36":{"start":{"line":110,"column":2},"end":{"line":110,"column":16}}},"fnMap":{"0":{"name":"(anonymous_0)","decl":{"start":{"line":21,"column":31},"end":{"line":21,"column":32}},"loc":{"start":{"line":21,"column":68},"end":{"line":36,"column":1}},"line":21},"1":{"name":"(anonymous_1)","decl":{"start":{"line":64,"column":27},"end":{"line":64,"column":28}},"loc":{"start":{"line":64,"column":32},"end":{"line":64,"column":38}},"line":64},"2":{"name":"determineRecipeCategory","decl":{"start":{"line":77,"column":16},"end":{"line":77,"column":39}},"loc":{"start":{"line":81,"column":11},"end":{"line":111,"column":1}},"line":81},"3":{"name":"(anonymous_3)","decl":{"start":{"line":82,"column":40},"end":{"line":82,"column":41}},"loc":{"start":{"line":82,"column":47},"end":{"line":82,"column":64}},"line":82}},"branchMap":{"0":{"loc":{"start":{"line":23,"column":2},"end":{"line":35,"column":3}},"type":"switch","locations":[{"start":{"line":24,"column":4},"end":{"line":24,"column":60}},{"start":{"line":25,"column":4},"end":{"line":25,"column":72}},{"start":{"line":26,"column":4},"end":{"line":26,"column":61}},{"start":{"line":27,"column":4},"end":{"line":27,"column":63}},{"start":{"line":28,"column":4},"end":{"line":28,"column":63}},{"start":{"line":29,"column":4},"end":{"line":29,"column":66}},{"start":{"line":30,"column":4},"end":{"line":30,"column":68}},{"start":{"line":31,"column":4},"end":{"line":31,"column":69}},{"start":{"line":32,"column":4},"end":{"line":32,"column":63}},{"start":{"line":33,"column":4},"end":{"line":33,"column":68}},{"start":{"line":34,"column":4},"end":{"line":34,"column":68}}],"line":23},"1":{"loc":{"start":{"line":84,"column":2},"end":{"line":86,"column":3}},"type":"if","locations":[{"start":{"line":84,"column":2},"end":{"line":86,"column":3}},{"start":{},"end":{}}],"line":84},"2":{"loc":{"start":{"line":84,"column":6},"end":{"line":84,"column":71}},"type":"binary-expr","locations":[{"start":{"line":84,"column":6},"end":{"line":84,"column":36}},{"start":{"line":84,"column":40},"end":{"line":84,"column":71}}],"line":84},"3":{"loc":{"start":{"line":87,"column":2},"end":{"line":89,"column":3}},"type":"if","locations":[{"start":{"line":87,"column":2},"end":{"line":89,"column":3}},{"start":{},"end":{}}],"line":87},"4":{"loc":{"start":{"line":87,"column":6},"end":{"line":87,"column":81}},"type":"binary-expr","locations":[{"start":{"line":87,"column":6},"end":{"line":87,"column":40}},{"start":{"line":87,"column":44},"end":{"line":87,"column":81}}],"line":87},"5":{"loc":{"start":{"line":90,"column":2},"end":{"line":92,"column":3}},"type":"if","locations":[{"start":{"line":90,"column":2},"end":{"line":92,"column":3}},{"start":{},"end":{}}],"line":90},"6":{"loc":{"start":{"line":90,"column":6},"end":{"line":90,"column":75}},"type":"binary-expr","locations":[{"start":{"line":90,"column":6},"end":{"line":90,"column":37}},{"start":{"line":90,"column":41},"end":{"line":90,"column":75}}],"line":90},"7":{"loc":{"start":{"line":93,"column":2},"end":{"line":95,"column":3}},"type":"if","locations":[{"start":{"line":93,"column":2},"end":{"line":95,"column":3}},{"start":{},"end":{}}],"line":93},"8":{"loc":{"start":{"line":93,"column":6},"end":{"line":93,"column":73}},"type":"binary-expr","locations":[{"start":{"line":93,"column":6},"end":{"line":93,"column":38}},{"start":{"line":93,"column":42},"end":{"line":93,"column":73}}],"line":93},"9":{"loc":{"start":{"line":96,"column":2},"end":{"line":98,"column":3}},"type":"if","locations":[{"start":{"line":96,"column":2},"end":{"line":98,"column":3}},{"start":{},"end":{}}],"line":96},"10":{"loc":{"start":{"line":96,"column":6},"end":{"line":96,"column":76}},"type":"binary-expr","locations":[{"start":{"line":96,"column":6},"end":{"line":96,"column":40}},{"start":{"line":96,"column":44},"end":{"line":96,"column":76}}],"line":96},"11":{"loc":{"start":{"line":99,"column":2},"end":{"line":101,"column":3}},"type":"if","locations":[{"start":{"line":99,"column":2},"end":{"line":101,"column":3}},{"start":{},"end":{}}],"line":99},"12":{"loc":{"start":{"line":99,"column":6},"end":{"line":99,"column":78}},"type":"binary-expr","locations":[{"start":{"line":99,"column":6},"end":{"line":99,"column":39}},{"start":{"line":99,"column":43},"end":{"line":99,"column":78}}],"line":99},"13":{"loc":{"start":{"line":102,"column":2},"end":{"line":104,"column":3}},"type":"if","locations":[{"start":{"line":102,"column":2},"end":{"line":104,"column":3}},{"start":{},"end":{}}],"line":102},"14":{"loc":{"start":{"line":102,"column":6},"end":{"line":102,"column":86}},"type":"binary-expr","locations":[{"start":{"line":102,"column":6},"end":{"line":102,"column":42}},{"start":{"line":102,"column":46},"end":{"line":102,"column":86}}],"line":102},"15":{"loc":{"start":{"line":105,"column":2},"end":{"line":107,"column":3}},"type":"if","locations":[{"start":{"line":105,"column":2},"end":{"line":107,"column":3}},{"start":{},"end":{}}],"line":105},"16":{"loc":{"start":{"line":105,"column":6},"end":{"line":105,"column":76}},"type":"binary-expr","locations":[{"start":{"line":105,"column":6},"end":{"line":105,"column":41}},{"start":{"line":105,"column":45},"end":{"line":105,"column":76}}],"line":105}},"s":{"0":2,"1":0,"2":0,"3":0,"4":0,"5":0,"6":0,"7":0,"8":0,"9":0,"10":0,"11":0,"12":0,"13":0,"14":2,"15":2,"16":2,"17":20,"18":0,"19":0,"20":0,"21":0,"22":0,"23":0,"24":0,"25":0,"26":0,"27":0,"28":0,"29":0,"30":0,"31":0,"32":0,"33":0,"34":0,"35":0,"36":0},"f":{"0":0,"1":20,"2":0,"3":0},"b":{"0":[0,0,0,0,0,0,0,0,0,0,0],"1":[0,0],"2":[0,0],"3":[0,0],"4":[0,0],"5":[0,0],"6":[0,0],"7":[0,0],"8":[0,0],"9":[0,0],"10":[0,0],"11":[0,0],"12":[0,0],"13":[0,0],"14":[0,0],"15":[0,0],"16":[0,0]},"_coverageSchema":"1a1c01bbd47fc00a2c39e90264f33305004495a9","hash":"fa433ab2b39bc25dbec8e4fdc8683578e295d96d"}
,"/Users/santiagobalosky/Downloads/A comerla HECHA POR MI/src/features/ingredients/ingredientService.ts": {"path":"/Users/santiagobalosky/Downloads/A comerla HECHA POR MI/src/features/ingredients/ingredientService.ts","statementMap":{"0":{"start":{"line":5,"column":41},"end":{"line":12,"column":1}},"1":{"start":{"line":15,"column":43},"end":{"line":21,"column":1}},"2":{"start":{"line":25,"column":19},"end":{"line":25,"column":32}},"3":{"start":{"line":33,"column":33},"end":{"line":50,"column":1}},"4":{"start":{"line":34,"column":2},"end":{"line":36,"column":3}},"5":{"start":{"line":35,"column":4},"end":{"line":35,"column":14}},"6":{"start":{"line":38,"column":26},"end":{"line":42,"column":17}},"7":{"start":{"line":44,"column":2},"end":{"line":47,"column":3}},"8":{"start":{"line":45,"column":4},"end":{"line":45,"column":57}},"9":{"start":{"line":46,"column":4},"end":{"line":46,"column":14}},"10":{"start":{"line":49,"column":2},"end":{"line":49,"column":20}},"11":{"start":{"line":57,"column":34},"end":{"line":72,"column":1}},"12":{"start":{"line":58,"column":26},"end":{"line":62,"column":13}},"13":{"start":{"line":64,"column":2},"end":{"line":67,"column":3}},"14":{"start":{"line":65,"column":4},"end":{"line":65,"column":54}},"15":{"start":{"line":66,"column":4},"end":{"line":66,"column":16}},"16":{"start":{"line":71,"column":2},"end":{"line":71,"column":50}},"17":{"start":{"line":79,"column":25},"end":{"line":98,"column":1}},"18":{"start":{"line":80,"column":29},"end":{"line":80,"column":58}},"19":{"start":{"line":81,"column":2},"end":{"line":81,"column":55}},"20":{"start":{"line":81,"column":13},"end":{"line":81,"column":55}},"21":{"start":{"line":83,"column":26},"end":{"line":90,"column":13}},"22":{"start":{"line":92,"column":2},"end":{"line":95,"column":3}},"23":{"start":{"line":93,"column":4},"end":{"line":93,"column":55}},"24":{"start":{"line":94,"column":4},"end":{"line":94,"column":16}},"25":{"start":{"line":97,"column":2},"end":{"line":97,"column":14}},"26":{"start":{"line":101,"column":4},"end":{"line":105,"column":5}},"27":{"start":{"line":102,"column":8},"end":{"line":104,"column":9}},"28":{"start":{"line":103,"column":12},"end":{"line":103,"column":54}},"29":{"start":{"line":106,"column":4},"end":{"line":106,"column":16}},"30":{"start":{"line":110,"column":4},"end":{"line":114,"column":5}},"31":{"start":{"line":111,"column":8},"end":{"line":113,"column":9}},"32":{"start":{"line":112,"column":12},"end":{"line":112,"column":54}},"33":{"start":{"line":115,"column":4},"end":{"line":115,"column":16}},"34":{"start":{"line":125,"column":20},"end":{"line":125,"column":31}},"35":{"start":{"line":126,"column":4},"end":{"line":126,"column":28}},"36":{"start":{"line":126,"column":18},"end":{"line":126,"column":28}},"37":{"start":{"line":129,"column":21},"end":{"line":129,"column":54}},"38":{"start":{"line":132,"column":24},"end":{"line":135,"column":18}},"39":{"start":{"line":134,"column":21},"end":{"line":134,"column":65}},"40":{"start":{"line":138,"column":4},"end":{"line":138,"column":64}},"41":{"start":{"line":147,"column":38},"end":{"line":166,"column":1}},"42":{"start":{"line":148,"column":25},"end":{"line":148,"column":64}},"43":{"start":{"line":149,"column":2},"end":{"line":151,"column":3}},"44":{"start":{"line":150,"column":6},"end":{"line":150,"column":73}},"45":{"start":{"line":152,"column":2},"end":{"line":152,"column":103}},"46":{"start":{"line":155,"column":29},"end":{"line":155,"column":76}},"47":{"start":{"line":156,"column":2},"end":{"line":159,"column":3}},"48":{"start":{"line":157,"column":4},"end":{"line":157,"column":68}},"49":{"start":{"line":158,"column":4},"end":{"line":158,"column":30}},"50":{"start":{"line":161,"column":2},"end":{"line":161,"column":64}},"51":{"start":{"line":163,"column":24},"end":{"line":163,"column":62}},"52":{"start":{"line":164,"column":2},"end":{"line":164,"column":57}},"53":{"start":{"line":165,"column":2},"end":{"line":165,"column":23}}},"fnMap":{"0":{"name":"(anonymous_0)","decl":{"start":{"line":33,"column":33},"end":{"line":33,"column":34}},"loc":{"start":{"line":33,"column":101},"end":{"line":50,"column":1}},"line":33},"1":{"name":"(anonymous_1)","decl":{"start":{"line":57,"column":34},"end":{"line":57,"column":35}},"loc":{"start":{"line":57,"column":86},"end":{"line":72,"column":1}},"line":57},"2":{"name":"(anonymous_2)","decl":{"start":{"line":79,"column":25},"end":{"line":79,"column":26}},"loc":{"start":{"line":79,"column":70},"end":{"line":98,"column":1}},"line":79},"3":{"name":"toSingular","decl":{"start":{"line":100,"column":9},"end":{"line":100,"column":19}},"loc":{"start":{"line":100,"column":42},"end":{"line":107,"column":1}},"line":100},"4":{"name":"toPlural","decl":{"start":{"line":109,"column":9},"end":{"line":109,"column":17}},"loc":{"start":{"line":109,"column":40},"end":{"line":116,"column":1}},"line":109},"5":{"name":"normalizeIngredientName","decl":{"start":{"line":124,"column":16},"end":{"line":124,"column":39}},"loc":{"start":{"line":124,"column":84},"end":{"line":139,"column":1}},"line":124},"6":{"name":"(anonymous_6)","decl":{"start":{"line":134,"column":13},"end":{"line":134,"column":14}},"loc":{"start":{"line":134,"column":21},"end":{"line":134,"column":65}},"line":134},"7":{"name":"(anonymous_7)","decl":{"start":{"line":147,"column":38},"end":{"line":147,"column":39}},"loc":{"start":{"line":147,"column":105},"end":{"line":166,"column":1}},"line":147}},"branchMap":{"0":{"loc":{"start":{"line":33,"column":55},"end":{"line":33,"column":73}},"type":"default-arg","locations":[{"start":{"line":33,"column":71},"end":{"line":33,"column":73}}],"line":33},"1":{"loc":{"start":{"line":34,"column":2},"end":{"line":36,"column":3}},"type":"if","locations":[{"start":{"line":34,"column":2},"end":{"line":36,"column":3}},{"start":{},"end":{}}],"line":34},"2":{"loc":{"start":{"line":34,"column":6},"end":{"line":34,"column":32}},"type":"binary-expr","locations":[{"start":{"line":34,"column":6},"end":{"line":34,"column":12}},{"start":{"line":34,"column":16},"end":{"line":34,"column":32}}],"line":34},"3":{"loc":{"start":{"line":44,"column":2},"end":{"line":47,"column":3}},"type":"if","locations":[{"start":{"line":44,"column":2},"end":{"line":47,"column":3}},{"start":{},"end":{}}],"line":44},"4":{"loc":{"start":{"line":49,"column":9},"end":{"line":49,"column":19}},"type":"binary-expr","locations":[{"start":{"line":49,"column":9},"end":{"line":49,"column":13}},{"start":{"line":49,"column":17},"end":{"line":49,"column":19}}],"line":49},"5":{"loc":{"start":{"line":64,"column":2},"end":{"line":67,"column":3}},"type":"if","locations":[{"start":{"line":64,"column":2},"end":{"line":67,"column":3}},{"start":{},"end":{}}],"line":64},"6":{"loc":{"start":{"line":71,"column":9},"end":{"line":71,"column":49}},"type":"cond-expr","locations":[{"start":{"line":71,"column":35},"end":{"line":71,"column":42}},{"start":{"line":71,"column":45},"end":{"line":71,"column":49}}],"line":71},"7":{"loc":{"start":{"line":71,"column":9},"end":{"line":71,"column":32}},"type":"binary-expr","locations":[{"start":{"line":71,"column":9},"end":{"line":71,"column":13}},{"start":{"line":71,"column":17},"end":{"line":71,"column":32}}],"line":71},"8":{"loc":{"start":{"line":81,"column":2},"end":{"line":81,"column":55}},"type":"if","locations":[{"start":{"line":81,"column":2},"end":{"line":81,"column":55}},{"start":{},"end":{}}],"line":81},"9":{"loc":{"start":{"line":92,"column":2},"end":{"line":95,"column":3}},"type":"if","locations":[{"start":{"line":92,"column":2},"end":{"line":95,"column":3}},{"start":{},"end":{}}],"line":92},"10":{"loc":{"start":{"line":102,"column":8},"end":{"line":104,"column":9}},"type":"if","locations":[{"start":{"line":102,"column":8},"end":{"line":104,"column":9}},{"start":{},"end":{}}],"line":102},"11":{"loc":{"start":{"line":111,"column":8},"end":{"line":113,"column":9}},"type":"if","locations":[{"start":{"line":111,"column":8},"end":{"line":113,"column":9}},{"start":{},"end":{}}],"line":111},"12":{"loc":{"start":{"line":124,"column":54},"end":{"line":124,"column":74}},"type":"default-arg","locations":[{"start":{"line":124,"column":73},"end":{"line":124,"column":74}}],"line":124},"13":{"loc":{"start":{"line":126,"column":4},"end":{"line":126,"column":28}},"type":"if","locations":[{"start":{"line":126,"column":4},"end":{"line":126,"column":28}},{"start":{},"end":{}}],"line":126},"14":{"loc":{"start":{"line":138,"column":11},"end":{"line":138,"column":63}},"type":"cond-expr","locations":[{"start":{"line":138,"column":28},"end":{"line":138,"column":39}},{"start":{"line":138,"column":42},"end":{"line":138,"column":63}}],"line":138},"15":{"loc":{"start":{"line":147,"column":59},"end":{"line":147,"column":79}},"type":"default-arg","locations":[{"start":{"line":147,"column":78},"end":{"line":147,"column":79}}],"line":147},"16":{"loc":{"start":{"line":149,"column":2},"end":{"line":151,"column":3}},"type":"if","locations":[{"start":{"line":149,"column":2},"end":{"line":151,"column":3}},{"start":{},"end":{}}],"line":149},"17":{"loc":{"start":{"line":156,"column":2},"end":{"line":159,"column":3}},"type":"if","locations":[{"start":{"line":156,"column":2},"end":{"line":159,"column":3}},{"start":{},"end":{}}],"line":156}},"s":{"0":5,"1":5,"2":5,"3":5,"4":0,"5":0,"6":0,"7":0,"8":0,"9":0,"10":0,"11":5,"12":0,"13":0,"14":0,"15":0,"16":0,"17":5,"18":0,"19":0,"20":0,"21":0,"22":0,"23":0,"24":0,"25":0,"26":0,"27":0,"28":0,"29":0,"30":0,"31":0,"32":0,"33":0,"34":0,"35":0,"36":0,"37":0,"38":0,"39":0,"40":0,"41":5,"42":0,"43":0,"44":0,"45":0,"46":0,"47":0,"48":0,"49":0,"50":0,"51":0,"52":0,"53":0},"f":{"0":0,"1":0,"2":0,"3":0,"4":0,"5":0,"6":0,"7":0},"b":{"0":[0],"1":[0,0],"2":[0,0],"3":[0,0],"4":[0,0],"5":[0,0],"6":[0,0],"7":[0,0],"8":[0,0],"9":[0,0],"10":[0,0],"11":[0,0],"12":[0],"13":[0,0],"14":[0,0],"15":[0],"16":[0,0],"17":[0,0]},"_coverageSchema":"1a1c01bbd47fc00a2c39e90264f33305004495a9","hash":"412ef85e070189cab00508b7c77b79213b44ac00"}
,"/Users/santiagobalosky/Downloads/A comerla HECHA POR MI/src/features/pantry/pantryService.ts": {"path":"/Users/santiagobalosky/Downloads/A comerla HECHA POR MI/src/features/pantry/pantryService.ts","statementMap":{"0":{"start":{"line":8,"column":26},"end":{"line":10,"column":1}},"1":{"start":{"line":9,"column":2},"end":{"line":9,"column":15}},"2":{"start":{"line":15,"column":30},"end":{"line":59,"column":1}},"3":{"start":{"line":16,"column":2},"end":{"line":18,"column":3}},"4":{"start":{"line":17,"column":4},"end":{"line":17,"column":29}},"5":{"start":{"line":20,"column":47},"end":{"line":20,"column":76}},"6":{"start":{"line":21,"column":2},"end":{"line":21,"column":68}},"7":{"start":{"line":21,"column":26},"end":{"line":21,"column":68}},"8":{"start":{"line":23,"column":26},"end":{"line":27,"column":46}},"9":{"start":{"line":29,"column":2},"end":{"line":29,"column":25}},"10":{"start":{"line":29,"column":13},"end":{"line":29,"column":25}},"11":{"start":{"line":31,"column":2},"end":{"line":58,"column":6}},"12":{"start":{"line":31,"column":35},"end":{"line":58,"column":3}},"13":{"start":{"line":64,"column":29},"end":{"line":77,"column":1}},"14":{"start":{"line":65,"column":29},"end":{"line":65,"column":58}},"15":{"start":{"line":66,"column":19},"end":{"line":66,"column":91}},"16":{"start":{"line":68,"column":26},"end":{"line":73,"column":40}},"17":{"start":{"line":75,"column":2},"end":{"line":75,"column":25}},"18":{"start":{"line":75,"column":13},"end":{"line":75,"column":25}},"19":{"start":{"line":76,"column":2},"end":{"line":76,"column":20}},"20":{"start":{"line":82,"column":29},"end":{"line":140,"column":1}},"21":{"start":{"line":83,"column":29},"end":{"line":83,"column":58}},"22":{"start":{"line":84,"column":2},"end":{"line":84,"column":55}},"23":{"start":{"line":84,"column":13},"end":{"line":84,"column":55}},"24":{"start":{"line":86,"column":21},"end":{"line":89,"column":3}},"25":{"start":{"line":91,"column":24},"end":{"line":91,"column":44}},"26":{"start":{"line":92,"column":2},"end":{"line":101,"column":3}},"27":{"start":{"line":93,"column":4},"end":{"line":100,"column":5}},"28":{"start":{"line":94,"column":31},"end":{"line":94,"column":67}},"29":{"start":{"line":95,"column":6},"end":{"line":97,"column":7}},"30":{"start":{"line":96,"column":8},"end":{"line":96,"column":43}},"31":{"start":{"line":99,"column":6},"end":{"line":99,"column":63}},"32":{"start":{"line":103,"column":26},"end":{"line":120,"column":13}},"33":{"start":{"line":122,"column":2},"end":{"line":122,"column":25}},"34":{"start":{"line":122,"column":13},"end":{"line":122,"column":25}},"35":{"start":{"line":123,"column":2},"end":{"line":123,"column":57}},"36":{"start":{"line":123,"column":13},"end":{"line":123,"column":57}},"37":{"start":{"line":125,"column":2},"end":{"line":139,"column":4}},"38":{"start":{"line":145,"column":32},"end":{"line":178,"column":1}},"39":{"start":{"line":146,"column":29},"end":{"line":146,"column":58}},"40":{"start":{"line":147,"column":2},"end":{"line":147,"column":55}},"41":{"start":{"line":147,"column":13},"end":{"line":147,"column":55}},"42":{"start":{"line":149,"column":26},"end":{"line":158,"column":13}},"43":{"start":{"line":160,"column":2},"end":{"line":160,"column":25}},"44":{"start":{"line":160,"column":13},"end":{"line":160,"column":25}},"45":{"start":{"line":161,"column":2},"end":{"line":161,"column":51}},"46":{"start":{"line":161,"column":13},"end":{"line":161,"column":51}},"47":{"start":{"line":163,"column":2},"end":{"line":177,"column":4}},"48":{"start":{"line":183,"column":32},"end":{"line":194,"column":1}},"49":{"start":{"line":184,"column":29},"end":{"line":184,"column":58}},"50":{"start":{"line":185,"column":2},"end":{"line":185,"column":55}},"51":{"start":{"line":185,"column":13},"end":{"line":185,"column":55}},"52":{"start":{"line":187,"column":20},"end":{"line":191,"column":27}},"53":{"start":{"line":193,"column":2},"end":{"line":193,"column":25}},"54":{"start":{"line":193,"column":13},"end":{"line":193,"column":25}},"55":{"start":{"line":199,"column":41},"end":{"line":212,"column":1}},"56":{"start":{"line":200,"column":2},"end":{"line":200,"column":31}},"57":{"start":{"line":200,"column":24},"end":{"line":200,"column":31}},"58":{"start":{"line":202,"column":29},"end":{"line":202,"column":58}},"59":{"start":{"line":203,"column":2},"end":{"line":203,"column":55}},"60":{"start":{"line":203,"column":13},"end":{"line":203,"column":55}},"61":{"start":{"line":205,"column":20},"end":{"line":209,"column":27}},"62":{"start":{"line":211,"column":2},"end":{"line":211,"column":25}},"63":{"start":{"line":211,"column":13},"end":{"line":211,"column":25}},"64":{"start":{"line":217,"column":40},"end":{"line":247,"column":1}},"65":{"start":{"line":218,"column":29},"end":{"line":218,"column":58}},"66":{"start":{"line":219,"column":2},"end":{"line":219,"column":55}},"67":{"start":{"line":219,"column":13},"end":{"line":219,"column":55}},"68":{"start":{"line":221,"column":26},"end":{"line":227,"column":13}},"69":{"start":{"line":229,"column":2},"end":{"line":229,"column":25}},"70":{"start":{"line":229,"column":13},"end":{"line":229,"column":25}},"71":{"start":{"line":230,"column":2},"end":{"line":230,"column":25}},"72":{"start":{"line":230,"column":13},"end":{"line":230,"column":25}},"73":{"start":{"line":232,"column":2},"end":{"line":246,"column":4}},"74":{"start":{"line":252,"column":27},"end":{"line":262,"column":1}},"75":{"start":{"line":253,"column":29},"end":{"line":253,"column":58}},"76":{"start":{"line":254,"column":2},"end":{"line":254,"column":55}},"77":{"start":{"line":254,"column":13},"end":{"line":254,"column":55}},"78":{"start":{"line":256,"column":20},"end":{"line":259,"column":27}},"79":{"start":{"line":261,"column":2},"end":{"line":261,"column":25}},"80":{"start":{"line":261,"column":13},"end":{"line":261,"column":25}}},"fnMap":{"0":{"name":"(anonymous_0)","decl":{"start":{"line":8,"column":26},"end":{"line":8,"column":27}},"loc":{"start":{"line":8,"column":32},"end":{"line":10,"column":1}},"line":8},"1":{"name":"(anonymous_1)","decl":{"start":{"line":15,"column":30},"end":{"line":15,"column":31}},"loc":{"start":{"line":15,"column":65},"end":{"line":59,"column":1}},"line":15},"2":{"name":"(anonymous_2)","decl":{"start":{"line":31,"column":26},"end":{"line":31,"column":27}},"loc":{"start":{"line":31,"column":35},"end":{"line":58,"column":3}},"line":31},"3":{"name":"(anonymous_3)","decl":{"start":{"line":64,"column":29},"end":{"line":64,"column":30}},"loc":{"start":{"line":64,"column":62},"end":{"line":77,"column":1}},"line":64},"4":{"name":"(anonymous_4)","decl":{"start":{"line":82,"column":29},"end":{"line":82,"column":30}},"loc":{"start":{"line":82,"column":92},"end":{"line":140,"column":1}},"line":82},"5":{"name":"(anonymous_5)","decl":{"start":{"line":145,"column":32},"end":{"line":145,"column":33}},"loc":{"start":{"line":145,"column":113},"end":{"line":178,"column":1}},"line":145},"6":{"name":"(anonymous_6)","decl":{"start":{"line":183,"column":32},"end":{"line":183,"column":33}},"loc":{"start":{"line":183,"column":73},"end":{"line":194,"column":1}},"line":183},"7":{"name":"(anonymous_7)","decl":{"start":{"line":199,"column":41},"end":{"line":199,"column":42}},"loc":{"start":{"line":199,"column":85},"end":{"line":212,"column":1}},"line":199},"8":{"name":"(anonymous_8)","decl":{"start":{"line":217,"column":40},"end":{"line":217,"column":41}},"loc":{"start":{"line":217,"column":115},"end":{"line":247,"column":1}},"line":217},"9":{"name":"(anonymous_9)","decl":{"start":{"line":252,"column":27},"end":{"line":252,"column":28}},"loc":{"start":{"line":252,"column":54},"end":{"line":262,"column":1}},"line":252}},"branchMap":{"0":{"loc":{"start":{"line":16,"column":2},"end":{"line":18,"column":3}},"type":"if","locations":[{"start":{"line":16,"column":2},"end":{"line":18,"column":3}},{"start":{},"end":{}}],"line":16},"1":{"loc":{"start":{"line":21,"column":2},"end":{"line":21,"column":68}},"type":"if","locations":[{"start":{"line":21,"column":2},"end":{"line":21,"column":68}},{"start":{},"end":{}}],"line":21},"2":{"loc":{"start":{"line":21,"column":6},"end":{"line":21,"column":24}},"type":"binary-expr","locations":[{"start":{"line":21,"column":6},"end":{"line":21,"column":15}},{"start":{"line":21,"column":19},"end":{"line":21,"column":24}}],"line":21},"3":{"loc":{"start":{"line":29,"column":2},"end":{"line":29,"column":25}},"type":"if","locations":[{"start":{"line":29,"column":2},"end":{"line":29,"column":25}},{"start":{},"end":{}}],"line":29},"4":{"loc":{"start":{"line":31,"column":10},"end":{"line":31,"column":20}},"type":"binary-expr","locations":[{"start":{"line":31,"column":10},"end":{"line":31,"column":14}},{"start":{"line":31,"column":18},"end":{"line":31,"column":20}}],"line":31},"5":{"loc":{"start":{"line":34,"column":19},"end":{"line":34,"column":45}},"type":"binary-expr","locations":[{"start":{"line":34,"column":19},"end":{"line":34,"column":37}},{"start":{"line":34,"column":41},"end":{"line":34,"column":45}}],"line":34},"6":{"loc":{"start":{"line":35,"column":14},"end":{"line":35,"column":35}},"type":"binary-expr","locations":[{"start":{"line":35,"column":14},"end":{"line":35,"column":27}},{"start":{"line":35,"column":31},"end":{"line":35,"column":35}}],"line":35},"7":{"loc":{"start":{"line":36,"column":10},"end":{"line":36,"column":27}},"type":"binary-expr","locations":[{"start":{"line":36,"column":10},"end":{"line":36,"column":19}},{"start":{"line":36,"column":23},"end":{"line":36,"column":27}}],"line":36},"8":{"loc":{"start":{"line":37,"column":17},"end":{"line":37,"column":41}},"type":"binary-expr","locations":[{"start":{"line":37,"column":17},"end":{"line":37,"column":33}},{"start":{"line":37,"column":37},"end":{"line":37,"column":41}}],"line":37},"9":{"loc":{"start":{"line":38,"column":17},"end":{"line":38,"column":41}},"type":"binary-expr","locations":[{"start":{"line":38,"column":17},"end":{"line":38,"column":33}},{"start":{"line":38,"column":37},"end":{"line":38,"column":41}}],"line":38},"10":{"loc":{"start":{"line":39,"column":11},"end":{"line":39,"column":29}},"type":"binary-expr","locations":[{"start":{"line":39,"column":11},"end":{"line":39,"column":21}},{"start":{"line":39,"column":25},"end":{"line":39,"column":29}}],"line":39},"11":{"loc":{"start":{"line":40,"column":14},"end":{"line":40,"column":35}},"type":"binary-expr","locations":[{"start":{"line":40,"column":14},"end":{"line":40,"column":27}},{"start":{"line":40,"column":31},"end":{"line":40,"column":35}}],"line":40},"12":{"loc":{"start":{"line":41,"column":11},"end":{"line":41,"column":29}},"type":"binary-expr","locations":[{"start":{"line":41,"column":11},"end":{"line":41,"column":21}},{"start":{"line":41,"column":25},"end":{"line":41,"column":29}}],"line":41},"13":{"loc":{"start":{"line":42,"column":15},"end":{"line":42,"column":37}},"type":"binary-expr","locations":[{"start":{"line":42,"column":15},"end":{"line":42,"column":29}},{"start":{"line":42,"column":33},"end":{"line":42,"column":37}}],"line":42},"14":{"loc":{"start":{"line":43,"column":18},"end":{"line":43,"column":43}},"type":"binary-expr","locations":[{"start":{"line":43,"column":18},"end":{"line":43,"column":35}},{"start":{"line":43,"column":39},"end":{"line":43,"column":43}}],"line":43},"15":{"loc":{"start":{"line":45,"column":16},"end":{"line":49,"column":12}},"type":"cond-expr","locations":[{"start":{"line":45,"column":35},"end":{"line":49,"column":5}},{"start":{"line":49,"column":8},"end":{"line":49,"column":12}}],"line":45},"16":{"loc":{"start":{"line":47,"column":59},"end":{"line":47,"column":77}},"type":"binary-expr","locations":[{"start":{"line":47,"column":59},"end":{"line":47,"column":72}},{"start":{"line":47,"column":76},"end":{"line":47,"column":77}}],"line":47},"17":{"loc":{"start":{"line":48,"column":17},"end":{"line":48,"column":51}},"type":"binary-expr","locations":[{"start":{"line":48,"column":17},"end":{"line":48,"column":43}},{"start":{"line":48,"column":47},"end":{"line":48,"column":51}}],"line":48},"18":{"loc":{"start":{"line":50,"column":14},"end":{"line":55,"column":12}},"type":"cond-expr","locations":[{"start":{"line":50,"column":32},"end":{"line":55,"column":5}},{"start":{"line":55,"column":8},"end":{"line":55,"column":12}}],"line":50},"19":{"loc":{"start":{"line":53,"column":17},"end":{"line":53,"column":45}},"type":"binary-expr","locations":[{"start":{"line":53,"column":17},"end":{"line":53,"column":37}},{"start":{"line":53,"column":41},"end":{"line":53,"column":45}}],"line":53},"20":{"loc":{"start":{"line":54,"column":15},"end":{"line":54,"column":51}},"type":"binary-expr","locations":[{"start":{"line":54,"column":15},"end":{"line":54,"column":38}},{"start":{"line":54,"column":42},"end":{"line":54,"column":51}}],"line":54},"21":{"loc":{"start":{"line":66,"column":19},"end":{"line":66,"column":91}},"type":"cond-expr","locations":[{"start":{"line":66,"column":26},"end":{"line":66,"column":68}},{"start":{"line":66,"column":71},"end":{"line":66,"column":91}}],"line":66},"22":{"loc":{"start":{"line":75,"column":2},"end":{"line":75,"column":25}},"type":"if","locations":[{"start":{"line":75,"column":2},"end":{"line":75,"column":25}},{"start":{},"end":{}}],"line":75},"23":{"loc":{"start":{"line":76,"column":9},"end":{"line":76,"column":19}},"type":"binary-expr","locations":[{"start":{"line":76,"column":9},"end":{"line":76,"column":13}},{"start":{"line":76,"column":17},"end":{"line":76,"column":19}}],"line":76},"24":{"loc":{"start":{"line":84,"column":2},"end":{"line":84,"column":55}},"type":"if","locations":[{"start":{"line":84,"column":2},"end":{"line":84,"column":55}},{"start":{},"end":{}}],"line":84},"25":{"loc":{"start":{"line":88,"column":4},"end":{"line":88,"column":26}},"type":"binary-expr","locations":[{"start":{"line":88,"column":4},"end":{"line":88,"column":21}},{"start":{"line":88,"column":25},"end":{"line":88,"column":26}}],"line":88},"26":{"loc":{"start":{"line":92,"column":2},"end":{"line":101,"column":3}},"type":"if","locations":[{"start":{"line":92,"column":2},"end":{"line":101,"column":3}},{"start":{},"end":{}}],"line":92},"27":{"loc":{"start":{"line":92,"column":6},"end":{"line":92,"column":42}},"type":"binary-expr","locations":[{"start":{"line":92,"column":6},"end":{"line":92,"column":22}},{"start":{"line":92,"column":26},"end":{"line":92,"column":42}}],"line":92},"28":{"loc":{"start":{"line":95,"column":6},"end":{"line":97,"column":7}},"type":"if","locations":[{"start":{"line":95,"column":6},"end":{"line":97,"column":7}},{"start":{},"end":{}}],"line":95},"29":{"loc":{"start":{"line":108,"column":16},"end":{"line":108,"column":38}},"type":"binary-expr","locations":[{"start":{"line":108,"column":16},"end":{"line":108,"column":33}},{"start":{"line":108,"column":37},"end":{"line":108,"column":38}}],"line":108},"30":{"loc":{"start":{"line":117,"column":12},"end":{"line":117,"column":33}},"type":"binary-expr","locations":[{"start":{"line":117,"column":12},"end":{"line":117,"column":25}},{"start":{"line":117,"column":29},"end":{"line":117,"column":33}}],"line":117},"31":{"loc":{"start":{"line":122,"column":2},"end":{"line":122,"column":25}},"type":"if","locations":[{"start":{"line":122,"column":2},"end":{"line":122,"column":25}},{"start":{},"end":{}}],"line":122},"32":{"loc":{"start":{"line":123,"column":2},"end":{"line":123,"column":57}},"type":"if","locations":[{"start":{"line":123,"column":2},"end":{"line":123,"column":57}},{"start":{},"end":{}}],"line":123},"33":{"loc":{"start":{"line":127,"column":16},"end":{"line":131,"column":12}},"type":"cond-expr","locations":[{"start":{"line":127,"column":35},"end":{"line":131,"column":5}},{"start":{"line":131,"column":8},"end":{"line":131,"column":12}}],"line":127},"34":{"loc":{"start":{"line":129,"column":59},"end":{"line":129,"column":77}},"type":"binary-expr","locations":[{"start":{"line":129,"column":59},"end":{"line":129,"column":72}},{"start":{"line":129,"column":76},"end":{"line":129,"column":77}}],"line":129},"35":{"loc":{"start":{"line":132,"column":14},"end":{"line":136,"column":12}},"type":"cond-expr","locations":[{"start":{"line":132,"column":32},"end":{"line":136,"column":5}},{"start":{"line":136,"column":8},"end":{"line":136,"column":12}}],"line":132},"36":{"loc":{"start":{"line":147,"column":2},"end":{"line":147,"column":55}},"type":"if","locations":[{"start":{"line":147,"column":2},"end":{"line":147,"column":55}},{"start":{},"end":{}}],"line":147},"37":{"loc":{"start":{"line":160,"column":2},"end":{"line":160,"column":25}},"type":"if","locations":[{"start":{"line":160,"column":2},"end":{"line":160,"column":25}},{"start":{},"end":{}}],"line":160},"38":{"loc":{"start":{"line":161,"column":2},"end":{"line":161,"column":51}},"type":"if","locations":[{"start":{"line":161,"column":2},"end":{"line":161,"column":51}},{"start":{},"end":{}}],"line":161},"39":{"loc":{"start":{"line":165,"column":16},"end":{"line":169,"column":12}},"type":"cond-expr","locations":[{"start":{"line":165,"column":35},"end":{"line":169,"column":5}},{"start":{"line":169,"column":8},"end":{"line":169,"column":12}}],"line":165},"40":{"loc":{"start":{"line":167,"column":59},"end":{"line":167,"column":77}},"type":"binary-expr","locations":[{"start":{"line":167,"column":59},"end":{"line":167,"column":72}},{"start":{"line":167,"column":76},"end":{"line":167,"column":77}}],"line":167},"41":{"loc":{"start":{"line":170,"column":14},"end":{"line":174,"column":12}},"type":"cond-expr","locations":[{"start":{"line":170,"column":32},"end":{"line":174,"column":5}},{"start":{"line":174,"column":8},"end":{"line":174,"column":12}}],"line":170},"42":{"loc":{"start":{"line":185,"column":2},"end":{"line":185,"column":55}},"type":"if","locations":[{"start":{"line":185,"column":2},"end":{"line":185,"column":55}},{"start":{},"end":{}}],"line":185},"43":{"loc":{"start":{"line":193,"column":2},"end":{"line":193,"column":25}},"type":"if","locations":[{"start":{"line":193,"column":2},"end":{"line":193,"column":25}},{"start":{},"end":{}}],"line":193},"44":{"loc":{"start":{"line":200,"column":2},"end":{"line":200,"column":31}},"type":"if","locations":[{"start":{"line":200,"column":2},"end":{"line":200,"column":31}},{"start":{},"end":{}}],"line":200},"45":{"loc":{"start":{"line":203,"column":2},"end":{"line":203,"column":55}},"type":"if","locations":[{"start":{"line":203,"column":2},"end":{"line":203,"column":55}},{"start":{},"end":{}}],"line":203},"46":{"loc":{"start":{"line":211,"column":2},"end":{"line":211,"column":25}},"type":"if","locations":[{"start":{"line":211,"column":2},"end":{"line":211,"column":25}},{"start":{},"end":{}}],"line":211},"47":{"loc":{"start":{"line":219,"column":2},"end":{"line":219,"column":55}},"type":"if","locations":[{"start":{"line":219,"column":2},"end":{"line":219,"column":55}},{"start":{},"end":{}}],"line":219},"48":{"loc":{"start":{"line":229,"column":2},"end":{"line":229,"column":25}},"type":"if","locations":[{"start":{"line":229,"column":2},"end":{"line":229,"column":25}},{"start":{},"end":{}}],"line":229},"49":{"loc":{"start":{"line":230,"column":2},"end":{"line":230,"column":25}},"type":"if","locations":[{"start":{"line":230,"column":2},"end":{"line":230,"column":25}},{"start":{},"end":{}}],"line":230},"50":{"loc":{"start":{"line":234,"column":16},"end":{"line":238,"column":12}},"type":"cond-expr","locations":[{"start":{"line":234,"column":35},"end":{"line":238,"column":5}},{"start":{"line":238,"column":8},"end":{"line":238,"column":12}}],"line":234},"51":{"loc":{"start":{"line":236,"column":59},"end":{"line":236,"column":77}},"type":"binary-expr","locations":[{"start":{"line":236,"column":59},"end":{"line":236,"column":72}},{"start":{"line":236,"column":76},"end":{"line":236,"column":77}}],"line":236},"52":{"loc":{"start":{"line":239,"column":14},"end":{"line":243,"column":12}},"type":"cond-expr","locations":[{"start":{"line":239,"column":32},"end":{"line":243,"column":5}},{"start":{"line":243,"column":8},"end":{"line":243,"column":12}}],"line":239},"53":{"loc":{"start":{"line":254,"column":2},"end":{"line":254,"column":55}},"type":"if","locations":[{"start":{"line":254,"column":2},"end":{"line":254,"column":55}},{"start":{},"end":{}}],"line":254},"54":{"loc":{"start":{"line":261,"column":2},"end":{"line":261,"column":25}},"type":"if","locations":[{"start":{"line":261,"column":2},"end":{"line":261,"column":25}},{"start":{},"end":{}}],"line":261}},"s":{"0":4,"1":0,"2":4,"3":0,"4":0,"5":0,"6":0,"7":0,"8":0,"9":0,"10":0,"11":0,"12":0,"13":4,"14":0,"15":0,"16":0,"17":0,"18":0,"19":0,"20":4,"21":0,"22":0,"23":0,"24":0,"25":0,"26":0,"27":0,"28":0,"29":0,"30":0,"31":0,"32":0,"33":0,"34":0,"35":0,"36":0,"37":0,"38":4,"39":0,"40":0,"41":0,"42":0,"43":0,"44":0,"45":0,"46":0,"47":0,"48":4,"49":0,"50":0,"51":0,"52":0,"53":0,"54":0,"55":4,"56":0,"57":0,"58":0,"59":0,"60":0,"61":0,"62":0,"63":0,"64":4,"65":0,"66":0,"67":0,"68":0,"69":0,"70":0,"71":0,"72":0,"73":0,"74":4,"75":0,"76":0,"77":0,"78":0,"79":0,"80":0},"f":{"0":0,"1":0,"2":0,"3":0,"4":0,"5":0,"6":0,"7":0,"8":0,"9":0},"b":{"0":[0,0],"1":[0,0],"2":[0,0],"3":[0,0],"4":[0,0],"5":[0,0],"6":[0,0],"7":[0,0],"8":[0,0],"9":[0,0],"10":[0,0],"11":[0,0],"12":[0,0],"13":[0,0],"14":[0,0],"15":[0,0],"16":[0,0],"17":[0,0],"18":[0,0],"19":[0,0],"20":[0,0],"21":[0,0],"22":[0,0],"23":[0,0],"24":[0,0],"25":[0,0],"26":[0,0],"27":[0,0],"28":[0,0],"29":[0,0],"30":[0,0],"31":[0,0],"32":[0,0],"33":[0,0],"34":[0,0],"35":[0,0],"36":[0,0],"37":[0,0],"38":[0,0],"39":[0,0],"40":[0,0],"41":[0,0],"42":[0,0],"43":[0,0],"44":[0,0],"45":[0,0],"46":[0,0],"47":[0,0],"48":[0,0],"49":[0,0],"50":[0,0],"51":[0,0],"52":[0,0],"53":[0,0],"54":[0,0]},"_coverageSchema":"1a1c01bbd47fc00a2c39e90264f33305004495a9","hash":"a74e7c0451bbda7740a2faba9b6794631169362c"}
,"/Users/santiagobalosky/Downloads/A comerla HECHA POR MI/src/features/planning/planningEngine.ts": {"path":"/Users/santiagobalosky/Downloads/A comerla HECHA POR MI/src/features/planning/planningEngine.ts","statementMap":{"0":{"start":{"line":45,"column":38},"end":{"line":45,"column":40}},"1":{"start":{"line":46,"column":34},"end":{"line":46,"column":36}},"2":{"start":{"line":47,"column":44},"end":{"line":47,"column":48}},"3":{"start":{"line":48,"column":54},"end":{"line":48,"column":58}},"4":{"start":{"line":49,"column":54},"end":{"line":49,"column":58}},"5":{"start":{"line":50,"column":64},"end":{"line":50,"column":68}},"6":{"start":{"line":53,"column":4},"end":{"line":53,"column":35}},"7":{"start":{"line":57,"column":4},"end":{"line":57,"column":31}},"8":{"start":{"line":61,"column":4},"end":{"line":61,"column":31}},"9":{"start":{"line":65,"column":4},"end":{"line":65,"column":35}},"10":{"start":{"line":69,"column":4},"end":{"line":69,"column":34}},"11":{"start":{"line":73,"column":4},"end":{"line":73,"column":43}},"12":{"start":{"line":86,"column":25},"end":{"line":89,"column":46}},"13":{"start":{"line":89,"column":20},"end":{"line":89,"column":45}},"14":{"start":{"line":91,"column":46},"end":{"line":104,"column":5}},"15":{"start":{"line":106,"column":19},"end":{"line":112,"column":5}},"16":{"start":{"line":114,"column":4},"end":{"line":114,"column":24}},"17":{"start":{"line":127,"column":23},"end":{"line":127,"column":72}},"18":{"start":{"line":128,"column":4},"end":{"line":130,"column":5}},"19":{"start":{"line":129,"column":6},"end":{"line":129,"column":52}},"20":{"start":{"line":132,"column":4},"end":{"line":139,"column":7}},"21":{"start":{"line":141,"column":24},"end":{"line":141,"column":66}},"22":{"start":{"line":142,"column":26},"end":{"line":142,"column":50}},"23":{"start":{"line":143,"column":20},"end":{"line":148,"column":5}},"24":{"start":{"line":150,"column":4},"end":{"line":157,"column":7}},"25":{"start":{"line":159,"column":29},"end":{"line":166,"column":6}},"26":{"start":{"line":168,"column":4},"end":{"line":175,"column":7}},"27":{"start":{"line":177,"column":26},"end":{"line":182,"column":5}},"28":{"start":{"line":184,"column":27},"end":{"line":189,"column":6}},"29":{"start":{"line":192,"column":4},"end":{"line":194,"column":5}},"30":{"start":{"line":193,"column":6},"end":{"line":193,"column":88}},"31":{"start":{"line":196,"column":4},"end":{"line":203,"column":7}},"32":{"start":{"line":205,"column":4},"end":{"line":211,"column":6}},"33":{"start":{"line":221,"column":71},"end":{"line":221,"column":77}},"34":{"start":{"line":222,"column":49},"end":{"line":239,"column":5}},"35":{"start":{"line":241,"column":20},"end":{"line":246,"column":5}},"36":{"start":{"line":248,"column":28},"end":{"line":248,"column":77}},"37":{"start":{"line":250,"column":23},"end":{"line":258,"column":6}},"38":{"start":{"line":260,"column":4},"end":{"line":272,"column":5}},"39":{"start":{"line":261,"column":6},"end":{"line":271,"column":7}},"40":{"start":{"line":262,"column":31},"end":{"line":265,"column":10}},"41":{"start":{"line":264,"column":66},"end":{"line":264,"column":81}},"42":{"start":{"line":266,"column":8},"end":{"line":268,"column":9}},"43":{"start":{"line":267,"column":10},"end":{"line":267,"column":47}},"44":{"start":{"line":270,"column":8},"end":{"line":270,"column":95}},"45":{"start":{"line":274,"column":24},"end":{"line":274,"column":63}},"46":{"start":{"line":275,"column":30},"end":{"line":280,"column":5}},"47":{"start":{"line":282,"column":4},"end":{"line":285,"column":6}},"48":{"start":{"line":297,"column":85},"end":{"line":297,"column":91}},"49":{"start":{"line":298,"column":24},"end":{"line":306,"column":6}},"50":{"start":{"line":308,"column":21},"end":{"line":308,"column":77}},"51":{"start":{"line":309,"column":4},"end":{"line":309,"column":35}},"52":{"start":{"line":316,"column":29},"end":{"line":316,"column":31}},"53":{"start":{"line":317,"column":31},"end":{"line":317,"column":33}},"54":{"start":{"line":319,"column":4},"end":{"line":321,"column":5}},"55":{"start":{"line":320,"column":6},"end":{"line":320,"column":70}},"56":{"start":{"line":323,"column":4},"end":{"line":325,"column":5}},"57":{"start":{"line":324,"column":6},"end":{"line":324,"column":60}},"58":{"start":{"line":327,"column":4},"end":{"line":329,"column":5}},"59":{"start":{"line":328,"column":6},"end":{"line":328,"column":76}},"60":{"start":{"line":331,"column":4},"end":{"line":333,"column":5}},"61":{"start":{"line":332,"column":6},"end":{"line":332,"column":102}},"62":{"start":{"line":335,"column":4},"end":{"line":337,"column":5}},"63":{"start":{"line":336,"column":6},"end":{"line":336,"column":89}},"64":{"start":{"line":339,"column":4},"end":{"line":348,"column":5}},"65":{"start":{"line":340,"column":24},"end":{"line":342,"column":7}},"66":{"start":{"line":341,"column":8},"end":{"line":341,"column":48}},"67":{"start":{"line":343,"column":6},"end":{"line":347,"column":7}},"68":{"start":{"line":344,"column":8},"end":{"line":346,"column":10}},"69":{"start":{"line":350,"column":4},"end":{"line":354,"column":6}},"70":{"start":{"line":361,"column":54},"end":{"line":361,"column":56}},"71":{"start":{"line":363,"column":32},"end":{"line":366,"column":7}},"72":{"start":{"line":368,"column":4},"end":{"line":387,"column":7}},"73":{"start":{"line":369,"column":23},"end":{"line":369,"column":89}},"74":{"start":{"line":370,"column":6},"end":{"line":386,"column":9}},"75":{"start":{"line":371,"column":8},"end":{"line":371,"column":37}},"76":{"start":{"line":371,"column":30},"end":{"line":371,"column":37}},"77":{"start":{"line":372,"column":20},"end":{"line":372,"column":62}},"78":{"start":{"line":373,"column":24},"end":{"line":377,"column":9}},"79":{"start":{"line":378,"column":8},"end":{"line":381,"column":10}},"80":{"start":{"line":382,"column":8},"end":{"line":384,"column":9}},"81":{"start":{"line":383,"column":10},"end":{"line":383,"column":45}},"82":{"start":{"line":385,"column":8},"end":{"line":385,"column":46}},"83":{"start":{"line":389,"column":4},"end":{"line":405,"column":5}},"84":{"start":{"line":390,"column":31},"end":{"line":390,"column":45}},"85":{"start":{"line":391,"column":23},"end":{"line":393,"column":19}},"86":{"start":{"line":394,"column":28},"end":{"line":396,"column":19}},"87":{"start":{"line":397,"column":6},"end":{"line":404,"column":9}},"88":{"start":{"line":407,"column":4},"end":{"line":407,"column":23}},"89":{"start":{"line":419,"column":4},"end":{"line":419,"column":36}},"90":{"start":{"line":419,"column":23},"end":{"line":419,"column":36}},"91":{"start":{"line":421,"column":49},"end":{"line":430,"column":5}},"92":{"start":{"line":432,"column":4},"end":{"line":432,"column":79}},"93":{"start":{"line":432,"column":31},"end":{"line":432,"column":77}},"94":{"start":{"line":441,"column":23},"end":{"line":441,"column":92}},"95":{"start":{"line":442,"column":4},"end":{"line":442,"column":28}},"96":{"start":{"line":449,"column":26},"end":{"line":449,"column":76}},"97":{"start":{"line":449,"column":49},"end":{"line":449,"column":75}},"98":{"start":{"line":450,"column":25},"end":{"line":450,"column":37}},"99":{"start":{"line":452,"column":26},"end":{"line":454,"column":68}},"100":{"start":{"line":453,"column":24},"end":{"line":453,"column":46}},"101":{"start":{"line":454,"column":29},"end":{"line":454,"column":64}},"102":{"start":{"line":456,"column":24},"end":{"line":456,"column":71}},"103":{"start":{"line":458,"column":26},"end":{"line":461,"column":5}},"104":{"start":{"line":459,"column":21},"end":{"line":459,"column":65}},"105":{"start":{"line":463,"column":4},"end":{"line":471,"column":6}},"106":{"start":{"line":478,"column":18},"end":{"line":478,"column":49}},"107":{"start":{"line":479,"column":22},"end":{"line":479,"column":53}},"108":{"start":{"line":480,"column":24},"end":{"line":487,"column":6}},"109":{"start":{"line":489,"column":52},"end":{"line":489,"column":54}},"110":{"start":{"line":490,"column":4},"end":{"line":496,"column":7}},"111":{"start":{"line":491,"column":6},"end":{"line":495,"column":9}},"112":{"start":{"line":492,"column":21},"end":{"line":492,"column":53}},"113":{"start":{"line":493,"column":8},"end":{"line":493,"column":26}},"114":{"start":{"line":493,"column":19},"end":{"line":493,"column":26}},"115":{"start":{"line":494,"column":8},"end":{"line":494,"column":65}},"116":{"start":{"line":498,"column":32},"end":{"line":501,"column":28}},"117":{"start":{"line":499,"column":30},"end":{"line":499,"column":35}},"118":{"start":{"line":501,"column":23},"end":{"line":501,"column":27}},"119":{"start":{"line":503,"column":46},"end":{"line":503,"column":48}},"120":{"start":{"line":504,"column":4},"end":{"line":508,"column":7}},"121":{"start":{"line":505,"column":23},"end":{"line":505,"column":69}},"122":{"start":{"line":506,"column":6},"end":{"line":506,"column":28}},"123":{"start":{"line":506,"column":21},"end":{"line":506,"column":28}},"124":{"start":{"line":507,"column":6},"end":{"line":507,"column":59}},"125":{"start":{"line":510,"column":26},"end":{"line":513,"column":28}},"126":{"start":{"line":511,"column":30},"end":{"line":511,"column":35}},"127":{"start":{"line":513,"column":23},"end":{"line":513,"column":27}},"128":{"start":{"line":515,"column":4},"end":{"line":521,"column":6}},"129":{"start":{"line":533,"column":19},"end":{"line":533,"column":50}},"130":{"start":{"line":534,"column":22},"end":{"line":534,"column":45}},"131":{"start":{"line":536,"column":26},"end":{"line":536,"column":53}},"132":{"start":{"line":537,"column":25},"end":{"line":537,"column":51}},"133":{"start":{"line":538,"column":23},"end":{"line":538,"column":47}},"134":{"start":{"line":539,"column":21},"end":{"line":539,"column":43}},"135":{"start":{"line":541,"column":24},"end":{"line":541,"column":49}},"136":{"start":{"line":542,"column":23},"end":{"line":542,"column":47}},"137":{"start":{"line":543,"column":21},"end":{"line":543,"column":43}},"138":{"start":{"line":544,"column":19},"end":{"line":544,"column":39}},"139":{"start":{"line":546,"column":67},"end":{"line":546,"column":73}},"140":{"start":{"line":547,"column":4},"end":{"line":551,"column":5}},"141":{"start":{"line":548,"column":6},"end":{"line":548,"column":32}},"142":{"start":{"line":549,"column":11},"end":{"line":551,"column":5}},"143":{"start":{"line":550,"column":6},"end":{"line":550,"column":37}},"144":{"start":{"line":553,"column":4},"end":{"line":561,"column":6}},"145":{"start":{"line":570,"column":20},"end":{"line":575,"column":8}},"146":{"start":{"line":577,"column":4},"end":{"line":596,"column":7}},"147":{"start":{"line":578,"column":27},"end":{"line":578,"column":65}},"148":{"start":{"line":579,"column":6},"end":{"line":595,"column":9}},"149":{"start":{"line":580,"column":24},"end":{"line":580,"column":88}},"150":{"start":{"line":581,"column":8},"end":{"line":581,"column":33}},"151":{"start":{"line":581,"column":26},"end":{"line":581,"column":33}},"152":{"start":{"line":582,"column":20},"end":{"line":582,"column":74}},"153":{"start":{"line":583,"column":24},"end":{"line":588,"column":9}},"154":{"start":{"line":589,"column":8},"end":{"line":589,"column":43}},"155":{"start":{"line":590,"column":25},"end":{"line":590,"column":89}},"156":{"start":{"line":591,"column":8},"end":{"line":593,"column":9}},"157":{"start":{"line":592,"column":10},"end":{"line":592,"column":44}},"158":{"start":{"line":594,"column":8},"end":{"line":594,"column":34}},"159":{"start":{"line":598,"column":4},"end":{"line":598,"column":40}},"160":{"start":{"line":608,"column":44},"end":{"line":608,"column":63}},"161":{"start":{"line":609,"column":23},"end":{"line":609,"column":50}},"162":{"start":{"line":611,"column":4},"end":{"line":642,"column":7}},"163":{"start":{"line":612,"column":28},"end":{"line":615,"column":7}},"164":{"start":{"line":613,"column":24},"end":{"line":613,"column":86}},"165":{"start":{"line":617,"column":6},"end":{"line":624,"column":7}},"166":{"start":{"line":618,"column":8},"end":{"line":623,"column":11}},"167":{"start":{"line":619,"column":10},"end":{"line":622,"column":12}},"168":{"start":{"line":626,"column":23},"end":{"line":629,"column":7}},"169":{"start":{"line":627,"column":23},"end":{"line":627,"column":67}},"170":{"start":{"line":632,"column":8},"end":{"line":632,"column":101}},"171":{"start":{"line":634,"column":6},"end":{"line":641,"column":7}},"172":{"start":{"line":635,"column":8},"end":{"line":640,"column":11}},"173":{"start":{"line":636,"column":10},"end":{"line":639,"column":12}},"174":{"start":{"line":644,"column":4},"end":{"line":644,"column":72}},"175":{"start":{"line":644,"column":32},"end":{"line":644,"column":70}},"176":{"start":{"line":651,"column":29},"end":{"line":651,"column":67}},"177":{"start":{"line":652,"column":28},"end":{"line":652,"column":63}},"178":{"start":{"line":653,"column":26},"end":{"line":653,"column":109}},"179":{"start":{"line":654,"column":30},"end":{"line":654,"column":75}},"180":{"start":{"line":655,"column":30},"end":{"line":657,"column":5}},"181":{"start":{"line":656,"column":29},"end":{"line":656,"column":63}},"182":{"start":{"line":659,"column":29},"end":{"line":664,"column":6}},"183":{"start":{"line":666,"column":36},"end":{"line":666,"column":87}},"184":{"start":{"line":667,"column":25},"end":{"line":667,"column":64}},"185":{"start":{"line":668,"column":39},"end":{"line":668,"column":96}},"186":{"start":{"line":670,"column":4},"end":{"line":681,"column":6}},"187":{"start":{"line":690,"column":19},"end":{"line":690,"column":55}},"188":{"start":{"line":691,"column":20},"end":{"line":691,"column":36}},"189":{"start":{"line":692,"column":25},"end":{"line":692,"column":56}},"190":{"start":{"line":694,"column":4},"end":{"line":715,"column":6}},"191":{"start":{"line":719,"column":31},"end":{"line":719,"column":105}},"192":{"start":{"line":719,"column":62},"end":{"line":719,"column":88}},"193":{"start":{"line":721,"column":25},"end":{"line":729,"column":22}},"194":{"start":{"line":723,"column":8},"end":{"line":723,"column":44}},"195":{"start":{"line":723,"column":31},"end":{"line":723,"column":44}},"196":{"start":{"line":724,"column":23},"end":{"line":724,"column":49}},"197":{"start":{"line":725,"column":21},"end":{"line":725,"column":76}},"198":{"start":{"line":726,"column":8},"end":{"line":726,"column":25}},"199":{"start":{"line":728,"column":21},"end":{"line":728,"column":47}},"200":{"start":{"line":731,"column":24},"end":{"line":731,"column":60}},"201":{"start":{"line":733,"column":4},"end":{"line":741,"column":6}},"202":{"start":{"line":736,"column":26},"end":{"line":736,"column":50}},"203":{"start":{"line":737,"column":23},"end":{"line":737,"column":49}},"204":{"start":{"line":750,"column":61},"end":{"line":750,"column":67}},"205":{"start":{"line":751,"column":16},"end":{"line":751,"column":19}},"206":{"start":{"line":753,"column":31},"end":{"line":753,"column":85}},"207":{"start":{"line":753,"column":67},"end":{"line":753,"column":84}},"208":{"start":{"line":754,"column":4},"end":{"line":754,"column":44}},"209":{"start":{"line":756,"column":4},"end":{"line":756,"column":43}},"210":{"start":{"line":758,"column":4},"end":{"line":762,"column":5}},"211":{"start":{"line":759,"column":6},"end":{"line":761,"column":7}},"212":{"start":{"line":760,"column":8},"end":{"line":760,"column":20}},"213":{"start":{"line":764,"column":4},"end":{"line":769,"column":5}},"214":{"start":{"line":765,"column":19},"end":{"line":765,"column":90}},"215":{"start":{"line":766,"column":6},"end":{"line":768,"column":7}},"216":{"start":{"line":767,"column":8},"end":{"line":767,"column":20}},"217":{"start":{"line":771,"column":4},"end":{"line":771,"column":57}},"218":{"start":{"line":778,"column":28},"end":{"line":778,"column":30}},"219":{"start":{"line":779,"column":4},"end":{"line":781,"column":5}},"220":{"start":{"line":779,"column":42},"end":{"line":779,"column":59}},"221":{"start":{"line":780,"column":6},"end":{"line":780,"column":98}},"222":{"start":{"line":782,"column":4},"end":{"line":784,"column":5}},"223":{"start":{"line":783,"column":6},"end":{"line":783,"column":84}},"224":{"start":{"line":785,"column":4},"end":{"line":785,"column":17}},"225":{"start":{"line":789,"column":34},"end":{"line":789,"column":36}},"226":{"start":{"line":790,"column":4},"end":{"line":796,"column":9}},"227":{"start":{"line":791,"column":26},"end":{"line":791,"column":43}},"228":{"start":{"line":793,"column":8},"end":{"line":795,"column":10}},"229":{"start":{"line":797,"column":4},"end":{"line":797,"column":23}},"230":{"start":{"line":801,"column":20},"end":{"line":801,"column":74}},"231":{"start":{"line":801,"column":56},"end":{"line":801,"column":73}},"232":{"start":{"line":802,"column":4},"end":{"line":802,"column":34}},"233":{"start":{"line":802,"column":25},"end":{"line":802,"column":34}},"234":{"start":{"line":803,"column":22},"end":{"line":807,"column":9}},"235":{"start":{"line":804,"column":19},"end":{"line":804,"column":20}},"236":{"start":{"line":805,"column":29},"end":{"line":805,"column":88}},"237":{"start":{"line":806,"column":6},"end":{"line":806,"column":41}},"238":{"start":{"line":808,"column":4},"end":{"line":808,"column":40}},"239":{"start":{"line":812,"column":4},"end":{"line":812,"column":36}},"240":{"start":{"line":812,"column":19},"end":{"line":812,"column":36}},"241":{"start":{"line":813,"column":23},"end":{"line":813,"column":51}},"242":{"start":{"line":815,"column":6},"end":{"line":819,"column":15}},"243":{"start":{"line":820,"column":4},"end":{"line":820,"column":69}},"244":{"start":{"line":824,"column":4},"end":{"line":824,"column":25}},"245":{"start":{"line":824,"column":15},"end":{"line":824,"column":25}},"246":{"start":{"line":825,"column":38},"end":{"line":825,"column":40}},"247":{"start":{"line":827,"column":4},"end":{"line":829,"column":5}},"248":{"start":{"line":828,"column":6},"end":{"line":828,"column":97}},"249":{"start":{"line":831,"column":4},"end":{"line":833,"column":5}},"250":{"start":{"line":832,"column":6},"end":{"line":832,"column":97}},"251":{"start":{"line":835,"column":4},"end":{"line":837,"column":5}},"252":{"start":{"line":836,"column":6},"end":{"line":836,"column":106}},"253":{"start":{"line":839,"column":4},"end":{"line":839,"column":27}},"254":{"start":{"line":846,"column":4},"end":{"line":846,"column":79}},"255":{"start":{"line":846,"column":43},"end":{"line":846,"column":79}},"256":{"start":{"line":848,"column":4},"end":{"line":863,"column":7}},"257":{"start":{"line":849,"column":25},"end":{"line":851,"column":7}},"258":{"start":{"line":850,"column":18},"end":{"line":850,"column":99}},"259":{"start":{"line":853,"column":21},"end":{"line":853,"column":45}},"260":{"start":{"line":854,"column":24},"end":{"line":854,"column":49}},"261":{"start":{"line":856,"column":6},"end":{"line":862,"column":8}},"262":{"start":{"line":867,"column":22},"end":{"line":867,"column":57}},"263":{"start":{"line":868,"column":4},"end":{"line":892,"column":6}},"264":{"start":{"line":885,"column":75},"end":{"line":890,"column":9}},"265":{"start":{"line":896,"column":4},"end":{"line":898,"column":5}},"266":{"start":{"line":897,"column":6},"end":{"line":897,"column":46}},"267":{"start":{"line":899,"column":4},"end":{"line":899,"column":45}},"268":{"start":{"line":903,"column":4},"end":{"line":910,"column":10}},"269":{"start":{"line":904,"column":24},"end":{"line":904,"column":113}},"270":{"start":{"line":905,"column":22},"end":{"line":910,"column":7}},"271":{"start":{"line":917,"column":4},"end":{"line":917,"column":60}},"272":{"start":{"line":917,"column":31},"end":{"line":917,"column":60}},"273":{"start":{"line":918,"column":4},"end":{"line":918,"column":60}},"274":{"start":{"line":918,"column":43},"end":{"line":918,"column":60}},"275":{"start":{"line":920,"column":24},"end":{"line":920,"column":25}},"276":{"start":{"line":921,"column":23},"end":{"line":921,"column":24}},"277":{"start":{"line":922,"column":21},"end":{"line":922,"column":22}},"278":{"start":{"line":923,"column":19},"end":{"line":923,"column":20}},"279":{"start":{"line":924,"column":21},"end":{"line":924,"column":22}},"280":{"start":{"line":926,"column":4},"end":{"line":941,"column":7}},"281":{"start":{"line":927,"column":23},"end":{"line":927,"column":47}},"282":{"start":{"line":928,"column":19},"end":{"line":928,"column":66}},"283":{"start":{"line":930,"column":6},"end":{"line":940,"column":7}},"284":{"start":{"line":931,"column":8},"end":{"line":931,"column":40}},"285":{"start":{"line":932,"column":8},"end":{"line":932,"column":40}},"286":{"start":{"line":933,"column":8},"end":{"line":933,"column":36}},"287":{"start":{"line":934,"column":13},"end":{"line":940,"column":7}},"288":{"start":{"line":935,"column":8},"end":{"line":935,"column":40}},"289":{"start":{"line":936,"column":8},"end":{"line":936,"column":38}},"290":{"start":{"line":937,"column":13},"end":{"line":940,"column":7}},"291":{"start":{"line":938,"column":8},"end":{"line":938,"column":40}},"292":{"start":{"line":939,"column":8},"end":{"line":939,"column":38}},"293":{"start":{"line":943,"column":4},"end":{"line":949,"column":6}},"294":{"start":{"line":953,"column":4},"end":{"line":958,"column":5}},"295":{"start":{"line":954,"column":6},"end":{"line":954,"column":39}},"296":{"start":{"line":956,"column":6},"end":{"line":956,"column":75}},"297":{"start":{"line":957,"column":6},"end":{"line":957,"column":18}},"298":{"start":{"line":962,"column":4},"end":{"line":962,"column":78}},"299":{"start":{"line":962,"column":50},"end":{"line":962,"column":78}},"300":{"start":{"line":963,"column":4},"end":{"line":963,"column":64}},"301":{"start":{"line":963,"column":40},"end":{"line":963,"column":64}},"302":{"start":{"line":964,"column":4},"end":{"line":964,"column":71}},"303":{"start":{"line":964,"column":47},"end":{"line":964,"column":71}},"304":{"start":{"line":965,"column":4},"end":{"line":965,"column":29}},"305":{"start":{"line":969,"column":4},"end":{"line":973,"column":23}},"306":{"start":{"line":970,"column":24},"end":{"line":970,"column":48}},"307":{"start":{"line":972,"column":21},"end":{"line":972,"column":47}},"308":{"start":{"line":977,"column":21},"end":{"line":977,"column":32}},"309":{"start":{"line":978,"column":4},"end":{"line":978,"column":83}},"310":{"start":{"line":982,"column":4},"end":{"line":988,"column":11}},"311":{"start":{"line":983,"column":6},"end":{"line":985,"column":7}},"312":{"start":{"line":984,"column":8},"end":{"line":984,"column":33}},"313":{"start":{"line":986,"column":6},"end":{"line":986,"column":37}},"314":{"start":{"line":987,"column":6},"end":{"line":987,"column":17}},"315":{"start":{"line":992,"column":18},"end":{"line":992,"column":33}},"316":{"start":{"line":993,"column":4},"end":{"line":993,"column":50}},"317":{"start":{"line":993,"column":34},"end":{"line":993,"column":50}},"318":{"start":{"line":994,"column":4},"end":{"line":994,"column":50}},"319":{"start":{"line":994,"column":34},"end":{"line":994,"column":50}},"320":{"start":{"line":995,"column":4},"end":{"line":995,"column":49}},"321":{"start":{"line":995,"column":35},"end":{"line":995,"column":49}},"322":{"start":{"line":996,"column":4},"end":{"line":996,"column":20}}},"fnMap":{"0":{"name":"(anonymous_0)","decl":{"start":{"line":52,"column":2},"end":{"line":52,"column":3}},"loc":{"start":{"line":52,"column":53},"end":{"line":54,"column":3}},"line":52},"1":{"name":"(anonymous_1)","decl":{"start":{"line":56,"column":2},"end":{"line":56,"column":3}},"loc":{"start":{"line":56,"column":45},"end":{"line":58,"column":3}},"line":56},"2":{"name":"(anonymous_2)","decl":{"start":{"line":60,"column":2},"end":{"line":60,"column":3}},"loc":{"start":{"line":60,"column":55},"end":{"line":62,"column":3}},"line":60},"3":{"name":"(anonymous_3)","decl":{"start":{"line":64,"column":2},"end":{"line":64,"column":3}},"loc":{"start":{"line":64,"column":61},"end":{"line":66,"column":3}},"line":64},"4":{"name":"(anonymous_4)","decl":{"start":{"line":68,"column":2},"end":{"line":68,"column":3}},"loc":{"start":{"line":68,"column":60},"end":{"line":70,"column":3}},"line":68},"5":{"name":"(anonymous_5)","decl":{"start":{"line":72,"column":2},"end":{"line":72,"column":3}},"loc":{"start":{"line":72,"column":80},"end":{"line":74,"column":3}},"line":72},"6":{"name":"(anonymous_6)","decl":{"start":{"line":79,"column":2},"end":{"line":79,"column":3}},"loc":{"start":{"line":85,"column":28},"end":{"line":115,"column":3}},"line":85},"7":{"name":"(anonymous_7)","decl":{"start":{"line":89,"column":11},"end":{"line":89,"column":12}},"loc":{"start":{"line":89,"column":20},"end":{"line":89,"column":45}},"line":89},"8":{"name":"(anonymous_8)","decl":{"start":{"line":120,"column":2},"end":{"line":120,"column":3}},"loc":{"start":{"line":126,"column":31},"end":{"line":212,"column":3}},"line":126},"9":{"name":"(anonymous_9)","decl":{"start":{"line":214,"column":2},"end":{"line":214,"column":3}},"loc":{"start":{"line":220,"column":77},"end":{"line":286,"column":3}},"line":220},"10":{"name":"(anonymous_10)","decl":{"start":{"line":264,"column":50},"end":{"line":264,"column":51}},"loc":{"start":{"line":264,"column":66},"end":{"line":264,"column":81}},"line":264},"11":{"name":"(anonymous_11)","decl":{"start":{"line":288,"column":2},"end":{"line":288,"column":3}},"loc":{"start":{"line":296,"column":27},"end":{"line":310,"column":3}},"line":296},"12":{"name":"(anonymous_12)","decl":{"start":{"line":315,"column":2},"end":{"line":315,"column":3}},"loc":{"start":{"line":315,"column":84},"end":{"line":355,"column":3}},"line":315},"13":{"name":"(anonymous_13)","decl":{"start":{"line":340,"column":61},"end":{"line":340,"column":62}},"loc":{"start":{"line":341,"column":8},"end":{"line":341,"column":48}},"line":341},"14":{"name":"(anonymous_14)","decl":{"start":{"line":360,"column":2},"end":{"line":360,"column":3}},"loc":{"start":{"line":360,"column":98},"end":{"line":408,"column":3}},"line":360},"15":{"name":"(anonymous_15)","decl":{"start":{"line":368,"column":18},"end":{"line":368,"column":19}},"loc":{"start":{"line":368,"column":28},"end":{"line":387,"column":5}},"line":368},"16":{"name":"(anonymous_16)","decl":{"start":{"line":370,"column":38},"end":{"line":370,"column":39}},"loc":{"start":{"line":370,"column":50},"end":{"line":386,"column":7}},"line":370},"17":{"name":"(anonymous_17)","decl":{"start":{"line":413,"column":2},"end":{"line":413,"column":3}},"loc":{"start":{"line":418,"column":28},"end":{"line":433,"column":3}},"line":418},"18":{"name":"(anonymous_18)","decl":{"start":{"line":432,"column":21},"end":{"line":432,"column":22}},"loc":{"start":{"line":432,"column":31},"end":{"line":432,"column":77}},"line":432},"19":{"name":"(anonymous_19)","decl":{"start":{"line":435,"column":2},"end":{"line":435,"column":3}},"loc":{"start":{"line":440,"column":26},"end":{"line":443,"column":3}},"line":440},"20":{"name":"(anonymous_20)","decl":{"start":{"line":448,"column":2},"end":{"line":448,"column":3}},"loc":{"start":{"line":448,"column":59},"end":{"line":472,"column":3}},"line":448},"21":{"name":"(anonymous_21)","decl":{"start":{"line":449,"column":39},"end":{"line":449,"column":40}},"loc":{"start":{"line":449,"column":49},"end":{"line":449,"column":75}},"line":449},"22":{"name":"(anonymous_22)","decl":{"start":{"line":453,"column":14},"end":{"line":453,"column":15}},"loc":{"start":{"line":453,"column":24},"end":{"line":453,"column":46}},"line":453},"23":{"name":"(anonymous_23)","decl":{"start":{"line":454,"column":14},"end":{"line":454,"column":15}},"loc":{"start":{"line":454,"column":29},"end":{"line":454,"column":64}},"line":454},"24":{"name":"(anonymous_24)","decl":{"start":{"line":459,"column":6},"end":{"line":459,"column":7}},"loc":{"start":{"line":459,"column":21},"end":{"line":459,"column":65}},"line":459},"25":{"name":"(anonymous_25)","decl":{"start":{"line":477,"column":2},"end":{"line":477,"column":3}},"loc":{"start":{"line":477,"column":76},"end":{"line":522,"column":3}},"line":477},"26":{"name":"(anonymous_26)","decl":{"start":{"line":490,"column":18},"end":{"line":490,"column":19}},"loc":{"start":{"line":490,"column":28},"end":{"line":496,"column":5}},"line":490},"27":{"name":"(anonymous_27)","decl":{"start":{"line":491,"column":48},"end":{"line":491,"column":49}},"loc":{"start":{"line":491,"column":64},"end":{"line":495,"column":7}},"line":491},"28":{"name":"(anonymous_28)","decl":{"start":{"line":499,"column":12},"end":{"line":499,"column":13}},"loc":{"start":{"line":499,"column":30},"end":{"line":499,"column":35}},"line":499},"29":{"name":"(anonymous_29)","decl":{"start":{"line":501,"column":11},"end":{"line":501,"column":12}},"loc":{"start":{"line":501,"column":23},"end":{"line":501,"column":27}},"line":501},"30":{"name":"(anonymous_30)","decl":{"start":{"line":504,"column":18},"end":{"line":504,"column":19}},"loc":{"start":{"line":504,"column":28},"end":{"line":508,"column":5}},"line":504},"31":{"name":"(anonymous_31)","decl":{"start":{"line":511,"column":12},"end":{"line":511,"column":13}},"loc":{"start":{"line":511,"column":30},"end":{"line":511,"column":35}},"line":511},"32":{"name":"(anonymous_32)","decl":{"start":{"line":513,"column":11},"end":{"line":513,"column":12}},"loc":{"start":{"line":513,"column":23},"end":{"line":513,"column":27}},"line":513},"33":{"name":"(anonymous_33)","decl":{"start":{"line":524,"column":2},"end":{"line":524,"column":3}},"loc":{"start":{"line":532,"column":4},"end":{"line":562,"column":3}},"line":532},"34":{"name":"(anonymous_34)","decl":{"start":{"line":564,"column":2},"end":{"line":564,"column":3}},"loc":{"start":{"line":569,"column":5},"end":{"line":599,"column":3}},"line":569},"35":{"name":"(anonymous_35)","decl":{"start":{"line":577,"column":18},"end":{"line":577,"column":19}},"loc":{"start":{"line":577,"column":28},"end":{"line":596,"column":5}},"line":577},"36":{"name":"(anonymous_36)","decl":{"start":{"line":579,"column":27},"end":{"line":579,"column":28}},"loc":{"start":{"line":579,"column":39},"end":{"line":595,"column":7}},"line":579},"37":{"name":"(anonymous_37)","decl":{"start":{"line":604,"column":2},"end":{"line":604,"column":3}},"loc":{"start":{"line":607,"column":19},"end":{"line":645,"column":3}},"line":607},"38":{"name":"(anonymous_38)","decl":{"start":{"line":611,"column":39},"end":{"line":611,"column":40}},"loc":{"start":{"line":611,"column":61},"end":{"line":642,"column":5}},"line":611},"39":{"name":"(anonymous_39)","decl":{"start":{"line":613,"column":8},"end":{"line":613,"column":9}},"loc":{"start":{"line":613,"column":24},"end":{"line":613,"column":86}},"line":613},"40":{"name":"(anonymous_40)","decl":{"start":{"line":618,"column":25},"end":{"line":618,"column":26}},"loc":{"start":{"line":618,"column":35},"end":{"line":623,"column":9}},"line":618},"41":{"name":"(anonymous_41)","decl":{"start":{"line":627,"column":8},"end":{"line":627,"column":9}},"loc":{"start":{"line":627,"column":23},"end":{"line":627,"column":67}},"line":627},"42":{"name":"(anonymous_42)","decl":{"start":{"line":635,"column":25},"end":{"line":635,"column":26}},"loc":{"start":{"line":635,"column":35},"end":{"line":640,"column":9}},"line":635},"43":{"name":"(anonymous_43)","decl":{"start":{"line":644,"column":22},"end":{"line":644,"column":23}},"loc":{"start":{"line":644,"column":32},"end":{"line":644,"column":70}},"line":644},"44":{"name":"(anonymous_44)","decl":{"start":{"line":650,"column":2},"end":{"line":650,"column":3}},"loc":{"start":{"line":650,"column":99},"end":{"line":682,"column":3}},"line":650},"45":{"name":"(anonymous_45)","decl":{"start":{"line":656,"column":6},"end":{"line":656,"column":7}},"loc":{"start":{"line":656,"column":29},"end":{"line":656,"column":63}},"line":656},"46":{"name":"(anonymous_46)","decl":{"start":{"line":684,"column":2},"end":{"line":684,"column":3}},"loc":{"start":{"line":689,"column":32},"end":{"line":716,"column":3}},"line":689},"47":{"name":"(anonymous_47)","decl":{"start":{"line":718,"column":2},"end":{"line":718,"column":3}},"loc":{"start":{"line":718,"column":57},"end":{"line":742,"column":3}},"line":718},"48":{"name":"(anonymous_48)","decl":{"start":{"line":719,"column":52},"end":{"line":719,"column":53}},"loc":{"start":{"line":719,"column":62},"end":{"line":719,"column":88}},"line":719},"49":{"name":"(anonymous_49)","decl":{"start":{"line":722,"column":14},"end":{"line":722,"column":15}},"loc":{"start":{"line":722,"column":24},"end":{"line":727,"column":7}},"line":722},"50":{"name":"(anonymous_50)","decl":{"start":{"line":728,"colu
[...]
0,"column":26},"end":{"line":100,"column":37}},"28":{"start":{"line":101,"column":4},"end":{"line":123,"column":8}},"29":{"start":{"line":101,"column":20},"end":{"line":123,"column":5}},"30":{"start":{"line":104,"column":10},"end":{"line":113,"column":18}},"31":{"start":{"line":116,"column":10},"end":{"line":118,"column":11}},"32":{"start":{"line":117,"column":12},"end":{"line":117,"column":43}},"33":{"start":{"line":119,"column":24},"end":{"line":119,"column":75}},"34":{"start":{"line":120,"column":24},"end":{"line":120,"column":75}},"35":{"start":{"line":121,"column":10},"end":{"line":121,"column":31}},"36":{"start":{"line":125,"column":4},"end":{"line":132,"column":5}},"37":{"start":{"line":126,"column":22},"end":{"line":126,"column":67}},"38":{"start":{"line":127,"column":6},"end":{"line":127,"column":49}},"39":{"start":{"line":129,"column":6},"end":{"line":129,"column":68}},"40":{"start":{"line":130,"column":6},"end":{"line":130,"column":36}},"41":{"start":{"line":131,"column":6},"end":{"line":131,"column":18}},"42":{"start":{"line":136,"column":26},"end":{"line":136,"column":37}},"43":{"start":{"line":137,"column":4},"end":{"line":139,"column":8}},"44":{"start":{"line":137,"column":20},"end":{"line":139,"column":5}},"45":{"start":{"line":138,"column":42},"end":{"line":138,"column":60}},"46":{"start":{"line":141,"column":4},"end":{"line":148,"column":5}},"47":{"start":{"line":142,"column":6},"end":{"line":142,"column":43}},"48":{"start":{"line":143,"column":6},"end":{"line":143,"column":18}},"49":{"start":{"line":145,"column":6},"end":{"line":145,"column":68}},"50":{"start":{"line":146,"column":6},"end":{"line":146,"column":36}},"51":{"start":{"line":147,"column":6},"end":{"line":147,"column":19}},"52":{"start":{"line":152,"column":26},"end":{"line":152,"column":37}},"53":{"start":{"line":153,"column":22},"end":{"line":153,"column":72}},"54":{"start":{"line":153,"column":53},"end":{"line":153,"column":71}},"55":{"start":{"line":154,"column":4},"end":{"line":154,"column":30}},"56":{"start":{"line":156,"column":4},"end":{"line":163,"column":5}},"57":{"start":{"line":157,"column":6},"end":{"line":157,"column":34}},"58":{"start":{"line":158,"column":6},"end":{"line":158,"column":18}},"59":{"start":{"line":160,"column":6},"end":{"line":160,"column":72}},"60":{"start":{"line":161,"column":6},"end":{"line":161,"column":36}},"61":{"start":{"line":162,"column":6},"end":{"line":162,"column":19}},"62":{"start":{"line":167,"column":26},"end":{"line":167,"column":37}},"63":{"start":{"line":168,"column":4},"end":{"line":168,"column":23}},"64":{"start":{"line":170,"column":4},"end":{"line":177,"column":5}},"65":{"start":{"line":171,"column":6},"end":{"line":171,"column":28}},"66":{"start":{"line":172,"column":6},"end":{"line":172,"column":18}},"67":{"start":{"line":174,"column":6},"end":{"line":174,"column":66}},"68":{"start":{"line":175,"column":6},"end":{"line":175,"column":36}},"69":{"start":{"line":176,"column":6},"end":{"line":176,"column":19}}},"fnMap":{"0":{"name":"mapDbToUi","decl":{"start":{"line":42,"column":9},"end":{"line":42,"column":18}},"loc":{"start":{"line":42,"column":64},"end":{"line":53,"column":1}},"line":42},"1":{"name":"(anonymous_1)","decl":{"start":{"line":55,"column":62},"end":{"line":55,"column":63}},"loc":{"start":{"line":55,"column":77},"end":{"line":179,"column":1}},"line":55},"2":{"name":"(anonymous_2)","decl":{"start":{"line":60,"column":14},"end":{"line":60,"column":15}},"loc":{"start":{"line":60,"column":26},"end":{"line":75,"column":3}},"line":60},"3":{"name":"(anonymous_3)","decl":{"start":{"line":77,"column":11},"end":{"line":77,"column":12}},"loc":{"start":{"line":77,"column":28},"end":{"line":97,"column":3}},"line":77},"4":{"name":"(anonymous_4)","decl":{"start":{"line":82,"column":10},"end":{"line":82,"column":11}},"loc":{"start":{"line":82,"column":22},"end":{"line":91,"column":7}},"line":82},"5":{"name":"(anonymous_5)","decl":{"start":{"line":83,"column":45},"end":{"line":83,"column":46}},"loc":{"start":{"line":83,"column":55},"end":{"line":90,"column":9}},"line":83},"6":{"name":"(anonymous_6)","decl":{"start":{"line":99,"column":14},"end":{"line":99,"column":15}},"loc":{"start":{"line":99,"column":41},"end":{"line":133,"column":3}},"line":99},"7":{"name":"(anonymous_7)","decl":{"start":{"line":101,"column":8},"end":{"line":101,"column":9}},"loc":{"start":{"line":101,"column":20},"end":{"line":123,"column":5}},"line":101},"8":{"name":"(anonymous_8)","decl":{"start":{"line":103,"column":13},"end":{"line":103,"column":14}},"loc":{"start":{"line":104,"column":10},"end":{"line":113,"column":18}},"line":104},"9":{"name":"(anonymous_9)","decl":{"start":{"line":115,"column":14},"end":{"line":115,"column":15}},"loc":{"start":{"line":115,"column":24},"end":{"line":122,"column":9}},"line":115},"10":{"name":"(anonymous_10)","decl":{"start":{"line":135,"column":14},"end":{"line":135,"column":15}},"loc":{"start":{"line":135,"column":32},"end":{"line":149,"column":3}},"line":135},"11":{"name":"(anonymous_11)","decl":{"start":{"line":137,"column":8},"end":{"line":137,"column":9}},"loc":{"start":{"line":137,"column":20},"end":{"line":139,"column":5}},"line":137},"12":{"name":"(anonymous_12)","decl":{"start":{"line":138,"column":32},"end":{"line":138,"column":33}},"loc":{"start":{"line":138,"column":42},"end":{"line":138,"column":60}},"line":138},"13":{"name":"(anonymous_13)","decl":{"start":{"line":151,"column":18},"end":{"line":151,"column":19}},"loc":{"start":{"line":151,"column":30},"end":{"line":164,"column":3}},"line":151},"14":{"name":"(anonymous_14)","decl":{"start":{"line":153,"column":43},"end":{"line":153,"column":44}},"loc":{"start":{"line":153,"column":53},"end":{"line":153,"column":71}},"line":153},"15":{"name":"(anonymous_15)","decl":{"start":{"line":166,"column":12},"end":{"line":166,"column":13}},"loc":{"start":{"line":166,"column":24},"end":{"line":178,"column":3}},"line":166}},"branchMap":{"0":{"loc":{"start":{"line":47,"column":14},"end":{"line":47,"column":35}},"type":"binary-expr","locations":[{"start":{"line":47,"column":14},"end":{"line":47,"column":27}},{"start":{"line":47,"column":31},"end":{"line":47,"column":35}}],"line":47},"1":{"loc":{"start":{"line":48,"column":10},"end":{"line":48,"column":27}},"type":"binary-expr","locations":[{"start":{"line":48,"column":10},"end":{"line":48,"column":19}},{"start":{"line":48,"column":23},"end":{"line":48,"column":27}}],"line":48},"2":{"loc":{"start":{"line":49,"column":18},"end":{"line":49,"column":44}},"type":"binary-expr","locations":[{"start":{"line":49,"column":18},"end":{"line":49,"column":35}},{"start":{"line":49,"column":39},"end":{"line":49,"column":44}}],"line":49},"3":{"loc":{"start":{"line":50,"column":16},"end":{"line":50,"column":39}},"type":"binary-expr","locations":[{"start":{"line":50,"column":16},"end":{"line":50,"column":31}},{"start":{"line":50,"column":35},"end":{"line":50,"column":39}}],"line":50},"4":{"loc":{"start":{"line":51,"column":16},"end":{"line":51,"column":39}},"type":"binary-expr","locations":[{"start":{"line":51,"column":16},"end":{"line":51,"column":31}},{"start":{"line":51,"column":35},"end":{"line":51,"column":39}}],"line":51},"5":{"loc":{"start":{"line":61,"column":4},"end":{"line":61,"column":32}},"type":"if","locations":[{"start":{"line":61,"column":4},"end":{"line":61,"column":32}},{"start":{},"end":{}}],"line":61},"6":{"loc":{"start":{"line":72,"column":22},"end":{"line":72,"column":103}},"type":"cond-expr","locations":[{"start":{"line":72,"column":47},"end":{"line":72,"column":60}},{"start":{"line":72,"column":63},"end":{"line":72,"column":103}}],"line":72},"7":{"loc":{"start":{"line":80,"column":6},"end":{"line":80,"column":32}},"type":"if","locations":[{"start":{"line":80,"column":6},"end":{"line":80,"column":32}},{"start":{},"end":{}}],"line":80},"8":{"loc":{"start":{"line":84,"column":10},"end":{"line":86,"column":11}},"type":"if","locations":[{"start":{"line":84,"column":10},"end":{"line":86,"column":11}},{"start":{},"end":{}}],"line":84},"9":{"loc":{"start":{"line":85,"column":19},"end":{"line":85,"column":42}},"type":"cond-expr","locations":[{"start":{"line":85,"column":36},"end":{"line":85,"column":37}},{"start":{"line":85,"column":40},"end":{"line":85,"column":42}}],"line":85},"10":{"loc":{"start":{"line":87,"column":24},"end":{"line":87,"column":75}},"type":"cond-expr","locations":[{"start":{"line":87,"column":39},"end":{"line":87,"column":71}},{"start":{"line":87,"column":74},"end":{"line":87,"column":75}}],"line":87},"11":{"loc":{"start":{"line":88,"column":24},"end":{"line":88,"column":75}},"type":"cond-expr","locations":[{"start":{"line":88,"column":39},"end":{"line":88,"column":71}},{"start":{"line":88,"column":74},"end":{"line":88,"column":75}}],"line":88},"12":{"loc":{"start":{"line":104,"column":10},"end":{"line":113,"column":18}},"type":"cond-expr","locations":[{"start":{"line":105,"column":14},"end":{"line":112,"column":15}},{"start":{"line":113,"column":14},"end":{"line":113,"column":18}}],"line":104},"13":{"loc":{"start":{"line":108,"column":26},"end":{"line":108,"column":59}},"type":"binary-expr","locations":[{"start":{"line":108,"column":26},"end":{"line":108,"column":42}},{"start":{"line":108,"column":46},"end":{"line":108,"column":59}}],"line":108},"14":{"loc":{"start":{"line":109,"column":22},"end":{"line":109,"column":47}},"type":"binary-expr","locations":[{"start":{"line":109,"column":22},"end":{"line":109,"column":34}},{"start":{"line":109,"column":38},"end":{"line":109,"column":47}}],"line":109},"15":{"loc":{"start":{"line":110,"column":22},"end":{"line":110,"column":47}},"type":"binary-expr","locations":[{"start":{"line":110,"column":22},"end":{"line":110,"column":34}},{"start":{"line":110,"column":38},"end":{"line":110,"column":47}}],"line":110},"16":{"loc":{"start":{"line":111,"column":30},"end":{"line":111,"column":71}},"type":"binary-expr","locations":[{"start":{"line":111,"column":30},"end":{"line":111,"column":50}},{"start":{"line":111,"column":54},"end":{"line":111,"column":71}}],"line":111},"17":{"loc":{"start":{"line":116,"column":10},"end":{"line":118,"column":11}},"type":"if","locations":[{"start":{"line":116,"column":10},"end":{"line":118,"column":11}},{"start":{},"end":{}}],"line":116},"18":{"loc":{"start":{"line":117,"column":19},"end":{"line":117,"column":42}},"type":"cond-expr","locations":[{"start":{"line":117,"column":36},"end":{"line":117,"column":37}},{"start":{"line":117,"column":40},"end":{"line":117,"column":42}}],"line":117},"19":{"loc":{"start":{"line":119,"column":24},"end":{"line":119,"column":75}},"type":"cond-expr","locations":[{"start":{"line":119,"column":39},"end":{"line":119,"column":71}},{"start":{"line":119,"column":74},"end":{"line":119,"column":75}}],"line":119},"20":{"loc":{"start":{"line":120,"column":24},"end":{"line":120,"column":75}},"type":"cond-expr","locations":[{"start":{"line":120,"column":39},"end":{"line":120,"column":71}},{"start":{"line":120,"column":74},"end":{"line":120,"column":75}}],"line":120},"21":{"loc":{"start":{"line":127,"column":13},"end":{"line":127,"column":48}},"type":"cond-expr","locations":[{"start":{"line":127,"column":23},"end":{"line":127,"column":41}},{"start":{"line":127,"column":44},"end":{"line":127,"column":48}}],"line":127}},"s":{"0":0,"1":1,"2":1,"3":0,"4":0,"5":0,"6":0,"7":0,"8":0,"9":0,"10":0,"11":0,"12":0,"13":0,"14":0,"15":0,"16":0,"17":0,"18":0,"19":0,"20":0,"21":0,"22":0,"23":0,"24":0,"25":0,"26":0,"27":0,"28":0,"29":0,"30":0,"31":0,"32":0,"33":0,"34":0,"35":0,"36":0,"37":0,"38":0,"39":0,"40":0,"41":0,"42":0,"43":0,"44":0,"45":0,"46":0,"47":0,"48":0,"49":0,"50":0,"51":0,"52":0,"53":0,"54":0,"55":0,"56":0,"57":0,"58":0,"59":0,"60":0,"61":0,"62":0,"63":0,"64":0,"65":0,"66":0,"67":0,"68":0,"69":0},"f":{"0":0,"1":1,"2":0,"3":0,"4":0,"5":0,"6":0,"7":0,"8":0,"9":0,"10":0,"11":0,"12":0,"13":0,"14":0,"15":0},"b":{"0":[0,0],"1":[0,0],"2":[0,0],"3":[0,0],"4":[0,0],"5":[0,0],"6":[0,0],"7":[0,0],"8":[0,0],"9":[0,0],"10":[0,0],"11":[0,0],"12":[0,0],"13":[0,0],"14":[0,0],"15":[0,0],"16":[0,0],"17":[0,0],"18":[0,0],"19":[0,0],"20":[0,0],"21":[0,0]},"_coverageSchema":"1a1c01bbd47fc00a2c39e90264f33305004495a9","hash":"90dc9fba76620fae67c3c5f7b8602a810fbd7a7c"}
,"/Users/santiagobalosky/Downloads/A comerla HECHA POR MI/src/types/recipeRecommendationTypes.ts": {"path":"/Users/santiagobalosky/Downloads/A comerla HECHA POR MI/src/types/recipeRecommendationTypes.ts","statementMap":{"0":{"start":{"line":26,"column":35},"end":{"line":31,"column":10}},"1":{"start":{"line":38,"column":37},"end":{"line":42,"column":10}},"2":{"start":{"line":143,"column":2},"end":{"line":143,"column":33}},"3":{"start":{"line":143,"column":24},"end":{"line":143,"column":33}},"4":{"start":{"line":145,"column":17},"end":{"line":145,"column":43}},"5":{"start":{"line":146,"column":2},"end":{"line":146,"column":36}},"6":{"start":{"line":146,"column":27},"end":{"line":146,"column":36}},"7":{"start":{"line":148,"column":18},"end":{"line":148,"column":37}},"8":{"start":{"line":149,"column":20},"end":{"line":149,"column":46}},"9":{"start":{"line":151,"column":20},"end":{"line":154,"column":3}},"10":{"start":{"line":152,"column":19},"end":{"line":152,"column":51}},"11":{"start":{"line":158,"column":31},"end":{"line":158,"column":71}},"12":{"start":{"line":159,"column":2},"end":{"line":159,"column":43}},"13":{"start":{"line":159,"column":34},"end":{"line":159,"column":43}},"14":{"start":{"line":161,"column":2},"end":{"line":161,"column":61}},"15":{"start":{"line":168,"column":29},"end":{"line":170,"column":1}},"16":{"start":{"line":169,"column":2},"end":{"line":169,"column":64}},"17":{"start":{"line":172,"column":33},"end":{"line":177,"column":1}},"18":{"start":{"line":173,"column":2},"end":{"line":176,"column":19}},"19":{"start":{"line":179,"column":36},"end":{"line":181,"column":1}},"20":{"start":{"line":180,"column":2},"end":{"line":180,"column":65}},"21":{"start":{"line":183,"column":34},"end":{"line":185,"column":1}},"22":{"start":{"line":184,"column":2},"end":{"line":184,"column":62}},"23":{"start":{"line":190,"column":34},"end":{"line":194,"column":10}}},"fnMap":{"0":{"name":"calculateVarietyScore","decl":{"start":{"line":139,"column":16},"end":{"line":139,"column":37}},"loc":{"start":{"line":142,"column":10},"end":{"line":162,"column":1}},"line":142},"1":{"name":"(anonymous_1)","decl":{"start":{"line":152,"column":4},"end":{"line":152,"column":5}},"loc":{"start":{"line":152,"column":19},"end":{"line":152,"column":51}},"line":152},"2":{"name":"(anonymous_2)","decl":{"start":{"line":168,"column":29},"end":{"line":168,"column":30}},"loc":{"start":{"line":168,"column":58},"end":{"line":170,"column":1}},"line":168},"3":{"name":"(anonymous_3)","decl":{"start":{"line":172,"column":33},"end":{"line":172,"column":34}},"loc":{"start":{"line":172,"column":71},"end":{"line":177,"column":1}},"line":172},"4":{"name":"(anonymous_4)","decl":{"start":{"line":179,"column":36},"end":{"line":179,"column":37}},"loc":{"start":{"line":179,"column":81},"end":{"line":181,"column":1}},"line":179},"5":{"name":"(anonymous_5)","decl":{"start":{"line":183,"column":34},"end":{"line":183,"column":35}},"loc":{"start":{"line":183,"column":79},"end":{"line":185,"column":1}},"line":183}},"branchMap":{"0":{"loc":{"start":{"line":143,"column":2},"end":{"line":143,"column":33}},"type":"if","locations":[{"start":{"line":143,"column":2},"end":{"line":143,"column":33}},{"start":{},"end":{}}],"line":143},"1":{"loc":{"start":{"line":146,"column":2},"end":{"line":146,"column":36}},"type":"if","locations":[{"start":{"line":146,"column":2},"end":{"line":146,"column":36}},{"start":{},"end":{}}],"line":146},"2":{"loc":{"start":{"line":159,"column":2},"end":{"line":159,"column":43}},"type":"if","locations":[{"start":{"line":159,"column":2},"end":{"line":159,"column":43}},{"start":{},"end":{}}],"line":159},"3":{"loc":{"start":{"line":169,"column":9},"end":{"line":169,"column":63}},"type":"binary-expr","locations":[{"start":{"line":169,"column":9},"end":{"line":169,"column":33}},{"start":{"line":169,"column":37},"end":{"line":169,"column":48}},{"start":{"line":169,"column":52},"end":{"line":169,"column":63}}],"line":169}},"s":{"0":4,"1":4,"2":0,"3":0,"4":0,"5":0,"6":0,"7":0,"8":0,"9":0,"10":0,"11":0,"12":0,"13":0,"14":0,"15":4,"16":0,"17":4,"18":0,"19":4,"20":0,"21":4,"22":0,"23":4},"f":{"0":0,"1":0,"2":0,"3":0,"4":0,"5":0},"b":{"0":[0,0],"1":[0,0],"2":[0,0],"3":[0,0,0]},"_coverageSchema":"1a1c01bbd47fc00a2c39e90264f33305004495a9","hash":"9c028b6f6cc192d0ed9ff2c41b5909788a4b6e31"}
,"/Users/santiagobalosky/Downloads/A comerla HECHA POR MI/src/types/userPreferences.ts": {"path":"/Users/santiagobalosky/Downloads/A comerla HECHA POR MI/src/types/userPreferences.ts","statementMap":{"0":{"start":{"line":72,"column":38},"end":{"line":74,"column":1}},"1":{"start":{"line":73,"column":2},"end":{"line":73,"column":57}},"2":{"start":{"line":76,"column":31},"end":{"line":78,"column":1}},"3":{"start":{"line":77,"column":2},"end":{"line":77,"column":66}},"4":{"start":{"line":80,"column":33},"end":{"line":82,"column":1}},"5":{"start":{"line":81,"column":2},"end":{"line":81,"column":53}},"6":{"start":{"line":87,"column":57},"end":{"line":102,"column":1}},"7":{"start":{"line":108,"column":35},"end":{"line":126,"column":10}},"8":{"start":{"line":134,"column":45},"end":{"line":134,"column":47}},"9":{"start":{"line":136,"column":2},"end":{"line":138,"column":3}},"10":{"start":{"line":137,"column":4},"end":{"line":137,"column":65}},"11":{"start":{"line":140,"column":2},"end":{"line":145,"column":3}},"12":{"start":{"line":141,"column":4},"end":{"line":144,"column":6}},"13":{"start":{"line":147,"column":2},"end":{"line":152,"column":3}},"14":{"start":{"line":148,"column":4},"end":{"line":151,"column":19}},"15":{"start":{"line":154,"column":2},"end":{"line":154,"column":18}}},"fnMap":{"0":{"name":"(anonymous_0)","decl":{"start":{"line":72,"column":38},"end":{"line":72,"column":39}},"loc":{"start":{"line":72,"column":83},"end":{"line":74,"column":1}},"line":72},"1":{"name":"(anonymous_1)","decl":{"start":{"line":76,"column":31},"end":{"line":76,"column":32}},"loc":{"start":{"line":76,"column":67},"end":{"line":78,"column":1}},"line":76},"2":{"name":"(anonymous_2)","decl":{"start":{"line":80,"column":33},"end":{"line":80,"column":34}},"loc":{"start":{"line":80,"column":60},"end":{"line":82,"column":1}},"line":80},"3":{"name":"migrateOldPreferences","decl":{"start":{"line":133,"column":16},"end":{"line":133,"column":37}},"loc":{"start":{"line":133,"column":100},"end":{"line":155,"column":1}},"line":133}},"branchMap":{"0":{"loc":{"start":{"line":136,"column":2},"end":{"line":138,"column":3}},"type":"if","locations":[{"start":{"line":136,"column":2},"end":{"line":138,"column":3}},{"start":{},"end":{}}],"line":136},"1":{"loc":{"start":{"line":140,"column":2},"end":{"line":145,"column":3}},"type":"if","locations":[{"start":{"line":140,"column":2},"end":{"line":145,"column":3}},{"start":{},"end":{}}],"line":140},"2":{"loc":{"start":{"line":142,"column":10},"end":{"line":142,"column":44}},"type":"binary-expr","locations":[{"start":{"line":142,"column":10},"end":{"line":142,"column":38}},{"start":{"line":142,"column":42},"end":{"line":142,"column":44}}],"line":142},"3":{"loc":{"start":{"line":147,"column":2},"end":{"line":152,"column":3}},"type":"if","locations":[{"start":{"line":147,"column":2},"end":{"line":152,"column":3}},{"start":{},"end":{}}],"line":147},"4":{"loc":{"start":{"line":149,"column":6},"end":{"line":151,"column":18}},"type":"cond-expr","locations":[{"start":{"line":150,"column":10},"end":{"line":150,"column":40}},{"start":{"line":151,"column":10},"end":{"line":151,"column":18}}],"line":149}},"s":{"0":3,"1":0,"2":3,"3":0,"4":3,"5":0,"6":3,"7":3,"8":0,"9":0,"10":0,"11":0,"12":0,"13":0,"14":0,"15":0},"f":{"0":0,"1":0,"2":0,"3":0},"b":{"0":[0,0],"1":[0,0],"2":[0,0],"3":[0,0],"4":[0,0]},"_coverageSchema":"1a1c01bbd47fc00a2c39e90264f33305004495a9","hash":"d11eb2aa14d0d69336f4a4f2f240861e7bf5a3a8"}
}
