TN:
SF:src/components/ui/badge.tsx
FN:30,Badge
FNF:1
FNH:1
FNDA:10,Badge
DA:6,1
DA:31,10
LF:2
LH:2
BRF:0
BRH:0
end_of_record
TN:
SF:src/components/ui/button.tsx
FN:46,(anonymous_0)
FNF:1
FNH:1
FNDA:85,(anonymous_0)
DA:7,1
DA:45,1
DA:47,85
DA:48,85
DA:57,1
LF:5
LH:5
BRDA:46,0,0,85
BRDA:47,1,0,0
BRDA:47,1,1,85
BRF:3
BRH:2
end_of_record
TN:
SF:src/components/ui/dropdown-menu.tsx
FN:24,(anonymous_0)
FN:44,(anonymous_1)
FN:60,(anonymous_2)
FN:81,(anonymous_3)
FN:97,(anonymous_4)
FN:121,(anonymous_5)
FN:145,(anonymous_6)
FN:161,(anonymous_7)
FN:170,(anonymous_8)
FNF:9
FNH:1
FNDA:0,(anonymous_0)
FNDA:0,(anonymous_1)
FNDA:14,(anonymous_2)
FNDA:0,(anonymous_3)
FNDA:0,(anonymous_4)
FNDA:0,(anonymous_5)
FNDA:0,(anonymous_6)
FNDA:0,(anonymous_7)
FNDA:0,(anonymous_8)
DA:7,1
DA:9,1
DA:11,1
DA:13,1
DA:15,1
DA:17,1
DA:19,1
DA:25,0
DA:38,1
DA:41,1
DA:45,0
DA:54,1
DA:57,1
DA:61,14
DA:74,1
DA:76,1
DA:82,0
DA:92,1
DA:94,1
DA:98,0
DA:115,1
DA:118,1
DA:122,0
DA:138,1
DA:140,1
DA:146,0
DA:156,1
DA:158,1
DA:162,0
DA:168,1
DA:170,1
DA:174,0
DA:181,1
LF:33
LH:25
BRDA:29,0,0,0
BRDA:29,0,1,0
BRDA:60,1,0,14
BRDA:86,2,0,0
BRDA:86,2,1,0
BRDA:150,3,0,0
BRDA:150,3,1,0
BRF:7
BRH:1
end_of_record
TN:
SF:src/config/recipeTags.ts
FN:21,(anonymous_0)
FN:64,(anonymous_1)
FN:77,determineRecipeCategory
FN:82,(anonymous_3)
FNF:4
FNH:1
FNDA:0,(anonymous_0)
FNDA:20,(anonymous_1)
FNDA:0,determineRecipeCategory
FNDA:0,(anonymous_3)
DA:21,2
DA:22,0
DA:23,0
DA:24,0
DA:25,0
DA:26,0
DA:27,0
DA:28,0
DA:29,0
DA:30,0
DA:31,0
DA:32,0
DA:33,0
DA:34,0
DA:37,2
DA:51,2
DA:63,2
DA:64,20
DA:82,0
DA:84,0
DA:85,0
DA:87,0
DA:88,0
DA:90,0
DA:91,0
DA:93,0
DA:94,0
DA:96,0
DA:97,0
DA:99,0
DA:100,0
DA:102,0
DA:103,0
DA:105,0
DA:106,0
DA:110,0
LF:36
LH:5
BRDA:23,0,0,0
BRDA:23,0,1,0
BRDA:23,0,2,0
BRDA:23,0,3,0
BRDA:23,0,4,0
BRDA:23,0,5,0
BRDA:23,0,6,0
BRDA:23,0,7,0
BRDA:23,0,8,0
BRDA:23,0,9,0
BRDA:23,0,10,0
BRDA:84,1,0,0
BRDA:84,1,1,0
BRDA:84,2,0,0
BRDA:84,2,1,0
BRDA:87,3,0,0
BRDA:87,3,1,0
BRDA:87,4,0,0
BRDA:87,4,1,0
BRDA:90,5,0,0
BRDA:90,5,1,0
BRDA:90,6,0,0
BRDA:90,6,1,0
BRDA:93,7,0,0
BRDA:93,7,1,0
BRDA:93,8,0,0
BRDA:93,8,1,0
BRDA:96,9,0,0
BRDA:96,9,1,0
BRDA:96,10,0,0
BRDA:96,10,1,0
BRDA:99,11,0,0
BRDA:99,11,1,0
BRDA:99,12,0,0
BRDA:99,12,1,0
BRDA:102,13,0,0
BRDA:102,13,1,0
BRDA:102,14,0,0
BRDA:102,14,1,0
BRDA:105,15,0,0
BRDA:105,15,1,0
BRDA:105,16,0,0
BRDA:105,16,1,0
BRF:43
BRH:0
end_of_record
TN:
SF:src/features/ingredients/ingredientService.ts
FN:33,(anonymous_0)
FN:57,(anonymous_1)
FN:79,(anonymous_2)
FN:100,toSingular
FN:109,toPlural
FN:124,normalizeIngredientName
FN:134,(anonymous_6)
FN:147,(anonymous_7)
FNF:8
FNH:0
FNDA:0,(anonymous_0)
FNDA:0,(anonymous_1)
FNDA:0,(anonymous_2)
FNDA:0,toSingular
FNDA:0,toPlural
FNDA:0,normalizeIngredientName
FNDA:0,(anonymous_6)
FNDA:0,(anonymous_7)
DA:5,5
DA:15,5
DA:25,5
DA:33,5
DA:34,0
DA:35,0
DA:38,0
DA:44,0
DA:45,0
DA:46,0
DA:49,0
DA:57,5
DA:58,0
DA:64,0
DA:65,0
DA:66,0
DA:71,0
DA:79,5
DA:80,0
DA:81,0
DA:83,0
DA:92,0
DA:93,0
DA:94,0
DA:97,0
DA:101,0
DA:102,0
DA:103,0
DA:106,0
DA:110,0
DA:111,0
DA:112,0
DA:115,0
DA:125,0
DA:126,0
DA:129,0
DA:132,0
DA:134,0
DA:138,0
DA:147,5
DA:148,0
DA:149,0
DA:150,0
DA:152,0
DA:155,0
DA:156,0
DA:157,0
DA:158,0
DA:161,0
DA:163,0
DA:164,0
DA:165,0
LF:52
LH:7
BRDA:33,0,0,0
BRDA:34,1,0,0
BRDA:34,1,1,0
BRDA:34,2,0,0
BRDA:34,2,1,0
BRDA:44,3,0,0
BRDA:44,3,1,0
BRDA:49,4,0,0
BRDA:49,4,1,0
BRDA:64,5,0,0
BRDA:64,5,1,0
BRDA:71,6,0,0
BRDA:71,6,1,0
BRDA:71,7,0,0
BRDA:71,7,1,0
BRDA:81,8,0,0
BRDA:81,8,1,0
BRDA:92,9,0,0
BRDA:92,9,1,0
BRDA:102,10,0,0
BRDA:102,10,1,0
BRDA:111,11,0,0
BRDA:111,11,1,0
BRDA:124,12,0,0
BRDA:126,13,0,0
BRDA:126,13,1,0
BRDA:138,14,0,0
BRDA:138,14,1,0
BRDA:147,15,0,0
BRDA:149,16,0,0
BRDA:149,16,1,0
BRDA:156,17,0,0
BRDA:156,17,1,0
BRF:33
BRH:0
end_of_record
TN:
SF:src/features/pantry/pantryService.ts
FN:8,(anonymous_0)
FN:15,(anonymous_1)
FN:31,(anonymous_2)
FN:64,(anonymous_3)
FN:82,(anonymous_4)
FN:145,(anonymous_5)
FN:183,(anonymous_6)
FN:199,(anonymous_7)
FN:217,(anonymous_8)
FN:252,(anonymous_9)
FNF:10
FNH:0
FNDA:0,(anonymous_0)
FNDA:0,(anonymous_1)
FNDA:0,(anonymous_2)
FNDA:0,(anonymous_3)
FNDA:0,(anonymous_4)
FNDA:0,(anonymous_5)
FNDA:0,(anonymous_6)
FNDA:0,(anonymous_7)
FNDA:0,(anonymous_8)
FNDA:0,(anonymous_9)
DA:8,4
DA:9,0
DA:15,4
DA:16,0
DA:17,0
DA:20,0
DA:21,0
DA:23,0
DA:29,0
DA:31,0
DA:64,4
DA:65,0
DA:66,0
DA:68,0
DA:75,0
DA:76,0
DA:82,4
DA:83,0
DA:84,0
DA:86,0
DA:91,0
DA:92,0
DA:93,0
DA:94,0
DA:95,0
DA:96,0
DA:99,0
DA:103,0
DA:122,0
DA:123,0
DA:125,0
DA:145,4
DA:146,0
DA:147,0
DA:149,0
DA:160,0
DA:161,0
DA:163,0
DA:183,4
DA:184,0
DA:185,0
DA:187,0
DA:193,0
DA:199,4
DA:200,0
DA:202,0
DA:203,0
DA:205,0
DA:211,0
DA:217,4
DA:218,0
DA:219,0
DA:221,0
DA:229,0
DA:230,0
DA:232,0
DA:252,4
DA:253,0
DA:254,0
DA:256,0
DA:261,0
LF:61
LH:9
BRDA:16,0,0,0
BRDA:16,0,1,0
BRDA:21,1,0,0
BRDA:21,1,1,0
BRDA:21,2,0,0
BRDA:21,2,1,0
BRDA:29,3,0,0
BRDA:29,3,1,0
BRDA:31,4,0,0
BRDA:31,4,1,0
BRDA:34,5,0,0
BRDA:34,5,1,0
BRDA:35,6,0,0
BRDA:35,6,1,0
BRDA:36,7,0,0
BRDA:36,7,1,0
BRDA:37,8,0,0
BRDA:37,8,1,0
BRDA:38,9,0,0
BRDA:38,9,1,0
BRDA:39,10,0,0
BRDA:39,10,1,0
BRDA:40,11,0,0
BRDA:40,11,1,0
BRDA:41,12,0,0
BRDA:41,12,1,0
BRDA:42,13,0,0
BRDA:42,13,1,0
BRDA:43,14,0,0
BRDA:43,14,1,0
BRDA:45,15,0,0
BRDA:45,15,1,0
BRDA:47,16,0,0
BRDA:47,16,1,0
BRDA:48,17,0,0
BRDA:48,17,1,0
BRDA:50,18,0,0
BRDA:50,18,1,0
BRDA:53,19,0,0
BRDA:53,19,1,0
BRDA:54,20,0,0
BRDA:54,20,1,0
BRDA:66,21,0,0
BRDA:66,21,1,0
BRDA:75,22,0,0
BRDA:75,22,1,0
BRDA:76,23,0,0
BRDA:76,23,1,0
BRDA:84,24,0,0
BRDA:84,24,1,0
BRDA:88,25,0,0
BRDA:88,25,1,0
BRDA:92,26,0,0
BRDA:92,26,1,0
BRDA:92,27,0,0
BRDA:92,27,1,0
BRDA:95,28,0,0
BRDA:95,28,1,0
BRDA:108,29,0,0
BRDA:108,29,1,0
BRDA:117,30,0,0
BRDA:117,30,1,0
BRDA:122,31,0,0
BRDA:122,31,1,0
BRDA:123,32,0,0
BRDA:123,32,1,0
BRDA:127,33,0,0
BRDA:127,33,1,0
BRDA:129,34,0,0
BRDA:129,34,1,0
BRDA:132,35,0,0
BRDA:132,35,1,0
BRDA:147,36,0,0
BRDA:147,36,1,0
BRDA:160,37,0,0
BRDA:160,37,1,0
BRDA:161,38,0,0
BRDA:161,38,1,0
BRDA:165,39,0,0
BRDA:165,39,1,0
BRDA:167,40,0,0
BRDA:167,40,1,0
BRDA:170,41,0,0
BRDA:170,41,1,0
BRDA:185,42,0,0
BRDA:185,42,1,0
BRDA:193,43,0,0
BRDA:193,43,1,0
BRDA:200,44,0,0
BRDA:200,44,1,0
BRDA:203,45,0,0
BRDA:203,45,1,0
BRDA:211,46,0,0
BRDA:211,46,1,0
BRDA:219,47,0,0
BRDA:219,47,1,0
BRDA:229,48,0,0
BRDA:229,48,1,0
BRDA:230,49,0,0
BRDA:230,49,1,0
BRDA:234,50,0,0
BRDA:234,50,1,0
BRDA:236,51,0,0
BRDA:236,51,1,0
BRDA:239,52,0,0
BRDA:239,52,1,0
BRDA:254,53,0,0
BRDA:254,53,1,0
BRDA:261,54,0,0
BRDA:261,54,1,0
BRF:110
BRH:0
end_of_record
TN:
SF:src/features/planning/planningEngine.ts
FN:52,(anonymous_0)
FN:56,(anonymous_1)
FN:60,(anonymous_2)
FN:64,(anonymous_3)
FN:68,(anonymous_4)
FN:72,(anonymous_5)
FN:79,(anonymous_6)
FN:89,(anonymous_7)
FN:120,(anonymous_8)
FN:214,(anonymous_9)
FN:264,(anonymous_10)
FN:288,(anonymous_11)
FN:315,(anonymous_12)
FN:340,(anonymous_13)
FN:360,(anonymous_14)
FN:368,(anonymous_15)
FN:370,(anonymous_16)
FN:413,(anonymous_17)
FN:432,(anonymous_18)
FN:435,(anonymous_19)
FN:448,(anonymous_20)
FN:449,(anonymous_21)
FN:453,(anonymous_22)
FN:454,(anonymous_23)
FN:459,(anonymous_24)
FN:477,(anonymous_25)
FN:490,(anonymous_26)
FN:491,(anonymous_27)
FN:499,(anonymous_28)
FN:501,(anonymous_29)
FN:504,(anonymous_30)
FN:511,(anonymous_31)
FN:513,(anonymous_32)
FN:524,(anonymous_33)
FN:564,(anonymous_34)
FN:577,(anonymous_35)
FN:579,(anonymous_36)
FN:604,(anonymous_37)
FN:611,(anonymous_38)
FN:613,(anonymous_39)
FN:618,(anonymous_40)
FN:627,(anonymous_41)
FN:635,(anonymous_42)
FN:644,(anonymous_43)
FN:650,(anonymous_44)
FN:656,(anonymous_45)
FN:684,(anonymous_46)
FN:718,(anonymous_47)
FN:719,(anonymous_48)
FN:722,(anonymous_49)
FN:728,(anonymous_50)
FN:736,(anonymous_51)
FN:737,(anonymous_52)
FN:744,(anonymous_53)
FN:753,(anonymous_54)
FN:774,(anonymous_55)
FN:779,(anonymous_56)
FN:788,(anonymous_57)
FN:791,(anonymous_58)
FN:792,(anonymous_59)
FN:800,(anonymous_60)
FN:801,(anonymous_61)
FN:803,(anonymous_62)
FN:811,(anonymous_63)
FN:823,(anonymous_64)
FN:845,(anonymous_65)
FN:848,(anonymous_66)
FN:850,(anonymous_67)
FN:866,(anonymous_68)
FN:885,(anonymous_69)
FN:895,(anonymous_70)
FN:902,(anonymous_71)
FN:904,(anonymous_72)
FN:905,(anonymous_73)
FN:916,(anonymous_74)
FN:926,(anonymous_75)
FN:952,(anonymous_76)
FN:961,(anonymous_77)
FN:968,(anonymous_78)
FN:970,(anonymous_79)
FN:972,(anonymous_80)
FN:976,(anonymous_81)
FN:981,(anonymous_82)
FN:982,(anonymous_83)
FN:991,(anonymous_84)
FNF:85
FNH:27
FNDA:3,(anonymous_0)
FNDA:0,(anonymous_1)
FNDA:1,(anonymous_2)
FNDA:0,(anonymous_3)
FNDA:0,(anonymous_4)
FNDA:0,(anonymous_5)
FNDA:0,(anonymous_6)
FNDA:0,(anonymous_7)
FNDA:0,(anonymous_8)
FNDA:0,(anonymous_9)
FNDA:0,(anonymous_10)
FNDA:0,(anonymous_11)
FNDA:0,(anonymous_12)
FNDA:0,(anonymous_13)
FNDA:0,(anonymous_14)
FNDA:0,(anonymous_15)
FNDA:0,(anonymous_16)
FNDA:6,(anonymous_17)
FNDA:7,(anonymous_18)
FNDA:4,(anonymous_19)
FNDA:10,(anonymous_20)
FNDA:13,(anonymous_21)
FNDA:13,(anonymous_22)
FNDA:0,(anonymous_23)
FNDA:13,(anonymous_24)
FNDA:0,(anonymous_25)
FNDA:0,(anonymous_26)
FNDA:0,(anonymous_27)
FNDA:0,(anonymous_28)
FNDA:0,(anonymous_29)
FNDA:0,(anonymous_30)
FNDA:0,(anonymous_31)
FNDA:0,(anonymous_32)
FNDA:1,(anonymous_33)
FNDA:1,(anonymous_34)
FNDA:1,(anonymous_35)
FNDA:2,(anonymous_36)
FNDA:0,(anonymous_37)
FNDA:0,(anonymous_38)
FNDA:0,(anonymous_39)
FNDA:0,(anonymous_40)
FNDA:0,(anonymous_41)
FNDA:0,(anonymous_42)
FNDA:0,(anonymous_43)
FNDA:7,(anonymous_44)
FNDA:0,(anonymous_45)
FNDA:6,(anonymous_46)
FNDA:6,(anonymous_47)
FNDA:0,(anonymous_48)
FNDA:0,(anonymous_49)
FNDA:0,(anonymous_50)
FNDA:0,(anonymous_51)
FNDA:0,(anonymous_52)
FNDA:7,(anonymous_53)
FNDA:0,(anonymous_54)
FNDA:7,(anonymous_55)
FNDA:0,(anonymous_56)
FNDA:7,(anonymous_57)
FNDA:0,(anonymous_58)
FNDA:0,(anonymous_59)
FNDA:7,(anonymous_60)
FNDA:0,(anonymous_61)
FNDA:0,(anonymous_62)
FNDA:0,(anonymous_63)
FNDA:7,(anonymous_64)
FNDA:10,(anonymous_65)
FNDA:5,(anonymous_66)
FNDA:6,(anonymous_67)
FNDA:0,(anonymous_68)
FNDA:0,(anonymous_69)
FNDA:0,(anonymous_70)
FNDA:0,(anonymous_71)
FNDA:0,(anonymous_72)
FNDA:0,(anonymous_73)
FNDA:9,(anonymous_74)
FNDA:2,(anonymous_75)
FNDA:0,(anonymous_76)
FNDA:0,(anonymous_77)
FNDA:0,(anonymous_78)
FNDA:0,(anonymous_79)
FNDA:0,(anonymous_80)
FNDA:0,(anonymous_81)
FNDA:0,(anonymous_82)
FNDA:0,(anonymous_83)
FNDA:6,(anonymous_84)
DA:45,9
DA:46,9
DA:47,9
DA:48,9
DA:49,9
DA:50,9
DA:53,3
DA:57,0
DA:61,1
DA:65,0
DA:69,0
DA:73,0
DA:86,0
DA:89,0
DA:91,0
DA:106,0
DA:114,0
DA:127,0
DA:128,0
DA:129,0
DA:132,0
DA:141,0
DA:142,0
DA:143,0
DA:150,0
DA:159,0
DA:168,0
DA:177,0
DA:184,0
DA:192,0
DA:193,0
DA:196,0
DA:205,0
DA:221,0
DA:222,0
DA:241,0
DA:248,0
DA:250,0
DA:260,0
DA:261,0
DA:262,0
DA:264,0
DA:266,0
DA:267,0
DA:270,0
DA:274,0
DA:275,0
DA:282,0
DA:297,0
DA:298,0
DA:308,0
DA:309,0
DA:316,0
DA:317,0
DA:319,0
DA:320,0
DA:323,0
DA:324,0
DA:327,0
DA:328,0
DA:331,0
DA:332,0
DA:335,0
DA:336,0
DA:339,0
DA:340,0
DA:341,0
DA:343,0
DA:344,0
DA:350,0
DA:361,0
DA:363,0
DA:368,0
DA:369,0
DA:370,0
DA:371,0
DA:372,0
DA:373,0
DA:378,0
DA:382,0
DA:383,0
DA:385,0
DA:389,0
DA:390,0
DA:391,0
DA:394,0
DA:397,0
DA:407,0
DA:419,6
DA:421,6
DA:432,7
DA:441,4
DA:442,4
DA:449,13
DA:450,10
DA:452,10
DA:453,13
DA:454,0
DA:456,10
DA:458,10
DA:459,13
DA:463,10
DA:478,0
DA:479,0
DA:480,0
DA:489,0
DA:490,0
DA:491,0
DA:492,0
DA:493,0
DA:494,0
DA:498,0
DA:499,0
DA:501,0
DA:503,0
DA:504,0
DA:505,0
DA:506,0
DA:507,0
DA:510,0
DA:511,0
DA:513,0
DA:515,0
DA:533,1
DA:534,1
DA:536,1
DA:537,1
DA:538,1
DA:539,1
DA:541,1
DA:542,1
DA:543,1
DA:544,1
DA:546,1
DA:547,1
DA:548,0
DA:549,1
DA:550,0
DA:553,1
DA:570,1
DA:577,1
DA:578,1
DA:579,1
DA:580,2
DA:581,2
DA:582,2
DA:583,2
DA:589,2
DA:590,2
DA:591,2
DA:592,2
DA:594,2
DA:598,1
DA:608,0
DA:609,0
DA:611,0
DA:612,0
DA:613,0
DA:617,0
DA:618,0
DA:619,0
DA:626,0
DA:627,0
DA:632,0
DA:634,0
DA:635,0
DA:636,0
DA:644,0
DA:651,7
DA:652,7
DA:653,7
DA:654,7
DA:655,7
DA:656,0
DA:659,7
DA:666,7
DA:667,7
DA:668,7
DA:670,7
DA:690,6
DA:691,6
DA:692,6
DA:694,6
DA:719,6
DA:721,6
DA:723,0
DA:724,0
DA:725,0
DA:726,0
DA:728,0
DA:731,6
DA:733,6
DA:736,0
DA:737,0
DA:750,7
DA:751,7
DA:753,7
DA:754,7
DA:756,7
DA:758,7
DA:759,0
DA:760,0
DA:764,7
DA:765,0
DA:766,0
DA:767,0
DA:771,7
DA:778,7
DA:779,7
DA:780,0
DA:782,7
DA:783,0
DA:785,7
DA:789,7
DA:790,7
DA:791,0
DA:793,0
DA:797,7
DA:801,7
DA:802,7
DA:803,0
DA:804,0
DA:805,0
DA:806,0
DA:808,0
DA:812,0
DA:813,0
DA:815,0
DA:820,0
DA:824,7
DA:825,2
DA:827,2
DA:828,2
DA:831,2
DA:832,2
DA:835,2
DA:836,0
DA:839,2
DA:846,10
DA:848,3
DA:849,5
DA:850,6
DA:853,5
DA:854,5
DA:856,5
DA:867,0
DA:868,0
DA:885,0
DA:896,0
DA:897,0
DA:899,0
DA:903,0
DA:904,0
DA:905,0
DA:917,9
DA:918,7
DA:920,1
DA:921,1
DA:922,1
DA:923,1
DA:924,1
DA:926,1
DA:927,2
DA:928,2
DA:930,2
DA:931,1
DA:932,1
DA:933,1
DA:934,1
DA:935,1
DA:936,1
DA:937,0
DA:938,0
DA:939,0
DA:943,1
DA:953,0
DA:954,0
DA:956,0
DA:957,0
DA:962,0
DA:963,0
DA:964,0
DA:965,0
DA:969,0
DA:970,0
DA:972,0
DA:977,0
DA:978,0
DA:982,0
DA:983,0
DA:984,0
DA:986,0
DA:987,0
DA:992,6
DA:993,6
DA:994,6
DA:995,6
DA:996,6
LF:298
LH:122
BRDA:83,0,0,0
BRDA:97,1,0,0
BRDA:97,1,1,0
BRDA:97,1,2,0
BRDA:124,2,0,0
BRDA:128,3,0,0
BRDA:128,3,1,0
BRDA:192,4,0,0
BRDA:192,4,1,0
BRDA:221,5,0,0
BRDA:223,6,0,0
BRDA:223,6,1,0
BRDA:224,7,0,0
BRDA:224,7,1,0
BRDA:229,8,0,0
BRDA:229,8,1,0
BRDA:232,9,0,0
BRDA:232,9,1,0
BRDA:233,10,0,0
BRDA:233,10,1,0
BRDA:234,11,0,0
BRDA:234,11,1,0
BRDA:235,12,0,0
BRDA:235,12,1,0
BRDA:236,13,0,0
BRDA:236,13,1,0
BRDA:237,14,0,0
BRDA:237,14,1,0
BRDA:238,15,0,0
BRDA:238,15,1,0
BRDA:260,16,0,0
BRDA:260,16,1,0
BRDA:266,17,0,0
BRDA:266,17,1,0
BRDA:309,18,0,0
BRDA:309,18,1,0
BRDA:319,19,0,0
BRDA:319,19,1,0
BRDA:323,20,0,0
BRDA:323,20,1,0
BRDA:327,21,0,0
BRDA:327,21,1,0
BRDA:327,22,0,0
BRDA:327,22,1,0
BRDA:327,22,2,0
BRDA:331,23,0,0
BRDA:331,23,1,0
BRDA:331,24,0,0
BRDA:331,24,1,0
BRDA:331,24,2,0
BRDA:335,25,0,0
BRDA:335,25,1,0
BRDA:335,26,0,0
BRDA:335,26,1,0
BRDA:335,26,2,0
BRDA:339,27,0,0
BRDA:339,27,1,0
BRDA:339,28,0,0
BRDA:339,28,1,0
BRDA:343,29,0,0
BRDA:343,29,1,0
BRDA:369,30,0,0
BRDA:369,30,1,0
BRDA:369,30,2,0
BRDA:371,31,0,0
BRDA:371,31,1,0
BRDA:373,32,0,0
BRDA:373,32,1,0
BRDA:380,33,0,0
BRDA:380,33,1,0
BRDA:380,34,0,0
BRDA:380,34,1,0
BRDA:382,35,0,0
BRDA:382,35,1,0
BRDA:391,36,0,0
BRDA:391,36,1,0
BRDA:394,37,0,0
BRDA:394,37,1,0
BRDA:402,38,0,0
BRDA:402,38,1,0
BRDA:419,39,0,0
BRDA:419,39,1,6
BRDA:424,40,0,6
BRDA:424,40,1,6
BRDA:442,41,0,4
BRDA:442,41,1,0
BRDA:454,42,0,0
BRDA:454,42,1,0
BRDA:456,43,0,9
BRDA:456,43,1,1
BRDA:459,44,0,13
BRDA:459,44,1,7
BRDA:466,45,0,9
BRDA:466,45,1,1
BRDA:480,46,0,0
BRDA:480,46,1,0
BRDA:492,47,0,0
BRDA:492,47,1,0
BRDA:493,48,0,0
BRDA:493,48,1,0
BRDA:494,49,0,0
BRDA:494,49,1,0
BRDA:505,50,0,0
BRDA:505,50,1,0
BRDA:505,50,2,0
BRDA:506,51,0,0
BRDA:506,51,1,0
BRDA:507,52,0,0
BRDA:507,52,1,0
BRDA:520,53,0,0
BRDA:520,53,1,0
BRDA:534,54,0,1
BRDA:534,54,1,0
BRDA:536,55,0,1
BRDA:536,55,1,0
BRDA:537,56,0,1
BRDA:537,56,1,0
BRDA:538,57,0,1
BRDA:538,57,1,0
BRDA:539,58,0,1
BRDA:539,58,1,0
BRDA:547,59,0,0
BRDA:547,59,1,1
BRDA:547,60,0,1
BRDA:547,60,1,1
BRDA:549,61,0,0
BRDA:549,61,1,1
BRDA:549,62,0,1
BRDA:549,62,1,0
BRDA:580,63,0,2
BRDA:580,63,1,0
BRDA:580,64,0,2
BRDA:580,64,1,0
BRDA:581,65,0,0
BRDA:581,65,1,2
BRDA:582,66,0,2
BRDA:582,66,1,0
BRDA:582,67,0,2
BRDA:582,67,1,0
BRDA:583,68,0,2
BRDA:583,68,1,2
BRDA:584,69,0,2
BRDA:584,69,1,0
BRDA:586,70,0,2
BRDA:586,70,1,0
BRDA:590,71,0,2
BRDA:590,71,1,0
BRDA:590,71,2,0
BRDA:591,72,0,2
BRDA:591,72,1,0
BRDA:591,73,0,2
BRDA:591,73,1,2
BRDA:613,74,0,0
BRDA:613,74,1,0
BRDA:613,74,2,0
BRDA:617,75,0,0
BRDA:617,75,1,0
BRDA:617,76,0,0
BRDA:617,76,1,0
BRDA:627,77,0,0
BRDA:627,77,1,0
BRDA:632,78,0,0
BRDA:632,78,1,0
BRDA:632,78,2,0
BRDA:632,78,3,0
BRDA:634,79,0,0
BRDA:634,79,1,0
BRDA:637,80,0,0
BRDA:637,80,1,0
BRDA:653,81,0,7
BRDA:653,81,1,5
BRDA:653,81,2,5
BRDA:654,82,0,7
BRDA:654,82,1,7
BRDA:672,83,0,7
BRDA:672,83,1,4
BRDA:696,84,0,1
BRDA:696,84,1,5
BRDA:698,85,0,6
BRDA:698,85,1,6
BRDA:699,86,0,6
BRDA:699,86,1,6
BRDA:706,87,0,6
BRDA:706,87,1,5
BRDA:706,87,2,5
BRDA:708,88,0,6
BRDA:708,88,1,6
BRDA:708,88,2,5
BRDA:713,89,0,6
BRDA:713,89,1,6
BRDA:714,90,0,6
BRDA:714,90,1,6
BRDA:719,91,0,0
BRDA:719,91,1,0
BRDA:723,92,0,0
BRDA:723,92,1,0
BRDA:728,93,0,0
BRDA:728,93,1,0
BRDA:731,94,0,6
BRDA:731,94,1,6
BRDA:736,95,0,0
BRDA:736,95,1,0
BRDA:737,96,0,0
BRDA:737,96,1,0
BRDA:758,97,0,0
BRDA:758,97,1,7
BRDA:758,98,0,7
BRDA:758,98,1,0
BRDA:759,99,0,0
BRDA:759,99,1,0
BRDA:759,100,0,0
BRDA:759,100,1,0
BRDA:764,101,0,0
BRDA:764,101,1,7
BRDA:764,102,0,7
BRDA:764,102,1,2
BRDA:766,103,0,0
BRDA:766,103,1,0
BRDA:779,104,0,0
BRDA:779,104,1,7
BRDA:782,105,0,0
BRDA:782,105,1,7
BRDA:802,106,0,7
BRDA:802,106,1,0
BRDA:812,107,0,0
BRDA:812,107,1,0
BRDA:815,108,0,0
BRDA:815,108,1,0
BRDA:815,109,0,0
BRDA:815,109,1,0
BRDA:817,110,0,0
BRDA:817,110,1,0
BRDA:817,111,0,0
BRDA:817,111,1,0
BRDA:824,112,0,5
BRDA:824,112,1,2
BRDA:827,113,0,2
BRDA:827,113,1,0
BRDA:827,114,0,2
BRDA:827,114,1,2
BRDA:831,115,0,2
BRDA:831,115,1,0
BRDA:831,116,0,2
BRDA:831,116,1,2
BRDA:835,117,0,0
BRDA:835,117,1,2
BRDA:835,118,0,2
BRDA:835,118,1,2
BRDA:846,119,0,7
BRDA:846,119,1,3
BRDA:846,120,0,7
BRDA:846,120,1,7
BRDA:853,121,0,5
BRDA:853,121,1,0
BRDA:854,122,0,5
BRDA:854,122,1,1
BRDA:857,123,0,5
BRDA:857,123,1,0
BRDA:861,124,0,5
BRDA:861,124,1,0
BRDA:861,124,2,0
BRDA:874,125,0,0
BRDA:874,125,1,0
BRDA:875,126,0,0
BRDA:875,126,1,0
BRDA:876,127,0,0
BRDA:876,127,1,0
BRDA:877,128,0,0
BRDA:877,128,1,0
BRDA:882,129,0,0
BRDA:882,129,1,0
BRDA:883,130,0,0
BRDA:883,130,1,0
BRDA:884,131,0,0
BRDA:884,131,1,0
BRDA:888,132,0,0
BRDA:888,132,1,0
BRDA:889,133,0,0
BRDA:889,133,1,0
BRDA:896,134,0,0
BRDA:896,134,1,0
BRDA:896,135,0,0
BRDA:896,135,1,0
BRDA:904,136,0,0
BRDA:904,136,1,0
BRDA:904,136,2,0
BRDA:904,136,3,0
BRDA:908,137,0,0
BRDA:908,137,1,0
BRDA:908,137,2,0
BRDA:909,138,0,0
BRDA:909,138,1,0
BRDA:917,139,0,2
BRDA:917,139,1,7
BRDA:918,140,0,6
BRDA:918,140,1,1
BRDA:927,141,0,2
BRDA:927,141,1,0
BRDA:928,142,0,2
BRDA:928,142,1,0
BRDA:930,143,0,1
BRDA:930,143,1,1
BRDA:930,144,0,2
BRDA:930,144,1,1
BRDA:934,145,0,1
BRDA:934,145,1,0
BRDA:934,146,0,1
BRDA:934,146,1,0
BRDA:937,147,0,0
BRDA:937,147,1,0
BRDA:937,148,0,0
BRDA:937,148,1,0
BRDA:937,148,2,0
BRDA:962,149,0,0
BRDA:962,149,1,0
BRDA:963,150,0,0
BRDA:963,150,1,0
BRDA:964,151,0,0
BRDA:964,151,1,0
BRDA:970,152,0,0
BRDA:970,152,1,0
BRDA:972,153,0,0
BRDA:972,153,1,0
BRDA:977,154,0,0
BRDA:977,154,1,0
BRDA:978,155,0,0
BRDA:978,155,1,0
BRDA:983,156,0,0
BRDA:983,156,1,0
BRDA:993,157,0,0
BRDA:993,157,1,6
BRDA:993,158,0,6
BRDA:993,158,1,0
BRDA:994,159,0,0
BRDA:994,159,1,6
BRDA:994,160,0,6
BRDA:994,160,1,0
BRDA:995,161,0,0
BRDA:995,161,1,6
BRDA:995,162,0,6
BRDA:995,162,1,0
BRF:341
BRH:104
end_of_record
TN:
SF:src/features/planning/planningOrchestrator.ts
FN:88,initializeWeekPlan
FN:92,generateCustomMeals
FN:125,(anonymous_2)
FN:139,generateSlotPreview
FN:190,replaceMealWithGeneratedRecipe
FN:227,generateWeekFromPreferences
FN:269,(anonymous_6)
FN:326,(anonymous_7)
FN:365,createInitialPlan
FN:414,persistGeneratedRecipe
FN:419,(anonymous_10)
FN:430,(anonymous_11)
FN:455,upsertMeal
FN:459,buildSlotContext
FN:517,buildObjectiveSummary
FN:536,preferencesCuisineList
FN:545,provideFallbackMeals
FN:562,buildFallbackNotes
FN:577,mapObjectiveToStrategy
FN:584,mapObjectiveToStyle
FN:592,getCurrentSeason
FNF:21
FNH:12
FNDA:0,initializeWeekPlan
FNDA:0,generateCustomMeals
FNDA:0,(anonymous_2)
FNDA:0,generateSlotPreview
FNDA:0,replaceMealWithGeneratedRecipe
FNDA:2,generateWeekFromPreferences
FNDA:0,(anonymous_6)
FNDA:0,(anonymous_7)
FNDA:1,createInitialPlan
FNDA:7,persistGeneratedRecipe
FNDA:7,(anonymous_10)
FNDA:7,(anonymous_11)
FNDA:8,upsertMeal
FNDA:8,buildSlotContext
FNDA:8,buildObjectiveSummary
FNDA:8,preferencesCuisineList
FNDA:1,provideFallbackMeals
FNDA:1,buildFallbackNotes
FNDA:0,mapObjectiveToStrategy
FNDA:0,mapObjectiveToStyle
FNDA:1,getCurrentSeason
DA:89,0
DA:100,0
DA:101,0
DA:102,0
DA:104,0
DA:105,0
DA:107,0
DA:123,0
DA:124,0
DA:126,0
DA:132,0
DA:148,0
DA:149,0
DA:150,0
DA:152,0
DA:159,0
DA:183,0
DA:184,0
DA:187,0
DA:199,0
DA:200,0
DA:216,0
DA:217,0
DA:220,0
DA:221,0
DA:224,0
DA:241,2
DA:263,2
DA:268,2
DA:269,2
DA:271,2
DA:272,2
DA:273,2
DA:275,2
DA:279,2
DA:280,8
DA:281,8
DA:282,0
DA:285,8
DA:286,8
DA:287,8
DA:288,8
DA:290,8
DA:297,8
DA:322,8
DA:324,8
DA:325,1
DA:326,1
DA:327,1
DA:330,7
DA:331,7
DA:337,7
DA:338,7
DA:340,7
DA:352,2
DA:353,1
DA:358,2
DA:359,1
DA:362,2
DA:366,1
DA:367,1
DA:370,1
DA:372,1
DA:378,1
DA:380,1
DA:407,1
DA:416,7
DA:419,7
DA:422,7
DA:423,0
DA:426,7
DA:430,7
DA:452,7
DA:456,8
DA:470,8
DA:472,8
DA:473,8
DA:479,8
DA:499,8
DA:506,8
DA:514,8
DA:522,8
DA:524,0
DA:526,0
DA:528,0
DA:530,0
DA:532,8
DA:540,8
DA:541,8
DA:542,8
DA:551,1
DA:552,1
DA:558,1
DA:567,1
DA:570,1
DA:571,1
DA:574,1
DA:578,0
DA:579,0
DA:580,0
DA:581,0
DA:585,0
DA:586,0
DA:587,0
DA:588,0
DA:589,0
DA:593,1
DA:594,1
DA:595,1
DA:596,1
DA:597,0
LF:111
LH:69
BRDA:97,0,0,0
BRDA:98,1,0,0
BRDA:111,2,0,0
BRDA:111,2,1,0
BRDA:126,3,0,0
BRDA:126,3,1,0
BRDA:127,4,0,0
BRDA:127,4,1,0
BRDA:146,5,0,0
BRDA:168,6,0,0
BRDA:168,6,1,0
BRDA:178,7,0,0
BRDA:178,7,1,0
BRDA:183,8,0,0
BRDA:183,8,1,0
BRDA:206,9,0,0
BRDA:206,9,1,0
BRDA:206,9,2,0
BRDA:208,10,0,0
BRDA:208,10,1,0
BRDA:209,11,0,0
BRDA:209,11,1,0
BRDA:210,12,0,0
BRDA:210,12,1,0
BRDA:211,13,0,0
BRDA:211,13,1,0
BRDA:216,14,0,0
BRDA:216,14,1,0
BRDA:220,15,0,0
BRDA:220,15,1,0
BRDA:220,16,0,0
BRDA:220,16,1,0
BRDA:234,17,0,2
BRDA:237,18,0,0
BRDA:238,19,0,2
BRDA:241,20,0,2
BRDA:241,20,1,0
BRDA:244,21,0,0
BRDA:244,21,1,0
BRDA:257,22,0,0
BRDA:257,22,1,0
BRDA:260,23,0,0
BRDA:260,23,1,0
BRDA:261,24,0,0
BRDA:261,24,1,0
BRDA:268,25,0,2
BRDA:268,25,1,2
BRDA:275,26,0,2
BRDA:275,26,1,0
BRDA:275,27,0,2
BRDA:275,27,1,2
BRDA:277,28,0,0
BRDA:277,28,1,0
BRDA:281,29,0,0
BRDA:281,29,1,8
BRDA:281,30,0,8
BRDA:281,30,1,0
BRDA:288,31,0,0
BRDA:288,31,1,8
BRDA:306,32,0,8
BRDA:306,32,1,7
BRDA:314,33,0,1
BRDA:314,33,1,7
BRDA:318,34,0,8
BRDA:318,34,1,8
BRDA:324,35,0,1
BRDA:324,35,1,7
BRDA:335,36,0,7
BRDA:335,36,1,0
BRDA:346,37,0,7
BRDA:346,37,1,0
BRDA:352,38,0,1
BRDA:352,38,1,1
BRDA:352,39,0,2
BRDA:352,39,1,1
BRDA:358,40,0,1
BRDA:358,40,1,1
BRDA:370,41,0,0
BRDA:370,41,1,1
BRDA:372,42,0,0
BRDA:372,42,1,1
BRDA:374,43,0,0
BRDA:374,43,1,1
BRDA:389,44,0,1
BRDA:389,44,1,0
BRDA:392,45,0,0
BRDA:392,45,1,1
BRDA:416,46,0,7
BRDA:416,46,1,7
BRDA:422,47,0,0
BRDA:422,47,1,7
BRDA:429,48,0,7
BRDA:429,48,1,0
BRDA:432,49,0,7
BRDA:432,49,1,0
BRDA:433,50,0,7
BRDA:433,50,1,0
BRDA:435,51,0,7
BRDA:435,51,1,0
BRDA:436,52,0,7
BRDA:436,52,1,0
BRDA:437,53,0,7
BRDA:437,53,1,0
BRDA:438,54,0,7
BRDA:438,54,1,0
BRDA:440,55,0,7
BRDA:440,55,1,7
BRDA:442,56,0,7
BRDA:442,56,1,7
BRDA:444,57,0,7
BRDA:444,57,1,7
BRDA:445,58,0,7
BRDA:445,58,1,7
BRDA:446,59,0,7
BRDA:446,59,1,7
BRDA:447,60,0,7
BRDA:447,60,1,7
BRDA:448,61,0,7
BRDA:448,61,1,7
BRDA:449,62,0,7
BRDA:449,62,1,7
BRDA:473,63,0,8
BRDA:473,63,1,0
BRDA:475,64,0,0
BRDA:475,64,1,0
BRDA:475,65,0,0
BRDA:475,65,1,0
BRDA:475,65,2,0
BRDA:482,66,0,8
BRDA:482,66,1,8
BRDA:483,67,0,0
BRDA:483,67,1,8
BRDA:485,68,0,0
BRDA:485,68,1,0
BRDA:490,69,0,0
BRDA:490,69,1,8
BRDA:491,70,0,8
BRDA:491,70,1,8
BRDA:492,71,0,8
BRDA:492,71,1,8
BRDA:493,72,0,8
BRDA:493,72,1,8
BRDA:494,73,0,8
BRDA:494,73,1,7
BRDA:501,74,0,8
BRDA:501,74,1,8
BRDA:503,75,0,8
BRDA:503,75,1,8
BRDA:509,76,0,8
BRDA:509,76,1,8
BRDA:510,77,0,8
BRDA:510,77,1,8
BRDA:511,78,0,8
BRDA:511,78,1,8
BRDA:522,79,0,0
BRDA:522,79,1,0
BRDA:522,79,2,0
BRDA:522,79,3,0
BRDA:522,79,4,8
BRDA:540,80,0,0
BRDA:540,80,1,8
BRDA:541,81,0,0
BRDA:541,81,1,8
BRDA:567,82,0,0
BRDA:567,82,1,1
BRDA:570,83,0,1
BRDA:570,83,1,0
BRDA:571,84,0,0
BRDA:571,84,1,1
BRDA:578,85,0,0
BRDA:578,85,1,0
BRDA:579,86,0,0
BRDA:579,86,1,0
BRDA:580,87,0,0
BRDA:580,87,1,0
BRDA:581,88,0,0
BRDA:581,88,1,0
BRDA:585,89,0,0
BRDA:585,89,1,0
BRDA:586,90,0,0
BRDA:586,90,1,0
BRDA:587,91,0,0
BRDA:587,91,1,0
BRDA:588,92,0,0
BRDA:588,92,1,0
BRDA:594,93,0,0
BRDA:594,93,1,1
BRDA:594,94,0,1
BRDA:594,94,1,1
BRDA:595,95,0,0
BRDA:595,95,1,1
BRDA:595,96,0,1
BRDA:595,96,1,1
BRDA:596,97,0,1
BRDA:596,97,1,0
BRDA:596,98,0,1
BRDA:596,98,1,1
BRF:197
BRH:96
end_of_record
TN:
SF:src/features/planning/planningService.ts
FN:9,getPlannedMeals
FN:54,upsertPlannedMeal
FN:121,deletePlannedMeal
FN:143,deletePlannedMealsInRange
FNF:4
FNH:4
FNDA:1,getPlannedMeals
FNDA:2,upsertPlannedMeal
FNDA:1,deletePlannedMeal
FNDA:1,deletePlannedMealsInRange
DA:10,1
DA:11,1
DA:13,1
DA:37,1
DA:38,0
DA:39,0
DA:41,1
DA:42,1
DA:44,0
DA:45,0
DA:58,2
DA:59,2
DA:60,2
DA:61,0
DA:65,2
DA:73,2
DA:75,1
DA:82,1
DA:87,2
DA:105,2
DA:106,0
DA:107,0
DA:109,2
DA:112,0
DA:113,0
DA:122,1
DA:124,1
DA:129,1
DA:130,0
DA:131,0
DA:133,1
DA:135,0
DA:136,0
DA:144,1
DA:145,1
DA:147,1
DA:153,1
DA:154,0
DA:155,0
DA:157,1
DA:159,0
DA:161,0
LF:42
LH:25
BRDA:37,0,0,0
BRDA:37,0,1,1
BRDA:41,1,0,1
BRDA:41,1,1,0
BRDA:42,2,0,1
BRDA:42,2,1,0
BRDA:60,3,0,0
BRDA:60,3,1,2
BRDA:60,4,0,2
BRDA:60,4,1,2
BRDA:68,5,0,2
BRDA:68,5,1,2
BRDA:69,6,0,0
BRDA:69,6,1,2
BRDA:69,7,0,2
BRDA:69,7,1,2
BRDA:73,8,0,1
BRDA:73,8,1,1
BRDA:105,9,0,0
BRDA:105,9,1,2
BRDA:129,10,0,0
BRDA:129,10,1,1
BRDA:153,11,0,0
BRDA:153,11,1,1
BRF:24
BRH:16
end_of_record
TN:
SF:src/features/planning/components/PlanningToolbar.tsx
FN:46,PlanningToolbar
FN:66,(anonymous_1)
FN:85,(anonymous_2)
FN:86,(anonymous_3)
FN:87,(anonymous_4)
FN:91,(anonymous_5)
FN:93,(anonymous_6)
FN:94,(anonymous_7)
FN:98,(anonymous_8)
FN:104,(anonymous_9)
FN:112,(anonymous_10)
FN:120,(anonymous_11)
FN:121,(anonymous_12)
FN:123,(anonymous_13)
FN:126,(anonymous_14)
FN:128,(anonymous_15)
FN:135,(anonymous_16)
FN:143,(anonymous_17)
FN:156,(anonymous_18)
FN:180,(anonymous_19)
FN:193,(anonymous_20)
FN:209,(anonymous_21)
FN:225,(anonymous_22)
FN:254,(anonymous_23)
FN:267,(anonymous_24)
FN:276,(anonymous_25)
FN:285,(anonymous_26)
FN:296,(anonymous_27)
FN:345,(anonymous_28)
FN:348,(anonymous_29)
FN:351,(anonymous_30)
FN:364,(anonymous_31)
FN:372,(anonymous_32)
FN:414,(anonymous_33)
FN:421,(anonymous_34)
FN:445,(anonymous_35)
FN:451,(anonymous_36)
FNF:37
FNH:14
FNDA:7,PlanningToolbar
FNDA:24,(anonymous_1)
FNDA:24,(anonymous_2)
FNDA:24,(anonymous_3)
FNDA:24,(anonymous_4)
FNDA:4,(anonymous_5)
FNDA:7,(anonymous_6)
FNDA:0,(anonymous_7)
FNDA:4,(anonymous_8)
FNDA:4,(anonymous_9)
FNDA:4,(anonymous_10)
FNDA:0,(anonymous_11)
FNDA:0,(anonymous_12)
FNDA:0,(anonymous_13)
FNDA:0,(anonymous_14)
FNDA:0,(anonymous_15)
FNDA:0,(anonymous_16)
FNDA:0,(anonymous_17)
FNDA:0,(anonymous_18)
FNDA:0,(anonymous_19)
FNDA:0,(anonymous_20)
FNDA:0,(anonymous_21)
FNDA:4,(anonymous_22)
FNDA:0,(anonymous_23)
FNDA:1,(anonymous_24)
FNDA:1,(anonymous_25)
FNDA:1,(anonymous_26)
FNDA:0,(anonymous_27)
FNDA:0,(anonymous_28)
FNDA:0,(anonymous_29)
FNDA:0,(anonymous_30)
FNDA:0,(anonymous_31)
FNDA:0,(anonymous_32)
FNDA:0,(anonymous_33)
FNDA:0,(anonymous_34)
FNDA:0,(anonymous_35)
FNDA:0,(anonymous_36)
DA:44,1
DA:47,7
DA:48,7
DA:65,7
DA:66,24
DA:85,24
DA:86,24
DA:87,24
DA:90,7
DA:92,4
DA:93,7
DA:94,0
DA:98,7
DA:99,4
DA:100,1
DA:101,1
DA:104,7
DA:105,4
DA:108,7
DA:110,7
DA:112,7
DA:113,4
DA:114,0
DA:116,4
DA:119,7
DA:121,0
DA:122,0
DA:123,0
DA:125,0
DA:126,0
DA:128,0
DA:133,7
DA:135,7
DA:136,0
DA:137,0
DA:138,0
DA:140,0
DA:143,7
DA:144,0
DA:145,0
DA:146,0
DA:148,0
DA:149,0
DA:150,0
DA:152,0
DA:156,7
DA:157,0
DA:158,0
DA:159,0
DA:161,0
DA:162,0
DA:172,0
DA:173,0
DA:174,0
DA:176,0
DA:180,7
DA:181,0
DA:182,0
DA:183,0
DA:185,0
DA:186,0
DA:187,0
DA:189,0
DA:190,0
DA:193,7
DA:194,0
DA:195,0
DA:196,0
DA:197,0
DA:199,0
DA:204,0
DA:208,7
DA:210,0
DA:211,0
DA:212,0
DA:213,0
DA:214,0
DA:216,0
DA:219,0
DA:225,7
DA:226,4
DA:230,0
DA:237,1
DA:244,0
DA:250,3
DA:254,7
DA:255,0
DA:256,0
DA:259,7
DA:267,1
DA:276,1
DA:285,1
DA:296,0
DA:345,0
DA:348,0
DA:351,0
DA:364,0
DA:372,0
DA:414,0
DA:422,0
DA:445,0
DA:451,0
LF:102
LH:39
BRDA:93,0,0,7
BRDA:93,0,1,0
BRDA:99,1,0,3
BRDA:99,1,1,1
BRDA:108,2,0,7
BRDA:108,2,1,7
BRDA:113,3,0,0
BRDA:113,3,1,4
BRDA:120,4,0,0
BRDA:122,5,0,0
BRDA:122,5,1,0
BRDA:125,6,0,0
BRDA:125,6,1,0
BRDA:136,7,0,0
BRDA:136,7,1,0
BRDA:144,8,0,0
BRDA:144,8,1,0
BRDA:149,9,0,0
BRDA:149,9,1,0
BRDA:157,10,0,0
BRDA:157,10,1,0
BRDA:169,11,0,0
BRDA:169,11,1,0
BRDA:170,12,0,0
BRDA:170,12,1,0
BRDA:173,13,0,0
BRDA:173,13,1,0
BRDA:181,14,0,0
BRDA:181,14,1,0
BRDA:185,15,0,0
BRDA:185,15,1,0
BRDA:196,16,0,0
BRDA:196,16,1,0
BRDA:212,17,0,0
BRDA:212,17,1,0
BRDA:226,18,0,0
BRDA:226,18,1,0
BRDA:226,18,2,0
BRDA:226,18,3,1
BRDA:226,18,4,0
BRDA:226,18,5,3
BRDA:266,19,0,5
BRDA:266,19,1,2
BRDA:275,20,0,1
BRDA:275,20,1,6
BRDA:284,21,0,1
BRDA:284,21,1,6
BRDA:295,22,0,0
BRDA:295,22,1,7
BRDA:296,23,0,0
BRDA:296,23,1,0
BRDA:298,24,0,0
BRDA:298,24,1,7
BRDA:304,25,0,7
BRDA:304,25,1,1
BRDA:309,26,0,7
BRDA:309,26,1,1
BRDA:310,27,0,1
BRDA:310,27,1,0
BRDA:311,28,0,0
BRDA:311,28,1,1
BRDA:311,29,0,0
BRDA:311,29,1,1
BRDA:314,30,0,7
BRDA:314,30,1,0
BRDA:324,31,0,7
BRDA:324,31,1,7
BRDA:324,31,2,7
BRDA:327,32,0,0
BRDA:327,32,1,7
BRDA:331,33,0,7
BRDA:331,33,1,1
BRDA:382,34,0,7
BRDA:382,34,1,0
BRDA:394,35,0,7
BRDA:394,35,1,7
BRDA:396,36,0,7
BRDA:396,36,1,0
BRDA:400,37,0,7
BRDA:400,37,1,0
BRDA:434,38,0,7
BRDA:434,38,1,1
BRF:82
BRH:37
end_of_record
TN:
SF:src/features/planning/components/VisionUploadPanel.tsx
FN:20,(anonymous_0)
FN:31,(anonymous_1)
FN:42,VisionUploadPanel
FN:47,(anonymous_3)
FN:48,(anonymous_4)
FN:49,(anonymous_5)
FN:52,(anonymous_6)
FN:52,(anonymous_7)
FN:62,(anonymous_8)
FN:64,(anonymous_9)
FN:66,(anonymous_10)
FN:75,(anonymous_11)
FN:104,(anonymous_12)
FN:108,(anonymous_13)
FN:116,(anonymous_14)
FN:130,(anonymous_15)
FN:136,(anonymous_16)
FN:140,(anonymous_17)
FN:145,(anonymous_18)
FN:151,(anonymous_19)
FN:222,(anonymous_20)
FN:232,(anonymous_21)
FN:259,(anonymous_22)
FN:276,(anonymous_23)
FN:310,(anonymous_24)
FN:386,(anonymous_25)
FN:418,(anonymous_26)
FN:433,(anonymous_27)
FN:452,(anonymous_28)
FN:461,(anonymous_29)
FNF:30
FNH:15
FNDA:3,(anonymous_0)
FNDA:2,(anonymous_1)
FNDA:3,VisionUploadPanel
FNDA:3,(anonymous_3)
FNDA:3,(anonymous_4)
FNDA:3,(anonymous_5)
FNDA:3,(anonymous_6)
FNDA:0,(anonymous_7)
FNDA:3,(anonymous_8)
FNDA:0,(anonymous_9)
FNDA:0,(anonymous_10)
FNDA:3,(anonymous_11)
FNDA:0,(anonymous_12)
FNDA:0,(anonymous_13)
FNDA:0,(anonymous_14)
FNDA:0,(anonymous_15)
FNDA:0,(anonymous_16)
FNDA:0,(anonymous_17)
FNDA:0,(anonymous_18)
FNDA:3,(anonymous_19)
FNDA:0,(anonymous_20)
FNDA:1,(anonymous_21)
FNDA:0,(anonymous_22)
FNDA:0,(anonymous_23)
FNDA:0,(anonymous_24)
FNDA:1,(anonymous_25)
FNDA:1,(anonymous_26)
FNDA:1,(anonymous_27)
FNDA:0,(anonymous_28)
FNDA:1,(anonymous_29)
DA:17,1
DA:18,1
DA:20,1
DA:21,3
DA:22,0
DA:24,3
DA:31,1
DA:32,2
DA:33,2
DA:38,0
DA:43,3
DA:44,3
DA:45,3
DA:47,3
DA:48,3
DA:49,3
DA:51,3
DA:52,3
DA:61,3
DA:62,3
DA:64,0
DA:66,0
DA:74,3
DA:75,3
DA:94,3
DA:100,3
DA:101,3
DA:103,3
DA:105,0
DA:106,0
DA:107,0
DA:108,0
DA:109,0
DA:115,3
DA:117,0
DA:118,0
DA:119,0
DA:120,0
DA:122,0
DA:123,0
DA:124,0
DA:125,0
DA:130,3
DA:131,0
DA:132,0
DA:133,0
DA:136,3
DA:137,0
DA:140,3
DA:141,0
DA:142,0
DA:145,3
DA:146,0
DA:147,0
DA:148,0
DA:151,3
DA:152,3
DA:153,2
DA:154,2
DA:155,2
DA:156,1
DA:159,3
DA:223,0
DA:224,0
DA:225,0
DA:226,0
DA:233,1
DA:234,1
DA:235,1
DA:237,0
DA:260,0
DA:261,0
DA:277,0
DA:278,0
DA:311,0
DA:387,1
DA:419,1
DA:434,1
DA:452,0
DA:461,1
LF:80
LH:43
BRDA:21,0,0,0
BRDA:21,0,1,3
BRDA:21,1,0,3
BRDA:21,1,1,3
BRDA:53,2,0,0
BRDA:53,2,1,0
BRDA:54,3,0,0
BRDA:54,3,1,0
BRDA:54,4,0,0
BRDA:54,4,1,0
BRDA:55,5,0,0
BRDA:55,5,1,0
BRDA:56,6,0,0
BRDA:56,6,1,0
BRDA:56,7,0,0
BRDA:56,7,1,0
BRDA:66,8,0,0
BRDA:66,8,1,0
BRDA:66,8,2,0
BRDA:68,9,0,3
BRDA:68,9,1,3
BRDA:69,10,0,3
BRDA:69,10,1,3
BRDA:77,11,0,3
BRDA:77,11,1,3
BRDA:78,12,0,3
BRDA:78,12,1,3
BRDA:79,13,0,3
BRDA:79,13,1,3
BRDA:101,14,0,3
BRDA:101,14,1,3
BRDA:105,15,0,0
BRDA:105,15,1,0
BRDA:107,16,0,0
BRDA:107,16,1,0
BRDA:118,17,0,0
BRDA:118,17,1,0
BRDA:124,18,0,0
BRDA:124,18,1,0
BRDA:132,19,0,0
BRDA:132,19,1,0
BRDA:133,20,0,0
BRDA:133,20,1,0
BRDA:141,21,0,0
BRDA:141,21,1,0
BRDA:146,22,0,0
BRDA:146,22,1,0
BRDA:152,23,0,1
BRDA:152,23,1,2
BRDA:153,24,0,0
BRDA:153,24,1,2
BRDA:154,25,0,0
BRDA:154,25,1,2
BRDA:155,26,0,1
BRDA:155,26,1,1
BRDA:181,27,0,3
BRDA:181,27,1,0
BRDA:200,28,0,3
BRDA:200,28,1,1
BRDA:220,29,0,1
BRDA:220,29,1,2
BRDA:223,30,0,0
BRDA:223,30,1,0
BRDA:224,31,0,0
BRDA:224,31,1,0
BRDA:224,32,0,0
BRDA:224,32,1,0
BRDA:233,33,0,1
BRDA:233,33,1,0
BRDA:241,34,0,1
BRDA:241,34,1,2
BRDA:243,35,0,0
BRDA:243,35,1,2
BRDA:266,36,0,1
BRDA:266,36,1,2
BRDA:283,37,0,1
BRDA:283,37,1,2
BRDA:303,38,0,3
BRDA:303,38,1,0
BRDA:306,39,0,0
BRDA:306,39,1,0
BRDA:318,40,0,0
BRDA:318,40,1,0
BRDA:318,40,2,0
BRDA:323,41,0,0
BRDA:323,41,1,0
BRDA:325,42,0,0
BRDA:325,42,1,0
BRDA:328,43,0,0
BRDA:328,43,1,0
BRDA:337,44,0,0
BRDA:337,44,1,0
BRDA:341,45,0,0
BRDA:341,45,1,0
BRDA:368,46,0,3
BRDA:368,46,1,1
BRDA:374,47,0,3
BRDA:374,47,1,2
BRDA:377,48,0,2
BRDA:377,48,1,0
BRDA:379,49,0,2
BRDA:379,49,1,0
BRDA:390,50,0,1
BRDA:390,50,1,0
BRDA:392,51,0,1
BRDA:392,51,1,0
BRDA:401,52,0,0
BRDA:401,52,1,1
BRDA:405,53,0,1
BRDA:405,53,1,0
BRDA:438,54,0,1
BRDA:438,54,1,0
BRDA:447,55,0,0
BRDA:447,55,1,1
BRDA:458,56,0,1
BRDA:458,56,1,1
BRF:116
BRH:49
end_of_record
TN:
SF:src/features/planning/services/recipeImageProvider.ts
FN:12,(anonymous_0)
FN:22,(anonymous_1)
FN:24,(anonymous_2)
FN:50,(anonymous_3)
FN:79,(anonymous_4)
FN:107,(anonymous_5)
FN:120,(anonymous_6)
FN:128,(anonymous_7)
FNF:8
FNH:3
FNDA:6,(anonymous_0)
FNDA:7,(anonymous_1)
FNDA:0,(anonymous_2)
FNDA:0,(anonymous_3)
FNDA:0,(anonymous_4)
FNDA:0,(anonymous_5)
FNDA:0,(anonymous_6)
FNDA:7,(anonymous_7)
DA:9,3
DA:12,3
DA:15,6
DA:16,6
DA:19,3
DA:20,3
DA:22,7
DA:24,3
DA:25,0
DA:27,0
DA:28,0
DA:34,0
DA:35,0
DA:38,0
DA:42,0
DA:43,0
DA:45,0
DA:46,0
DA:50,3
DA:51,0
DA:53,0
DA:54,0
DA:63,0
DA:64,0
DA:67,0
DA:71,0
DA:72,0
DA:74,0
DA:75,0
DA:79,3
DA:80,0
DA:82,0
DA:84,0
DA:85,0
DA:90,0
DA:91,0
DA:94,0
DA:96,0
DA:97,0
DA:101,3
DA:107,3
DA:108,0
DA:109,0
DA:111,0
DA:113,0
DA:114,0
DA:115,0
DA:118,0
DA:120,0
DA:128,3
DA:129,7
DA:130,7
DA:133,0
DA:135,0
DA:136,0
DA:137,0
DA:138,0
DA:139,0
DA:143,0
DA:145,0
DA:146,0
DA:147,0
DA:148,0
DA:152,0
DA:155,0
DA:158,3
LF:66
LH:16
BRDA:15,0,0,6
BRDA:15,0,1,0
BRDA:15,1,0,6
BRDA:15,1,1,6
BRDA:25,2,0,0
BRDA:25,2,1,0
BRDA:25,3,0,0
BRDA:25,3,1,0
BRDA:34,4,0,0
BRDA:34,4,1,0
BRDA:43,5,0,0
BRDA:43,5,1,0
BRDA:43,5,2,0
BRDA:43,5,3,0
BRDA:51,6,0,0
BRDA:51,6,1,0
BRDA:51,7,0,0
BRDA:51,7,1,0
BRDA:63,8,0,0
BRDA:63,8,1,0
BRDA:72,9,0,0
BRDA:72,9,1,0
BRDA:72,9,2,0
BRDA:72,9,3,0
BRDA:80,10,0,0
BRDA:80,10,1,0
BRDA:90,11,0,0
BRDA:90,11,1,0
BRDA:113,12,0,0
BRDA:113,12,1,0
BRDA:113,13,0,0
BRDA:113,13,1,0
BRDA:120,14,0,0
BRDA:120,14,1,0
BRDA:129,15,0,7
BRDA:129,15,1,0
BRDA:129,16,0,7
BRDA:129,16,1,7
BRDA:137,17,0,0
BRDA:137,17,1,0
BRDA:139,18,0,0
BRDA:139,18,1,0
BRDA:146,19,0,0
BRDA:146,19,1,0
BRF:44
BRH:6
end_of_record
TN:
SF:src/features/planning/utils/nutritionalCalculations.ts
FN:44,(anonymous_0)
FN:46,(anonymous_1)
FN:60,(anonymous_2)
FN:63,(anonymous_3)
FN:69,(anonymous_4)
FN:75,(anonymous_5)
FN:100,(anonymous_6)
FN:101,(anonymous_7)
FN:111,(anonymous_8)
FN:112,(anonymous_9)
FN:115,(anonymous_10)
FN:137,(anonymous_11)
FN:152,(anonymous_12)
FN:189,(anonymous_13)
FN:225,(anonymous_14)
FN:227,(anonymous_15)
FN:231,(anonymous_16)
FN:262,(anonymous_17)
FN:263,(anonymous_18)
FN:265,(anonymous_19)
FN:270,(anonymous_20)
FN:279,(anonymous_21)
FN:289,(anonymous_22)
FN:290,(anonymous_23)
FN:297,(anonymous_24)
FN:309,(anonymous_25)
FN:314,(anonymous_26)
FN:327,(anonymous_27)
FN:330,(anonymous_28)
FN:335,(anonymous_29)
FN:360,(anonymous_30)
FNF:31
FNH:11
FNDA:1,(anonymous_0)
FNDA:31,(anonymous_1)
FNDA:15,(anonymous_2)
FNDA:16,(anonymous_3)
FNDA:0,(anonymous_4)
FNDA:0,(anonymous_5)
FNDA:6,(anonymous_6)
FNDA:16,(anonymous_7)
FNDA:12,(anonymous_8)
FNDA:15,(anonymous_9)
FNDA:15,(anonymous_10)
FNDA:14,(anonymous_11)
FNDA:1,(anonymous_12)
FNDA:0,(anonymous_13)
FNDA:0,(anonymous_14)
FNDA:0,(anonymous_15)
FNDA:0,(anonymous_16)
FNDA:0,(anonymous_17)
FNDA:0,(anonymous_18)
FNDA:0,(anonymous_19)
FNDA:0,(anonymous_20)
FNDA:0,(anonymous_21)
FNDA:0,(anonymous_22)
FNDA:0,(anonymous_23)
FNDA:0,(anonymous_24)
FNDA:0,(anonymous_25)
FNDA:0,(anonymous_26)
FNDA:0,(anonymous_27)
FNDA:0,(anonymous_28)
FNDA:0,(anonymous_29)
FNDA:0,(anonymous_30)
DA:16,3
DA:17,3
DA:18,3
DA:20,3
DA:25,3
DA:37,3
DA:44,3
DA:46,3
DA:47,31
DA:48,0
DA:51,31
DA:60,3
DA:61,15
DA:63,15
DA:64,16
DA:65,16
DA:69,0
DA:71,0
DA:72,0
DA:75,0
DA:76,0
DA:77,0
DA:79,0
DA:80,0
DA:81,0
DA:84,0
DA:87,0
DA:90,15
DA:100,3
DA:101,6
DA:102,16
DA:103,16
DA:104,15
DA:106,16
DA:107,16
DA:110,6
DA:111,12
DA:112,15
DA:114,6
DA:116,15
DA:126,6
DA:135,6
DA:138,14
DA:139,14
DA:144,6
DA:152,3
DA:153,1
DA:154,1
DA:156,1
DA:157,0
DA:164,1
DA:165,1
DA:167,1
DA:168,1
DA:169,0
DA:170,1
DA:171,0
DA:175,1
DA:176,0
DA:177,1
DA:178,0
DA:181,1
DA:189,3
DA:190,0
DA:191,0
DA:192,0
DA:193,0
DA:195,0
DA:196,0
DA:204,0
DA:205,0
DA:206,0
DA:208,0
DA:209,0
DA:210,0
DA:211,0
DA:212,0
DA:213,0
DA:214,0
DA:217,0
DA:225,3
DA:226,0
DA:227,0
DA:231,3
DA:235,0
DA:236,0
DA:237,0
DA:239,0
DA:240,0
DA:243,0
DA:244,0
DA:247,0
DA:248,0
DA:251,0
DA:252,0
DA:255,0
DA:256,0
DA:259,0
DA:262,3
DA:263,0
DA:264,0
DA:265,0
DA:268,0
DA:270,0
DA:275,0
DA:276,0
DA:277,0
DA:279,0
DA:280,0
DA:281,0
DA:284,0
DA:285,0
DA:288,0
DA:289,0
DA:290,0
DA:292,0
DA:295,0
DA:297,0
DA:301,0
DA:309,3
DA:310,0
DA:311,0
DA:314,0
DA:315,0
DA:316,0
DA:317,0
DA:318,0
DA:321,0
DA:324,0
DA:327,3
DA:328,0
DA:330,0
DA:335,0
DA:337,0
DA:338,0
DA:339,0
DA:340,0
DA:341,0
DA:344,0
DA:345,0
DA:346,0
DA:348,0
DA:349,0
DA:352,0
DA:360,3
DA:361,0
DA:363,0
DA:365,0
DA:367,0
DA:369,0
LF:150
LH:52
BRDA:47,0,0,0
BRDA:47,0,1,31
BRDA:52,1,0,31
BRDA:52,1,1,0
BRDA:52,2,0,31
BRDA:52,2,1,0
BRDA:53,3,0,31
BRDA:53,3,1,0
BRDA:53,4,0,31
BRDA:53,4,1,0
BRDA:54,5,0,31
BRDA:54,5,1,0
BRDA:54,6,0,31
BRDA:54,6,1,0
BRDA:55,7,0,31
BRDA:55,7,1,0
BRDA:55,8,0,31
BRDA:55,8,1,0
BRDA:56,9,0,31
BRDA:56,9,1,0
BRDA:56,10,0,31
BRDA:56,10,1,2
BRDA:64,11,0,16
BRDA:64,11,1,0
BRDA:69,12,0,0
BRDA:69,12,1,0
BRDA:71,13,0,0
BRDA:71,13,1,0
BRDA:76,14,0,0
BRDA:76,14,1,0
BRDA:80,15,0,0
BRDA:80,15,1,0
BRDA:91,16,0,15
BRDA:91,16,1,0
BRDA:92,17,0,15
BRDA:92,17,1,0
BRDA:93,18,0,15
BRDA:93,18,1,0
BRDA:94,19,0,15
BRDA:94,19,1,0
BRDA:95,20,0,15
BRDA:95,20,1,0
BRDA:96,21,0,15
BRDA:96,21,1,0
BRDA:103,22,0,15
BRDA:103,22,1,1
BRDA:127,23,0,3
BRDA:127,23,1,3
BRDA:127,24,0,3
BRDA:127,24,1,0
BRDA:128,25,0,3
BRDA:128,25,1,3
BRDA:128,26,0,3
BRDA:128,26,1,0
BRDA:129,27,0,3
BRDA:129,27,1,3
BRDA:129,28,0,3
BRDA:129,28,1,0
BRDA:130,29,0,3
BRDA:130,29,1,3
BRDA:130,30,0,3
BRDA:130,30,1,0
BRDA:131,31,0,3
BRDA:131,31,1,3
BRDA:131,32,0,3
BRDA:131,32,1,0
BRDA:135,33,0,2
BRDA:135,33,1,4
BRDA:138,34,0,14
BRDA:138,34,1,0
BRDA:138,35,0,14
BRDA:138,35,1,0
BRDA:153,36,0,1
BRDA:153,36,1,0
BRDA:156,37,0,0
BRDA:156,37,1,1
BRDA:168,38,0,0
BRDA:168,38,1,1
BRDA:170,39,0,0
BRDA:170,39,1,1
BRDA:175,40,0,0
BRDA:175,40,1,1
BRDA:177,41,0,0
BRDA:177,41,1,1
BRDA:190,42,0,0
BRDA:190,42,1,0
BRDA:191,43,0,0
BRDA:191,43,1,0
BRDA:192,44,0,0
BRDA:192,44,1,0
BRDA:195,45,0,0
BRDA:195,45,1,0
BRDA:209,46,0,0
BRDA:209,46,1,0
BRDA:211,47,0,0
BRDA:211,47,1,0
BRDA:213,48,0,0
BRDA:213,48,1,0
BRDA:237,49,0,0
BRDA:237,49,1,0
BRDA:237,50,0,0
BRDA:237,50,1,0
BRDA:239,51,0,0
BRDA:239,51,1,0
BRDA:243,52,0,0
BRDA:243,52,1,0
BRDA:243,53,0,0
BRDA:243,53,1,0
BRDA:247,54,0,0
BRDA:247,54,1,0
BRDA:247,55,0,0
BRDA:247,55,1,0
BRDA:251,56,0,0
BRDA:251,56,1,0
BRDA:251,57,0,0
BRDA:251,57,1,0
BRDA:251,58,0,0
BRDA:251,58,1,0
BRDA:255,59,0,0
BRDA:255,59,1,0
BRDA:264,60,0,0
BRDA:264,60,1,0
BRDA:269,61,0,0
BRDA:269,61,1,0
BRDA:280,62,0,0
BRDA:280,62,1,0
BRDA:284,63,0,0
BRDA:284,63,1,0
BRDA:292,64,0,0
BRDA:292,64,1,0
BRDA:295,65,0,0
BRDA:295,65,1,0
BRDA:310,66,0,0
BRDA:310,66,1,0
BRDA:317,67,0,0
BRDA:317,67,1,0
BRDA:332,68,0,0
BRDA:332,68,1,0
BRDA:338,69,0,0
BRDA:338,69,1,0
BRDA:340,70,0,0
BRDA:340,70,1,0
BRDA:345,71,0,0
BRDA:345,71,1,0
BRDA:348,72,0,0
BRDA:348,72,1,0
BRDA:361,73,0,0
BRDA:361,73,1,0
BRDA:361,73,2,0
BRDA:361,73,3,0
BRF:150
BRH:46
end_of_record
TN:
SF:src/features/recipes/generationService.ts
FN:80,(anonymous_0)
FN:81,(anonymous_1)
FN:81,(anonymous_2)
FN:83,(anonymous_3)
FN:86,(anonymous_4)
FN:87,(anonymous_5)
FN:92,(anonymous_6)
FN:93,(anonymous_7)
FN:102,(anonymous_8)
FN:225,(anonymous_9)
FN:262,(anonymous_10)
FN:273,(anonymous_11)
FN:279,(anonymous_12)
FN:283,(anonymous_13)
FN:333,(anonymous_14)
FN:348,(anonymous_15)
FN:391,(anonymous_16)
FN:392,(anonymous_17)
FN:395,(anonymous_18)
FN:439,(anonymous_19)
FN:507,(anonymous_20)
FN:568,(anonymous_21)
FN:613,(anonymous_22)
FN:621,(anonymous_23)
FNF:24
FNH:0
FNDA:0,(anonymous_0)
FNDA:0,(anonymous_1)
FNDA:0,(anonymous_2)
FNDA:0,(anonymous_3)
FNDA:0,(anonymous_4)
FNDA:0,(anonymous_5)
FNDA:0,(anonymous_6)
FNDA:0,(anonymous_7)
FNDA:0,(anonymous_8)
FNDA:0,(anonymous_9)
FNDA:0,(anonymous_10)
FNDA:0,(anonymous_11)
FNDA:0,(anonymous_12)
FNDA:0,(anonymous_13)
FNDA:0,(anonymous_14)
FNDA:0,(anonymous_15)
FNDA:0,(anonymous_16)
FNDA:0,(anonymous_17)
FNDA:0,(anonymous_18)
FNDA:0,(anonymous_19)
FNDA:0,(anonymous_20)
FNDA:0,(anonymous_21)
FNDA:0,(anonymous_22)
FNDA:0,(anonymous_23)
DA:80,3
DA:81,0
DA:83,3
DA:84,0
DA:86,0
DA:87,0
DA:89,0
DA:92,3
DA:93,0
DA:102,3
DA:114,0
DA:116,0
DA:119,0
DA:125,0
DA:130,0
DA:135,0
DA:141,0
DA:145,0
DA:146,0
DA:148,0
DA:154,0
DA:160,0
DA:165,0
DA:169,0
DA:183,0
DA:222,0
DA:225,3
DA:226,0
DA:227,0
DA:231,0
DA:232,0
DA:233,0
DA:234,0
DA:235,0
DA:257,0
DA:258,0
DA:262,3
DA:273,3
DA:274,0
DA:279,0
DA:283,3
DA:288,0
DA:289,0
DA:290,0
DA:291,0
DA:292,0
DA:312,0
DA:313,0
DA:314,0
DA:316,0
DA:317,0
DA:318,0
DA:319,0
DA:320,0
DA:322,0
DA:323,0
DA:324,0
DA:326,0
DA:328,0
DA:329,0
DA:333,3
DA:334,0
DA:335,0
DA:337,0
DA:338,0
DA:341,0
DA:342,0
DA:345,0
DA:348,3
DA:358,0
DA:360,0
DA:362,0
DA:363,0
DA:364,0
DA:366,0
DA:367,0
DA:373,0
DA:374,0
DA:376,0
DA:377,0
DA:379,0
DA:380,0
DA:383,0
DA:387,0
DA:391,0
DA:392,0
DA:395,0
DA:396,0
DA:397,0
DA:399,0
DA:401,0
DA:403,0
DA:407,0
DA:408,0
DA:409,0
DA:412,0
DA:414,0
DA:424,0
DA:425,0
DA:431,0
DA:432,0
DA:434,0
DA:435,0
DA:436,0
DA:439,0
DA:460,0
DA:467,0
DA:473,0
DA:474,0
DA:477,0
DA:478,0
DA:481,0
DA:507,3
DA:525,0
DA:527,0
DA:528,0
DA:531,0
DA:568,3
DA:572,0
DA:573,0
DA:574,0
DA:598,0
DA:599,0
DA:603,0
DA:613,3
DA:618,0
DA:621,3
DA:624,0
DA:625,0
DA:649,0
DA:650,0
DA:651,0
DA:654,0
DA:656,0
DA:657,0
LF:135
LH:14
BRDA:81,0,0,0
BRDA:81,0,1,0
BRDA:87,1,0,0
BRDA:87,1,1,0
BRDA:87,2,0,0
BRDA:87,2,1,0
BRDA:92,3,0,0
BRDA:93,4,0,0
BRDA:93,4,1,0
BRDA:93,4,2,0
BRDA:93,4,3,0
BRDA:117,5,0,0
BRDA:117,5,1,0
BRDA:120,6,0,0
BRDA:120,6,1,0
BRDA:121,7,0,0
BRDA:121,7,1,0
BRDA:122,8,0,0
BRDA:122,8,1,0
BRDA:126,9,0,0
BRDA:126,9,1,0
BRDA:127,10,0,0
BRDA:127,10,1,0
BRDA:131,11,0,0
BRDA:131,11,1,0
BRDA:132,12,0,0
BRDA:132,12,1,0
BRDA:136,13,0,0
BRDA:136,13,1,0
BRDA:137,14,0,0
BRDA:137,14,1,0
BRDA:138,15,0,0
BRDA:138,15,1,0
BRDA:142,16,0,0
BRDA:142,16,1,0
BRDA:146,17,0,0
BRDA:146,17,1,0
BRDA:148,18,0,0
BRDA:148,18,1,0
BRDA:150,19,0,0
BRDA:150,19,1,0
BRDA:154,20,0,0
BRDA:154,20,1,0
BRDA:156,21,0,0
BRDA:156,21,1,0
BRDA:160,22,0,0
BRDA:160,22,1,0
BRDA:165,23,0,0
BRDA:165,23,1,0
BRDA:165,24,0,0
BRDA:165,24,1,0
BRDA:189,25,0,0
BRDA:189,25,1,0
BRDA:192,26,0,0
BRDA:192,26,1,0
BRDA:193,27,0,0
BRDA:193,27,1,0
BRDA:193,27,2,0
BRDA:194,28,0,0
BRDA:194,28,1,0
BRDA:194,28,2,0
BRDA:199,29,0,0
BRDA:199,29,1,0
BRDA:200,30,0,0
BRDA:200,30,1,0
BRDA:201,31,0,0
BRDA:201,31,1,0
BRDA:204,32,0,0
BRDA:204,32,1,0
BRDA:205,33,0,0
BRDA:205,33,1,0
BRDA:206,34,0,0
BRDA:206,34,1,0
BRDA:209,35,0,0
BRDA:209,35,1,0
BRDA:210,36,0,0
BRDA:210,36,1,0
BRDA:211,37,0,0
BRDA:211,37,1,0
BRDA:211,37,2,0
BRDA:214,38,0,0
BRDA:214,38,1,0
BRDA:215,39,0,0
BRDA:215,39,1,0
BRDA:216,40,0,0
BRDA:216,40,1,0
BRDA:232,41,0,0
BRDA:232,41,1,0
BRDA:234,42,0,0
BRDA:234,42,1,0
BRDA:237,43,0,0
BRDA:237,43,1,0
BRDA:238,44,0,0
BRDA:238,44,1,0
BRDA:241,45,0,0
BRDA:241,45,1,0
BRDA:242,46,0,0
BRDA:242,46,1,0
BRDA:243,47,0,0
BRDA:243,47,1,0
BRDA:244,48,0,0
BRDA:244,48,1,0
BRDA:245,49,0,0
BRDA:245,49,1,0
BRDA:263,50,0,0
BRDA:263,50,1,0
BRDA:265,51,0,0
BRDA:265,51,1,0
BRDA:267,52,0,0
BRDA:267,52,1,0
BRDA:268,53,0,0
BRDA:268,53,1,0
BRDA:270,54,0,0
BRDA:270,54,1,0
BRDA:275,55,0,0
BRDA:275,55,1,0
BRDA:275,55,2,0
BRDA:275,55,3,0
BRDA:275,55,4,0
BRDA:279,56,0,0
BRDA:279,56,1,0
BRDA:312,57,0,0
BRDA:312,57,1,0
BRDA:319,58,0,0
BRDA:319,58,1,0
BRDA:323,59,0,0
BRDA:323,59,1,0
BRDA:337,60,0,0
BRDA:337,60,1,0
BRDA:341,61,0,0
BRDA:341,61,1,0
BRDA:357,62,0,0
BRDA:373,63,0,0
BRDA:373,63,1,0
BRDA:376,64,0,0
BRDA:376,64,1,0
BRDA:379,65,0,0
BRDA:379,65,1,0
BRDA:387,66,0,0
BRDA:387,66,1,0
BRDA:391,67,0,0
BRDA:391,67,1,0
BRDA:396,68,0,0
BRDA:396,68,1,0
BRDA:396,69,0,0
BRDA:396,69,1,0
BRDA:407,70,0,0
BRDA:407,70,1,0
BRDA:408,71,0,0
BRDA:408,71,1,0
BRDA:417,72,0,0
BRDA:417,72,1,0
BRDA:418,73,0,0
BRDA:418,73,1,0
BRDA:418,74,0,0
BRDA:418,74,1,0
BRDA:434,75,0,0
BRDA:434,75,1,0
BRDA:434,76,0,0
BRDA:434,76,1,0
BRDA:434,77,0,0
BRDA:434,77,1,0
BRDA:440,78,0,0
BRDA:440,78,1,0
BRDA:449,79,0,0
BRDA:449,79,1,0
BRDA:461,80,0,0
BRDA:461,80,1,0
BRDA:470,81,0,0
BRDA:470,81,1,0
BRDA:473,82,0,0
BRDA:473,82,1,0
BRDA:477,83,0,0
BRDA:477,83,1,0
BRDA:512,84,0,0
BRDA:513,85,0,0
BRDA:514,86,0,0
BRDA:515,87,0,0
BRDA:516,88,0,0
BRDA:523,89,0,0
BRDA:524,90,0,0
BRDA:527,91,0,0
BRDA:527,91,1,0
BRDA:534,92,0,0
BRDA:534,92,1,0
BRDA:551,93,0,0
BRDA:551,93,1,0
BRDA:570,94,0,0
BRDA:598,95,0,0
BRDA:598,95,1,0
BRDA:606,96,0,0
BRDA:606,96,1,0
BRDA:649,97,0,0
BRDA:649,97,1,0
BRF:194
BRH:0
end_of_record
TN:
SF:src/features/recipes/services/RecipeDataService.ts
FN:13,(anonymous_0)
FN:15,(anonymous_1)
FN:26,(anonymous_2)
FN:49,(anonymous_3)
FN:59,(anonymous_4)
FNF:5
FNH:2
FNDA:3,(anonymous_0)
FNDA:3,(anonymous_1)
FNDA:0,(anonymous_2)
FNDA:0,(anonymous_3)
FNDA:0,(anonymous_4)
DA:16,3
DA:17,3
DA:19,3
DA:27,0
DA:35,0
DA:36,0
DA:37,0
DA:42,0
DA:52,0
DA:53,0
DA:60,0
DA:69,0
DA:70,0
DA:71,0
DA:74,0
DA:79,3
LF:16
LH:4
BRDA:16,0,0,3
BRDA:16,0,1,0
BRDA:26,1,0,0
BRDA:35,2,0,0
BRDA:35,2,1,0
BRDA:35,3,0,0
BRDA:35,3,1,0
BRDA:69,4,0,0
BRDA:69,4,1,0
BRDA:69,5,0,0
BRDA:69,5,1,0
BRF:11
BRH:1
end_of_record
TN:
SF:src/features/recipes/services/RecipeFilterService.ts
FN:23,(anonymous_0)
FN:25,(anonymous_1)
FN:35,(anonymous_2)
FN:60,(anonymous_3)
FN:65,(anonymous_4)
FN:68,(anonymous_5)
FN:69,(anonymous_6)
FN:76,(anonymous_7)
FN:90,(anonymous_8)
FN:94,(anonymous_9)
FN:107,(anonymous_10)
FN:115,(anonymous_11)
FN:119,(anonymous_12)
FN:125,(anonymous_13)
FN:157,(anonymous_14)
FN:161,(anonymous_15)
FN:168,(anonymous_16)
FN:174,(anonymous_17)
FN:177,(anonymous_18)
FNF:19
FNH:2
FNDA:3,(anonymous_0)
FNDA:3,(anonymous_1)
FNDA:0,(anonymous_2)
FNDA:0,(anonymous_3)
FNDA:0,(anonymous_4)
FNDA:0,(anonymous_5)
FNDA:0,(anonymous_6)
FNDA:0,(anonymous_7)
FNDA:0,(anonymous_8)
FNDA:0,(anonymous_9)
FNDA:0,(anonymous_10)
FNDA:0,(anonymous_11)
FNDA:0,(anonymous_12)
FNDA:0,(anonymous_13)
FNDA:0,(anonymous_14)
FNDA:0,(anonymous_15)
FNDA:0,(anonymous_16)
FNDA:0,(anonymous_17)
FNDA:0,(anonymous_18)
DA:26,3
DA:27,3
DA:29,3
DA:41,0
DA:48,0
DA:50,0
DA:51,0
DA:52,0
DA:54,0
DA:65,0
DA:67,0
DA:68,0
DA:69,0
DA:70,0
DA:75,0
DA:76,0
DA:82,0
DA:83,0
DA:84,0
DA:89,0
DA:90,0
DA:91,0
DA:93,0
DA:94,0
DA:100,0
DA:113,0
DA:116,0
DA:117,0
DA:119,0
DA:122,0
DA:123,0
DA:125,0
DA:127,0
DA:128,0
DA:132,0
DA:133,0
DA:134,0
DA:135,0
DA:136,0
DA:137,0
DA:144,0
DA:145,0
DA:146,0
DA:150,0
DA:161,0
DA:162,0
DA:163,0
DA:165,0
DA:166,0
DA:168,0
DA:169,0
DA:171,0
DA:172,0
DA:174,0
DA:175,0
DA:177,0
DA:180,0
DA:184,0
DA:190,3
LF:59
LH:4
BRDA:26,0,0,3
BRDA:26,0,1,0
BRDA:67,1,0,0
BRDA:67,1,1,0
BRDA:69,2,0,0
BRDA:69,2,1,0
BRDA:69,3,0,0
BRDA:69,3,1,0
BRDA:75,4,0,0
BRDA:75,4,1,0
BRDA:76,5,0,0
BRDA:76,5,1,0
BRDA:82,6,0,0
BRDA:82,6,1,0
BRDA:82,7,0,0
BRDA:82,7,1,0
BRDA:83,8,0,0
BRDA:83,8,1,0
BRDA:89,9,0,0
BRDA:89,9,1,0
BRDA:89,10,0,0
BRDA:89,10,1,0
BRDA:90,11,0,0
BRDA:90,11,1,0
BRDA:93,12,0,0
BRDA:93,12,1,0
BRDA:94,13,0,0
BRDA:94,13,1,0
BRDA:127,14,0,0
BRDA:127,14,1,0
BRDA:132,15,0,0
BRDA:132,15,1,0
BRDA:132,16,0,0
BRDA:132,16,1,0
BRDA:132,16,2,0
BRDA:135,17,0,0
BRDA:135,17,1,0
BRDA:137,18,0,0
BRDA:137,18,1,0
BRDA:144,19,0,0
BRDA:144,19,1,0
BRDA:144,20,0,0
BRDA:144,20,1,0
BRDA:144,20,2,0
BRDA:146,21,0,0
BRDA:146,21,1,0
BRDA:162,22,0,0
BRDA:162,22,1,0
BRDA:162,23,0,0
BRDA:162,23,1,0
BRDA:165,24,0,0
BRDA:165,24,1,0
BRDA:165,25,0,0
BRDA:165,25,1,0
BRDA:165,26,0,0
BRDA:165,26,1,0
BRDA:168,27,0,0
BRDA:168,27,1,0
BRDA:168,28,0,0
BRDA:168,28,1,0
BRDA:171,29,0,0
BRDA:171,29,1,0
BRDA:171,30,0,0
BRDA:171,30,1,0
BRDA:174,31,0,0
BRDA:174,31,1,0
BRDA:174,32,0,0
BRDA:174,32,1,0
BRDA:174,33,0,0
BRDA:174,33,1,0
BRDA:177,34,0,0
BRDA:177,34,1,0
BRDA:177,35,0,0
BRDA:177,35,1,0
BRDA:180,36,0,0
BRDA:180,36,1,0
BRF:76
BRH:1
end_of_record
TN:
SF:src/features/recipes/services/RecipeHistoryService.ts
FN:46,(anonymous_0)
FN:48,(anonymous_1)
FN:58,(anonymous_2)
FN:90,(anonymous_3)
FN:123,(anonymous_4)
FN:135,(anonymous_5)
FN:184,(anonymous_6)
FN:211,(anonymous_7)
FN:222,(anonymous_8)
FN:229,(anonymous_9)
FN:231,(anonymous_10)
FN:235,(anonymous_11)
FN:239,(anonymous_12)
FN:260,(anonymous_13)
FN:266,(anonymous_14)
FN:298,(anonymous_15)
FN:322,(anonymous_16)
FN:331,(anonymous_17)
FNF:18
FNH:2
FNDA:3,(anonymous_0)
FNDA:3,(anonymous_1)
FNDA:0,(anonymous_2)
FNDA:0,(anonymous_3)
FNDA:0,(anonymous_4)
FNDA:0,(anonymous_5)
FNDA:0,(anonymous_6)
FNDA:0,(anonymous_7)
FNDA:0,(anonymous_8)
FNDA:0,(anonymous_9)
FNDA:0,(anonymous_10)
FNDA:0,(anonymous_11)
FNDA:0,(anonymous_12)
FNDA:0,(anonymous_13)
FNDA:0,(anonymous_14)
FNDA:0,(anonymous_15)
FNDA:0,(anonymous_16)
FNDA:0,(anonymous_17)
DA:44,3
DA:49,3
DA:50,3
DA:52,3
DA:63,0
DA:66,0
DA:72,0
DA:91,0
DA:92,0
DA:94,0
DA:117,0
DA:118,0
DA:119,0
DA:123,0
DA:124,0
DA:128,0
DA:129,0
DA:140,0
DA:148,0
DA:149,0
DA:153,0
DA:167,0
DA:168,0
DA:169,0
DA:173,0
DA:176,0
DA:178,0
DA:193,0
DA:199,0
DA:200,0
DA:201,0
DA:205,0
DA:216,0
DA:221,0
DA:222,0
DA:225,0
DA:226,0
DA:227,0
DA:229,0
DA:230,0
DA:231,0
DA:232,0
DA:235,0
DA:236,0
DA:239,0
DA:240,0
DA:245,0
DA:264,0
DA:266,0
DA:270,0
DA:272,0
DA:277,0
DA:278,0
DA:282,0
DA:284,0
DA:285,0
DA:287,0
DA:288,0
DA:290,0
DA:291,0
DA:304,0
DA:308,0
DA:309,0
DA:312,0
DA:317,0
DA:318,0
DA:319,0
DA:322,0
DA:332,0
DA:333,0
DA:335,0
DA:341,3
LF:72
LH:5
BRDA:49,0,0,3
BRDA:49,0,1,0
BRDA:63,1,0,0
BRDA:63,1,1,0
BRDA:66,2,0,0
BRDA:66,2,1,0
BRDA:79,3,0,0
BRDA:79,3,1,0
BRDA:80,4,0,0
BRDA:80,4,1,0
BRDA:90,5,0,0
BRDA:117,6,0,0
BRDA:117,6,1,0
BRDA:117,7,0,0
BRDA:117,7,1,0
BRDA:148,8,0,0
BRDA:148,8,1,0
BRDA:167,9,0,0
BRDA:167,9,1,0
BRDA:167,10,0,0
BRDA:167,10,1,0
BRDA:199,11,0,0
BRDA:199,11,1,0
BRDA:222,12,0,0
BRDA:222,12,1,0
BRDA:230,13,0,0
BRDA:230,13,1,0
BRDA:232,14,0,0
BRDA:232,14,1,0
BRDA:236,15,0,0
BRDA:236,15,1,0
BRDA:240,16,0,0
BRDA:240,16,1,0
BRDA:264,17,0,0
BRDA:264,17,1,0
BRDA:277,18,0,0
BRDA:277,18,1,0
BRDA:284,19,0,0
BRDA:284,19,1,0
BRDA:287,20,0,0
BRDA:287,20,1,0
BRDA:290,21,0,0
BRDA:290,21,1,0
BRDA:301,22,0,0
BRDA:308,23,0,0
BRDA:308,23,1,0
BRDA:317,24,0,0
BRDA:317,24,1,0
BRDA:317,25,0,0
BRDA:317,25,1,0
BRDA:324,26,0,0
BRDA:324,26,1,0
BRDA:332,27,0,0
BRDA:332,27,1,0
BRF:54
BRH:1
end_of_record
TN:
SF:src/features/recipes/services/VarietyMetricsService.ts
FN:21,(anonymous_0)
FN:23,(anonymous_1)
FN:33,(anonymous_2)
FN:48,(anonymous_3)
FN:66,(anonymous_4)
FN:90,(anonymous_5)
FN:98,(anonymous_6)
FN:100,(anonymous_7)
FN:103,(anonymous_8)
FN:106,(anonymous_9)
FN:128,(anonymous_10)
FNF:11
FNH:2
FNDA:3,(anonymous_0)
FNDA:3,(anonymous_1)
FNDA:0,(anonymous_2)
FNDA:0,(anonymous_3)
FNDA:0,(anonymous_4)
FNDA:0,(anonymous_5)
FNDA:0,(anonymous_6)
FNDA:0,(anonymous_7)
FNDA:0,(anonymous_8)
FNDA:0,(anonymous_9)
FNDA:0,(anonymous_10)
DA:19,3
DA:24,3
DA:25,3
DA:27,3
DA:34,0
DA:35,0
DA:37,0
DA:42,0
DA:43,0
DA:44,0
DA:47,0
DA:48,0
DA:49,0
DA:59,0
DA:60,0
DA:72,0
DA:78,0
DA:79,0
DA:80,0
DA:84,0
DA:94,0
DA:95,0
DA:96,0
DA:98,0
DA:99,0
DA:100,0
DA:101,0
DA:103,0
DA:104,0
DA:106,0
DA:107,0
DA:112,0
DA:113,0
DA:114,0
DA:115,0
DA:117,0
DA:129,0
DA:130,0
DA:132,0
DA:138,3
LF:40
LH:5
BRDA:24,0,0,3
BRDA:24,0,1,0
BRDA:35,1,0,0
BRDA:35,1,1,0
BRDA:42,2,0,0
BRDA:42,2,1,0
BRDA:42,3,0,0
BRDA:42,3,1,0
BRDA:53,4,0,0
BRDA:53,4,1,0
BRDA:54,5,0,0
BRDA:54,5,1,0
BRDA:78,6,0,0
BRDA:78,6,1,0
BRDA:99,7,0,0
BRDA:99,7,1,0
BRDA:101,8,0,0
BRDA:101,8,1,0
BRDA:104,9,0,0
BRDA:104,9,1,0
BRDA:107,10,0,0
BRDA:107,10,1,0
BRDA:129,11,0,0
BRDA:129,11,1,0
BRF:24
BRH:1
end_of_record
TN:
SF:src/features/recipes/services/recipeService.ts
FN:10,(anonymous_0)
FN:15,(anonymous_1)
FN:17,(anonymous_2)
FN:25,(anonymous_3)
FN:27,(anonymous_4)
FN:63,(anonymous_5)
FN:65,(anonymous_6)
FN:70,(anonymous_7)
FN:89,(anonymous_8)
FN:94,(anonymous_9)
FN:106,mapDBDataToRecipe
FN:107,(anonymous_11)
FN:145,(anonymous_12)
FN:163,(anonymous_13)
FN:168,(anonymous_14)
FN:171,(anonymous_15)
FN:172,(anonymous_16)
FN:173,(anonymous_17)
FN:180,(anonymous_18)
FN:181,(anonymous_19)
FN:190,(anonymous_20)
FN:212,(anonymous_21)
FN:222,(anonymous_22)
FN:231,(anonymous_23)
FN:232,(anonymous_24)
FN:270,(anonymous_25)
FN:293,(anonymous_26)
FN:312,(anonymous_27)
FN:317,(anonymous_28)
FN:346,(anonymous_29)
FN:384,(anonymous_30)
FN:401,(anonymous_31)
FN:453,(anonymous_32)
FN:466,toggleRecipeFavorite
FN:490,(anonymous_34)
FN:508,(anonymous_35)
FN:552,(anonymous_36)
FN:561,(anonymous_37)
FNF:38
FNH:0
FNDA:0,(anonymous_0)
FNDA:0,(anonymous_1)
FNDA:0,(anonymous_2)
FNDA:0,(anonymous_3)
FNDA:0,(anonymous_4)
FNDA:0,(anonymous_5)
FNDA:0,(anonymous_6)
FNDA:0,(anonymous_7)
FNDA:0,(anonymous_8)
FNDA:0,(anonymous_9)
FNDA:0,mapDBDataToRecipe
FNDA:0,(anonymous_11)
FNDA:0,(anonymous_12)
FNDA:0,(anonymous_13)
FNDA:0,(anonymous_14)
FNDA:0,(anonymous_15)
FNDA:0,(anonymous_16)
FNDA:0,(anonymous_17)
FNDA:0,(anonymous_18)
FNDA:0,(anonymous_19)
FNDA:0,(anonymous_20)
FNDA:0,(anonymous_21)
FNDA:0,(anonymous_22)
FNDA:0,(anonymous_23)
FNDA:0,(anonymous_24)
FNDA:0,(anonymous_25)
FNDA:0,(anonymous_26)
FNDA:0,(anonymous_27)
FNDA:0,(anonymous_28)
FNDA:0,(anonymous_29)
FNDA:0,(anonymous_30)
FNDA:0,(anonymous_31)
FNDA:0,(anonymous_32)
FNDA:0,toggleRecipeFavorite
FNDA:0,(anonymous_34)
FNDA:0,(anonymous_35)
FNDA:0,(anonymous_36)
FNDA:0,(anonymous_37)
DA:10,4
DA:11,0
DA:15,4
DA:16,0
DA:17,0
DA:19,0
DA:20,0
DA:22,0
DA:25,4
DA:26,0
DA:27,0
DA:63,4
DA:64,0
DA:65,0
DA:66,0
DA:70,4
DA:71,0
DA:75,0
DA:76,0
DA:79,0
DA:80,0
DA:82,0
DA:83,0
DA:86,0
DA:89,4
DA:90,0
DA:91,0
DA:93,0
DA:94,0
DA:95,0
DA:96,0
DA:97,0
DA:99,0
DA:107,0
DA:112,0
DA:114,0
DA:145,4
DA:151,0
DA:152,0
DA:153,0
DA:156,0
DA:157,0
DA:159,0
DA:162,0
DA:163,0
DA:164,0
DA:167,0
DA:168,0
DA:170,0
DA:171,0
DA:172,0
DA:173,0
DA:174,0
DA:179,0
DA:180,0
DA:181,0
DA:184,0
DA:185,0
DA:189,0
DA:190,0
DA:191,0
DA:193,0
DA:195,0
DA:197,0
DA:199,0
DA:204,0
DA:205,0
DA:206,0
DA:207,0
DA:209,0
DA:212,0
DA:218,0
DA:219,0
DA:220,0
DA:222,0
DA:223,0
DA:228,0
DA:229,0
DA:230,0
DA:231,0
DA:232,0
DA:234,0
DA:235,0
DA:236,0
DA:239,0
DA:240,0
DA:241,0
DA:242,0
DA:243,0
DA:244,0
DA:245,0
DA:246,0
DA:248,0
DA:250,0
DA:251,0
DA:254,0
DA:257,0
DA:259,0
DA:261,0
DA:262,0
DA:263,0
DA:264,0
DA:265,0
DA:266,0
DA:268,0
DA:269,0
DA:270,0
DA:273,0
DA:274,0
DA:275,0
DA:276,0
DA:277,0
DA:278,0
DA:279,0
DA:282,0
DA:283,0
DA:286,0
DA:287,0
DA:288,0
DA:291,0
DA:292,0
DA:293,0
DA:296,0
DA:297,0
DA:298,0
DA:299,0
DA:300,0
DA:301,0
DA:302,0
DA:305,0
DA:306,0
DA:312,4
DA:313,0
DA:315,0
DA:316,0
DA:317,0
DA:318,0
DA:321,0
DA:331,0
DA:332,0
DA:333,0
DA:334,0
DA:337,0
DA:339,0
DA:346,4
DA:347,0
DA:349,0
DA:350,0
DA:354,0
DA:366,0
DA:372,0
DA:373,0
DA:374,0
DA:377,0
DA:379,0
DA:382,0
DA:383,0
DA:384,0
DA:385,0
DA:386,0
DA:387,0
DA:388,0
DA:389,0
DA:397,0
DA:400,0
DA:401,0
DA:403,0
DA:404,0
DA:409,0
DA:410,0
DA:412,0
DA:414,0
DA:415,0
DA:420,0
DA:422,0
DA:423,0
DA:425,0
DA:429,0
DA:430,0
DA:431,0
DA:432,0
DA:438,0
DA:439,0
DA:442,0
DA:447,0
DA:453,4
DA:454,0
DA:455,0
DA:456,0
DA:457,0
DA:458,0
DA:460,0
DA:467,0
DA:468,0
DA:470,0
DA:478,0
DA:479,0
DA:480,0
DA:481,0
DA:483,0
DA:484,0
DA:490,4
DA:491,0
DA:497,0
DA:498,0
DA:499,0
DA:501,0
DA:508,4
DA:509,0
DA:510,0
DA:512,0
DA:514,0
DA:522,0
DA:523,0
DA:526,0
DA:529,0
DA:536,0
DA:537,0
DA:538,0
DA:541,0
DA:544,0
DA:545,0
DA:549,0
DA:551,0
DA:552,0
DA:553,0
DA:554,0
DA:555,0
DA:556,0
DA:557,0
DA:558,0
DA:560,0
DA:561,0
DA:562,0
DA:563,0
DA:564,0
DA:565,0
DA:567,0
DA:570,0
DA:575,0
LF:240
LH:12
BRDA:16,0,0,0
BRDA:16,0,1,0
BRDA:17,1,0,0
BRDA:17,1,1,0
BRDA:19,2,0,0
BRDA:19,2,1,0
BRDA:26,3,0,0
BRDA:26,3,1,0
BRDA:27,4,0,0
BRDA:27,4,1,0
BRDA:64,5,0,0
BRDA:64,5,1,0
BRDA:66,6,0,0
BRDA:66,6,1,0
BRDA:71,7,0,0
BRDA:71,7,1,0
BRDA:71,8,0,0
BRDA:71,8,1,0
BRDA:75,9,0,0
BRDA:75,9,1,0
BRDA:79,10,0,0
BRDA:79,10,1,0
BRDA:80,11,0,0
BRDA:80,11,1,0
BRDA:82,12,0,0
BRDA:82,12,1,0
BRDA:82,13,0,0
BRDA:82,13,1,0
BRDA:86,14,0,0
BRDA:86,14,1,0
BRDA:86,15,0,0
BRDA:86,15,1,0
BRDA:90,16,0,0
BRDA:90,16,1,0
BRDA:96,17,0,0
BRDA:96,17,1,0
BRDA:107,18,0,0
BRDA:107,18,1,0
BRDA:109,19,0,0
BRDA:109,19,1,0
BRDA:121,20,0,0
BRDA:121,20,1,0
BRDA:122,21,0,0
BRDA:122,21,1,0
BRDA:123,22,0,0
BRDA:123,22,1,0
BRDA:124,23,0,0
BRDA:124,23,1,0
BRDA:125,24,0,0
BRDA:125,24,1,0
BRDA:126,25,0,0
BRDA:126,25,1,0
BRDA:127,26,0,0
BRDA:127,26,1,0
BRDA:128,27,0,0
BRDA:128,27,1,0
BRDA:130,28,0,0
BRDA:130,28,1,0
BRDA:131,29,0,0
BRDA:131,29,1,0
BRDA:135,30,0,0
BRDA:135,30,1,0
BRDA:147,31,0,0
BRDA:148,32,0,0
BRDA:149,33,0,0
BRDA:151,34,0,0
BRDA:151,34,1,0
BRDA:156,35,0,0
BRDA:156,35,1,0
BRDA:162,36,0,0
BRDA:162,36,1,0
BRDA:167,37,0,0
BRDA:167,37,1,0
BRDA:170,38,0,0
BRDA:170,38,1,0
BRDA:170,39,0,0
BRDA:170,39,1,0
BRDA:179,40,0,0
BRDA:179,40,1,0
BRDA:179,41,0,0
BRDA:179,41,1,0
BRDA:181,42,0,0
BRDA:181,42,1,0
BRDA:184,43,0,0
BRDA:184,43,1,0
BRDA:184,44,0,0
BRDA:184,44,1,0
BRDA:189,45,0,0
BRDA:189,45,1,0
BRDA:191,46,0,0
BRDA:191,46,1,0
BRDA:191,46,2,0
BRDA:191,46,3,0
BRDA:214,47,0,0
BRDA:214,47,1,0
BRDA:218,48,0,0
BRDA:218,48,1,0
BRDA:228,49,0,0
BRDA:228,49,1,0
BRDA:229,50,0,0
BRDA:229,50,1,0
BRDA:230,51,0,0
BRDA:230,51,1,0
BRDA:230,52,0,0
BRDA:230,52,1,0
BRDA:234,53,0,0
BRDA:234,53,1,0
BRDA:234,54,0,0
BRDA:234,54,1,0
BRDA:235,55,0,0
BRDA:235,55,1,0
BRDA:239,56,0,0
BRDA:239,56,1,0
BRDA:242,57,0,0
BRDA:242,57,1,0
BRDA:242,57,2,0
BRDA:242,57,3,0
BRDA:250,58,0,0
BRDA:250,58,1,0
BRDA:261,59,0,0
BRDA:261,59,1,0
BRDA:264,60,0,0
BRDA:264,60,1,0
BRDA:268,61,0,0
BRDA:268,61,1,0
BRDA:269,62,0,0
BRDA:269,62,1,0
BRDA:273,63,0,0
BRDA:273,63,1,0
BRDA:286,64,0,0
BRDA:286,64,1,0
BRDA:291,65,0,0
BRDA:291,65,1,0
BRDA:292,66,0,0
BRDA:292,66,1,0
BRDA:296,67,0,0
BRDA:296,67,1,0
BRDA:313,68,0,0
BRDA:313,68,1,0
BRDA:315,69,0,0
BRDA:315,69,1,0
BRDA:318,70,0,0
BRDA:318,70,1,0
BRDA:331,71,0,0
BRDA:331,71,1,0
BRDA:333,72,0,0
BRDA:333,72,1,0
BRDA:337,73,0,0
BRDA:337,73,1,0
BRDA:349,74,0,0
BRDA:349,74,1,0
BRDA:349,75,0,0
BRDA:349,75,1,0
BRDA:362,76,0,0
BRDA:362,76,1,0
BRDA:372,77,0,0
BRDA:372,77,1,0
BRDA:372,78,0,0
BRDA:372,78,1,0
BRDA:374,79,0,0
BRDA:374,79,1,0
BRDA:383,80,0,0
BRDA:383,80,1,0
BRDA:383,81,0,0
BRDA:383,81,1,0
BRDA:385,82,0,0
BRDA:385,82,1,0
BRDA:386,83,0,0
BRDA:386,83,1,0
BRDA:386,84,0,0
BRDA:386,84,1,0
BRDA:386,85,0,0
BRDA:386,85,1,0
BRDA:393,86,0,0
BRDA:393,86,1,0
BRDA:393,87,0,0
BRDA:393,87,1,0
BRDA:394,88,0,0
BRDA:394,88,1,0
BRDA:403,89,0,0
BRDA:403,89,1,0
BRDA:409,90,0,0
BRDA:409,90,1,0
BRDA:414,91,0,0
BRDA:414,91,1,0
BRDA:422,92,0,0
BRDA:422,92,1,0
BRDA:429,93,0,0
BRDA:429,93,1,0
BRDA:431,94,0,0
BRDA:431,94,1,0
BRDA:438,95,0,0
BRDA:438,95,1,0
BRDA:439,96,0,0
BRDA:439,96,1,0
BRDA:454,97,0,0
BRDA:454,97,1,0
BRDA:456,98,0,0
BRDA:456,98,1,0
BRDA:468,99,0,0
BRDA:468,99,1,0
BRDA:478,100,0,0
BRDA:478,100,1,0
BRDA:480,101,0,0
BRDA:480,101,1,0
BRDA:497,102,0,0
BRDA:497,102,1,0
BRDA:501,103,0,0
BRDA:501,103,1,0
BRDA:510,104,0,0
BRDA:510,104,1,0
BRDA:517,105,0,0
BRDA:517,105,1,0
BRDA:518,106,0,0
BRDA:518,106,1,0
BRDA:522,107,0,0
BRDA:522,107,1,0
BRDA:536,108,0,0
BRDA:536,108,1,0
BRDA:536,109,0,0
BRDA:536,109,1,0
BRDA:538,110,0,0
BRDA:538,110,1,0
BRDA:544,111,0,0
BRDA:544,111,1,0
BRDA:549,112,0,0
BRDA:549,112,1,0
BRDA:551,113,0,0
BRDA:551,113,1,0
BRDA:553,114,0,0
BRDA:553,114,1,0
BRDA:554,115,0,0
BRDA:554,115,1,0
BRDA:554,116,0,0
BRDA:554,116,1,0
BRDA:554,117,0,0
BRDA:554,117,1,0
BRDA:557,118,0,0
BRDA:557,118,1,0
BRDA:562,119,0,0
BRDA:562,119,1,0
BRDA:564,120,0,0
BRDA:564,120,1,0
BRDA:565,121,0,0
BRDA:565,121,1,0
BRF:245
BRH:0
end_of_record
TN:
SF:src/features/shopping-list/shoppingListService.ts
FN:30,(anonymous_0)
FN:48,requireAuthUser
FN:58,mapDbItemToUi
FN:67,getShoppingListItems
FN:87,addShoppingListItem
FN:108,updateShoppingListItem
FN:130,deleteShoppingListItem
FN:141,clearPurchasedItems
FN:152,clearAllItems
FN:158,fetchRecipesForMeals
FN:159,(anonymous_10)
FN:159,(anonymous_11)
FN:160,(anonymous_12)
FN:161,(anonymous_13)
FN:170,aggregateIngredients
FN:173,(anonymous_15)
FN:228,fetchPantryStock
FN:241,(anonymous_17)
FN:279,computeFinalList
FN:285,(anonymous_19)
FN:310,(anonymous_20)
FN:313,syncShoppingListWithDB
FN:327,(anonymous_22)
FN:342,generateShoppingList
FN:355,(anonymous_24)
FN:360,(anonymous_25)
FN:382,(anonymous_26)
FNF:27
FNH:0
FNDA:0,(anonymous_0)
FNDA:0,requireAuthUser
FNDA:0,mapDbItemToUi
FNDA:0,getShoppingListItems
FNDA:0,addShoppingListItem
FNDA:0,updateShoppingListItem
FNDA:0,deleteShoppingListItem
FNDA:0,clearPurchasedItems
FNDA:0,clearAllItems
FNDA:0,fetchRecipesForMeals
FNDA:0,(anonymous_10)
FNDA:0,(anonymous_11)
FNDA:0,(anonymous_12)
FNDA:0,(anonymous_13)
FNDA:0,aggregateIngredients
FNDA:0,(anonymous_15)
FNDA:0,fetchPantryStock
FNDA:0,(anonymous_17)
FNDA:0,computeFinalList
FNDA:0,(anonymous_19)
FNDA:0,(anonymous_20)
FNDA:0,syncShoppingListWithDB
FNDA:0,(anonymous_22)
FNDA:0,generateShoppingList
FNDA:0,(anonymous_24)
FNDA:0,(anonymous_25)
FNDA:0,(anonymous_26)
DA:16,1
DA:17,1
DA:30,1
DA:31,0
DA:32,0
DA:33,0
DA:36,0
DA:37,0
DA:39,0
DA:40,0
DA:41,0
DA:44,0
DA:52,0
DA:53,0
DA:54,0
DA:55,0
DA:59,0
DA:68,0
DA:69,0
DA:76,0
DA:77,0
DA:88,0
DA:90,0
DA:98,0
DA:104,0
DA:105,0
DA:112,0
DA:113,0
DA:118,0
DA:126,0
DA:127,0
DA:131,0
DA:132,0
DA:138,0
DA:142,0
DA:143,0
DA:149,0
DA:153,0
DA:154,0
DA:155,0
DA:159,0
DA:160,0
DA:161,0
DA:162,0
DA:163,0
DA:164,0
DA:166,0
DA:171,0
DA:173,0
DA:174,0
DA:175,0
DA:176,0
DA:178,0
DA:179,0
DA:180,0
DA:181,0
DA:183,0
DA:184,0
DA:185,0
DA:186,0
DA:187,0
DA:188,0
DA:189,0
DA:191,0
DA:192,0
DA:195,0
DA:196,0
DA:197,0
DA:199,0
DA:201,0
DA:203,0
DA:207,0
DA:208,0
DA:211,0
DA:212,0
DA:214,0
DA:217,0
DA:225,0
DA:229,0
DA:234,0
DA:235,0
DA:236,0
DA:239,0
DA:241,0
DA:242,0
DA:245,0
DA:246,0
DA:247,0
DA:248,0
DA:249,0
DA:250,0
DA:252,0
DA:253,0
DA:254,0
DA:255,0
DA:256,0
DA:257,0
DA:260,0
DA:261,0
DA:262,0
DA:264,0
DA:265,0
DA:269,0
DA:272,0
DA:276,0
DA:283,0
DA:285,0
DA:286,0
DA:287,0
DA:289,0
DA:290,0
DA:291,0
DA:293,0
DA:294,0
DA:295,0
DA:300,0
DA:301,0
DA:310,0
DA:314,0
DA:320,0
DA:321,0
DA:322,0
DA:325,0
DA:327,0
DA:335,0
DA:336,0
DA:337,0
DA:338,0
DA:347,0
DA:348,0
DA:349,0
DA:352,0
DA:353,0
DA:355,0
DA:356,0
DA:357,0
DA:358,0
DA:360,0
DA:361,0
DA:362,0
DA:363,0
DA:372,0
DA:373,0
DA:376,0
DA:377,0
DA:378,0
DA:380,0
DA:382,0
LF:148
LH:3
BRDA:32,0,0,0
BRDA:32,0,1,0
BRDA:32,1,0,0
BRDA:32,1,1,0
BRDA:37,2,0,0
BRDA:37,2,1,0
BRDA:40,3,0,0
BRDA:40,3,1,0
BRDA:40,4,0,0
BRDA:40,4,1,0
BRDA:53,5,0,0
BRDA:53,5,1,0
BRDA:54,6,0,0
BRDA:54,6,1,0
BRDA:61,7,0,0
BRDA:61,7,1,0
BRDA:62,8,0,0
BRDA:62,8,1,0
BRDA:63,9,0,0
BRDA:63,9,1,0
BRDA:76,10,0,0
BRDA:76,10,1,0
BRDA:77,11,0,0
BRDA:77,11,1,0
BRDA:93,12,0,0
BRDA:93,12,1,0
BRDA:94,13,0,0
BRDA:94,13,1,0
BRDA:95,14,0,0
BRDA:95,14,1,0
BRDA:104,15,0,0
BRDA:104,15,1,0
BRDA:105,16,0,0
BRDA:105,16,1,0
BRDA:126,17,0,0
BRDA:126,17,1,0
BRDA:127,18,0,0
BRDA:127,18,1,0
BRDA:138,19,0,0
BRDA:138,19,1,0
BRDA:149,20,0,0
BRDA:149,20,1,0
BRDA:155,21,0,0
BRDA:155,21,1,0
BRDA:163,22,0,0
BRDA:163,22,1,0
BRDA:175,23,0,0
BRDA:175,23,1,0
BRDA:176,24,0,0
BRDA:176,24,1,0
BRDA:183,25,0,0
BRDA:183,25,1,0
BRDA:184,26,0,0
BRDA:184,26,1,0
BRDA:185,27,0,0
BRDA:185,27,1,0
BRDA:186,28,0,0
BRDA:186,28,1,0
BRDA:186,29,0,0
BRDA:186,29,1,0
BRDA:186,29,2,0
BRDA:188,30,0,0
BRDA:188,30,1,0
BRDA:195,31,0,0
BRDA:195,31,1,0
BRDA:196,32,0,0
BRDA:196,32,1,0
BRDA:196,33,0,0
BRDA:196,33,1,0
BRDA:201,34,0,0
BRDA:201,34,1,0
BRDA:201,35,0,0
BRDA:201,35,1,0
BRDA:201,35,2,0
BRDA:207,36,0,0
BRDA:207,36,1,0
BRDA:207,37,0,0
BRDA:207,37,1,0
BRDA:211,38,0,0
BRDA:211,38,1,0
BRDA:211,39,0,0
BRDA:211,39,1,0
BRDA:221,40,0,0
BRDA:221,40,1,0
BRDA:234,41,0,0
BRDA:234,41,1,0
BRDA:242,42,0,0
BRDA:242,42,1,0
BRDA:245,43,0,0
BRDA:245,43,1,0
BRDA:246,44,0,0
BRDA:246,44,1,0
BRDA:252,45,0,0
BRDA:252,45,1,0
BRDA:253,46,0,0
BRDA:253,46,1,0
BRDA:253,47,0,0
BRDA:253,47,1,0
BRDA:254,48,0,0
BRDA:254,48,1,0
BRDA:254,49,0,0
BRDA:254,49,1,0
BRDA:254,49,2,0
BRDA:256,50,0,0
BRDA:256,50,1,0
BRDA:256,51,0,0
BRDA:256,51,1,0
BRDA:261,52,0,0
BRDA:261,52,1,0
BRDA:289,53,0,0
BRDA:289,53,1,0
BRDA:289,54,0,0
BRDA:289,54,1,0
BRDA:289,54,2,0
BRDA:290,55,0,0
BRDA:290,55,1,0
BRDA:290,56,0,0
BRDA:290,56,1,0
BRDA:290,56,2,0
BRDA:290,56,3,0
BRDA:294,57,0,0
BRDA:294,57,1,0
BRDA:300,58,0,0
BRDA:300,58,1,0
BRDA:300,59,0,0
BRDA:300,59,1,0
BRDA:304,60,0,0
BRDA:304,60,1,0
BRDA:304,61,0,0
BRDA:304,61,1,0
BRDA:320,62,0,0
BRDA:320,62,1,0
BRDA:325,63,0,0
BRDA:325,63,1,0
BRDA:336,64,0,0
BRDA:336,64,1,0
BRDA:348,65,0,0
BRDA:348,65,1,0
BRDA:356,66,0,0
BRDA:356,66,1,0
BRDA:358,67,0,0
BRDA:358,67,1,0
BRDA:362,68,0,0
BRDA:362,68,1,0
BRDA:372,69,0,0
BRDA:372,69,1,0
BRF:146
BRH:0
end_of_record
TN:
SF:src/features/shopping-list/lib/categoryInference.ts
FN:14,(anonymous_0)
FN:65,loadKeywords
FN:94,(anonymous_2)
FN:96,(anonymous_3)
FN:112,inferCategory
FN:177,reloadKeywords
FN:185,initializeCategories
FN:196,(anonymous_7)
FNF:8
FNH:3
FNDA:0,(anonymous_0)
FNDA:4,loadKeywords
FNDA:0,(anonymous_2)
FNDA:0,(anonymous_3)
FNDA:0,inferCategory
FNDA:0,reloadKeywords
FNDA:4,initializeCategories
FNDA:4,(anonymous_7)
DA:10,4
DA:11,4
DA:14,4
DA:15,0
DA:19,4
DA:66,4
DA:67,0
DA:68,0
DA:71,4
DA:73,4
DA:74,4
DA:78,4
DA:79,4
DA:81,0
DA:83,0
DA:85,0
DA:86,0
DA:87,0
DA:88,0
DA:89,0
DA:92,0
DA:94,0
DA:96,0
DA:100,0
DA:102,4
DA:103,4
DA:104,4
DA:105,4
DA:113,0
DA:115,0
DA:116,0
DA:117,0
DA:120,0
DA:125,0
DA:127,0
DA:130,0
DA:131,0
DA:132,0
DA:133,0
DA:134,0
DA:135,0
DA:136,0
DA:137,0
DA:138,0
DA:143,0
DA:144,0
DA:145,0
DA:149,0
DA:150,0
DA:151,0
DA:152,0
DA:154,0
DA:155,0
DA:156,0
DA:157,0
DA:158,0
DA:159,0
DA:160,0
DA:161,0
DA:165,0
DA:166,0
DA:167,0
DA:170,0
DA:171,0
DA:178,0
DA:179,0
DA:186,4
DA:187,4
DA:188,0
DA:190,4
DA:191,4
DA:196,4
DA:197,4
LF:73
LH:20
BRDA:66,0,0,0
BRDA:66,0,1,4
BRDA:78,1,0,0
BRDA:78,1,1,4
BRDA:79,2,0,4
BRDA:79,2,1,0
BRDA:87,3,0,0
BRDA:87,3,1,0
BRDA:113,4,0,0
BRDA:113,4,1,0
BRDA:115,5,0,0
BRDA:115,5,1,0
BRDA:117,6,0,0
BRDA:117,6,1,0
BRDA:132,7,0,0
BRDA:132,7,1,0
BRDA:135,8,0,0
BRDA:135,8,1,0
BRDA:143,9,0,0
BRDA:143,9,1,0
BRDA:155,10,0,0
BRDA:155,10,1,0
BRDA:155,11,0,0
BRDA:155,11,1,0
BRDA:155,11,2,0
BRDA:160,12,0,0
BRDA:160,12,1,0
BRDA:160,13,0,0
BRDA:160,13,1,0
BRDA:165,14,0,0
BRDA:165,14,1,0
BRDA:165,15,0,0
BRDA:165,15,1,0
BRDA:165,15,2,0
BRDA:188,16,0,0
BRDA:188,16,1,0
BRF:36
BRH:3
end_of_record
TN:
SF:src/features/user/userService.ts
FN:7,(anonymous_0)
FN:9,(anonymous_1)
FN:17,(anonymous_2)
FN:20,(anonymous_3)
FN:28,(anonymous_4)
FN:47,(anonymous_5)
FN:93,getUserProfile
FN:120,updateUserProfile
FN:177,uploadAvatar
FNF:9
FNH:0
FNDA:0,(anonymous_0)
FNDA:0,(anonymous_1)
FNDA:0,(anonymous_2)
FNDA:0,(anonymous_3)
FNDA:0,(anonymous_4)
FNDA:0,(anonymous_5)
FNDA:0,getUserProfile
FNDA:0,updateUserProfile
FNDA:0,uploadAvatar
DA:5,3
DA:7,3
DA:8,0
DA:9,0
DA:10,0
DA:11,0
DA:13,0
DA:17,3
DA:18,0
DA:19,0
DA:20,0
DA:21,0
DA:22,0
DA:25,0
DA:28,3
DA:29,0
DA:30,0
DA:38,0
DA:39,0
DA:47,3
DA:49,0
DA:50,0
DA:51,0
DA:52,0
DA:53,0
DA:55,0
DA:90,0
DA:94,0
DA:95,0
DA:96,0
DA:99,0
DA:100,0
DA:106,0
DA:107,0
DA:108,0
DA:110,0
DA:113,0
DA:115,0
DA:116,0
DA:121,0
DA:122,0
DA:123,0
DA:126,0
DA:127,0
DA:130,0
DA:132,0
DA:133,0
DA:134,0
DA:135,0
DA:136,0
DA:137,0
DA:138,0
DA:139,0
DA:140,0
DA:141,0
DA:142,0
DA:143,0
DA:144,0
DA:145,0
DA:146,0
DA:147,0
DA:148,0
DA:149,0
DA:150,0
DA:151,0
DA:152,0
DA:153,0
DA:155,0
DA:156,0
DA:159,0
DA:160,0
DA:165,0
DA:166,0
DA:167,0
DA:170,0
DA:172,0
DA:173,0
DA:178,0
DA:179,0
DA:180,0
DA:181,0
DA:184,0
DA:185,0
DA:186,0
DA:188,0
DA:195,0
DA:196,0
DA:197,0
DA:200,0
DA:204,0
DA:205,0
DA:208,0
DA:210,0
DA:211,0
DA:214,0
DA:216,0
DA:217,0
LF:97
LH:5
BRDA:8,0,0,0
BRDA:8,0,1,0
BRDA:8,1,0,0
BRDA:8,1,1,0
BRDA:10,2,0,0
BRDA:10,2,1,0
BRDA:18,3,0,0
BRDA:18,3,1,0
BRDA:21,4,0,0
BRDA:21,4,1,0
BRDA:21,5,0,0
BRDA:21,5,1,0
BRDA:29,6,0,0
BRDA:29,6,1,0
BRDA:29,7,0,0
BRDA:29,7,1,0
BRDA:40,8,0,0
BRDA:40,8,1,0
BRDA:41,9,0,0
BRDA:41,9,1,0
BRDA:42,10,0,0
BRDA:42,10,1,0
BRDA:43,11,0,0
BRDA:43,11,1,0
BRDA:49,12,0,0
BRDA:49,12,1,0
BRDA:49,12,2,0
BRDA:50,13,0,0
BRDA:50,13,1,0
BRDA:50,13,2,0
BRDA:51,14,0,0
BRDA:51,14,1,0
BRDA:51,14,2,0
BRDA:52,15,0,0
BRDA:52,15,1,0
BRDA:52,15,2,0
BRDA:53,16,0,0
BRDA:53,16,1,0
BRDA:53,16,2,0
BRDA:57,17,0,0
BRDA:57,17,1,0
BRDA:58,18,0,0
BRDA:58,18,1,0
BRDA:59,19,0,0
BRDA:59,19,1,0
BRDA:63,20,0,0
BRDA:63,20,1,0
BRDA:63,20,2,0
BRDA:64,21,0,0
BRDA:64,21,1,0
BRDA:65,22,0,0
BRDA:65,22,1,0
BRDA:66,23,0,0
BRDA:66,23,1,0
BRDA:68,24,0,0
BRDA:68,24,1,0
BRDA:68,24,2,0
BRDA:69,25,0,0
BRDA:69,25,1,0
BRDA:70,26,0,0
BRDA:70,26,1,0
BRDA:70,27,0,0
BRDA:70,27,1,0
BRDA:71,28,0,0
BRDA:71,28,1,0
BRDA:74,29,0,0
BRDA:74,29,1,0
BRDA:74,29,2,0
BRDA:75,30,0,0
BRDA:75,30,1,0
BRDA:75,30,2,0
BRDA:76,31,0,0
BRDA:76,31,1,0
BRDA:77,32,0,0
BRDA:77,32,1,0
BRDA:77,33,0,0
BRDA:77,33,1,0
BRDA:78,34,0,0
BRDA:78,34,1,0
BRDA:79,35,0,0
BRDA:79,35,1,0
BRDA:80,36,0,0
BRDA:80,36,1,0
BRDA:81,37,0,0
BRDA:81,37,1,0
BRDA:82,38,0,0
BRDA:82,38,1,0
BRDA:83,39,0,0
BRDA:83,39,1,0
BRDA:84,40,0,0
BRDA:84,40,1,0
BRDA:85,41,0,0
BRDA:85,41,1,0
BRDA:94,42,0,0
BRDA:94,42,1,0
BRDA:106,43,0,0
BRDA:106,43,1,0
BRDA:107,44,0,0
BRDA:107,44,1,0
BRDA:113,45,0,0
BRDA:113,45,1,0
BRDA:121,46,0,0
BRDA:121,46,1,0
BRDA:126,47,0,0
BRDA:126,47,1,0
BRDA:126,48,0,0
BRDA:126,48,1,0
BRDA:132,49,0,0
BRDA:132,49,1,0
BRDA:132,50,0,0
BRDA:132,50,1,0
BRDA:133,51,0,0
BRDA:133,51,1,0
BRDA:133,52,0,0
BRDA:133,52,1,0
BRDA:134,53,0,0
BRDA:134,53,1,0
BRDA:134,54,0,0
BRDA:134,54,1,0
BRDA:135,55,0,0
BRDA:135,55,1,0
BRDA:135,56,0,0
BRDA:135,56,1,0
BRDA:136,57,0,0
BRDA:136,57,1,0
BRDA:136,58,0,0
BRDA:136,58,1,0
BRDA:137,59,0,0
BRDA:137,59,1,0
BRDA:137,60,0,0
BRDA:137,60,1,0
BRDA:138,61,0,0
BRDA:138,61,1,0
BRDA:138,62,0,0
BRDA:138,62,1,0
BRDA:139,63,0,0
BRDA:139,63,1,0
BRDA:139,64,0,0
BRDA:139,64,1,0
BRDA:140,65,0,0
BRDA:140,65,1,0
BRDA:140,66,0,0
BRDA:140,66,1,0
BRDA:141,67,0,0
BRDA:141,67,1,0
BRDA:141,68,0,0
BRDA:141,68,1,0
BRDA:142,69,0,0
BRDA:142,69,1,0
BRDA:142,70,0,0
BRDA:142,70,1,0
BRDA:143,71,0,0
BRDA:143,71,1,0
BRDA:143,72,0,0
BRDA:143,72,1,0
BRDA:144,73,0,0
BRDA:144,73,1,0
BRDA:144,74,0,0
BRDA:144,74,1,0
BRDA:145,75,0,0
BRDA:145,75,1,0
BRDA:145,76,0,0
BRDA:145,76,1,0
BRDA:146,77,0,0
BRDA:146,77,1,0
BRDA:146,78,0,0
BRDA:146,78,1,0
BRDA:147,79,0,0
BRDA:147,79,1,0
BRDA:147,80,0,0
BRDA:147,80,1,0
BRDA:148,81,0,0
BRDA:148,81,1,0
BRDA:148,82,0,0
BRDA:148,82,1,0
BRDA:149,83,0,0
BRDA:149,83,1,0
BRDA:149,84,0,0
BRDA:149,84,1,0
BRDA:150,85,0,0
BRDA:150,85,1,0
BRDA:150,86,0,0
BRDA:150,86,1,0
BRDA:151,87,0,0
BRDA:151,87,1,0
BRDA:151,88,0,0
BRDA:151,88,1,0
BRDA:152,89,0,0
BRDA:152,89,1,0
BRDA:152,90,0,0
BRDA:152,90,1,0
BRDA:153,91,0,0
BRDA:153,91,1,0
BRDA:153,92,0,0
BRDA:153,92,1,0
BRDA:155,93,0,0
BRDA:155,93,1,0
BRDA:165,94,0,0
BRDA:165,94,1,0
BRDA:180,95,0,0
BRDA:180,95,1,0
BRDA:180,96,0,0
BRDA:180,96,1,0
BRDA:195,97,0,0
BRDA:195,97,1,0
BRDA:204,98,0,0
BRDA:204,98,1,0
BRDA:210,99,0,0
BRDA:210,99,1,0
BRF:209
BRH:0
end_of_record
TN:
SF:src/features/user/services/PreferencesService.ts
FN:20,(anonymous_0)
FN:22,(anonymous_1)
FN:29,(anonymous_2)
FN:31,(anonymous_3)
FN:39,(anonymous_4)
FN:42,(anonymous_5)
FN:57,(anonymous_6)
FN:62,(anonymous_7)
FN:74,(anonymous_8)
FN:145,(anonymous_9)
FN:221,(anonymous_10)
FN:249,(anonymous_11)
FN:256,(anonymous_12)
FN:269,(anonymous_13)
FN:313,(anonymous_14)
FNF:15
FNH:2
FNDA:0,(anonymous_0)
FNDA:0,(anonymous_1)
FNDA:0,(anonymous_2)
FNDA:0,(anonymous_3)
FNDA:0,(anonymous_4)
FNDA:0,(anonymous_5)
FNDA:3,(anonymous_6)
FNDA:3,(anonymous_7)
FNDA:0,(anonymous_8)
FNDA:0,(anonymous_9)
FNDA:0,(anonymous_10)
FNDA:0,(anonymous_11)
FNDA:0,(anonymous_12)
FNDA:0,(anonymous_13)
FNDA:0,(anonymous_14)
DA:20,3
DA:22,3
DA:29,3
DA:30,0
DA:31,0
DA:32,0
DA:33,0
DA:35,0
DA:39,3
DA:40,0
DA:41,0
DA:42,0
DA:43,0
DA:44,0
DA:47,0
DA:55,3
DA:63,3
DA:64,3
DA:66,3
DA:76,0
DA:77,0
DA:79,0
DA:80,0
DA:81,0
DA:88,0
DA:89,0
DA:93,0
DA:109,0
DA:110,0
DA:111,0
DA:115,0
DA:136,0
DA:137,0
DA:150,0
DA:153,0
DA:159,0
DA:161,0
DA:162,0
DA:164,0
DA:165,0
DA:167,0
DA:168,0
DA:170,0
DA:171,0
DA:173,0
DA:174,0
DA:176,0
DA:177,0
DA:179,0
DA:180,0
DA:182,0
DA:183,0
DA:185,0
DA:186,0
DA:189,0
DA:190,0
DA:193,0
DA:198,0
DA:199,0
DA:200,0
DA:204,0
DA:205,0
DA:212,0
DA:214,0
DA:222,0
DA:237,0
DA:238,0
DA:239,0
DA:243,0
DA:252,0
DA:254,0
DA:255,0
DA:256,0
DA:258,0
DA:261,0
DA:262,0
DA:267,0
DA:268,0
DA:270,0
DA:271,0
DA:273,0
DA:277,0
DA:278,0
DA:281,0
DA:282,0
DA:285,0
DA:287,0
DA:290,0
DA:293,0
DA:294,0
DA:295,0
DA:298,0
DA:299,0
DA:302,0
DA:303,0
DA:306,0
DA:314,0
DA:315,0
DA:317,0
DA:323,3
LF:100
LH:9
BRDA:23,0,0,0
BRDA:23,0,1,0
BRDA:24,1,0,0
BRDA:24,1,1,0
BRDA:25,2,0,0
BRDA:25,2,1,0
BRDA:26,3,0,0
BRDA:26,3,1,0
BRDA:30,4,0,0
BRDA:30,4,1,0
BRDA:30,5,0,0
BRDA:30,5,1,0
BRDA:32,6,0,0
BRDA:32,6,1,0
BRDA:32,7,0,0
BRDA:32,7,1,0
BRDA:40,8,0,0
BRDA:40,8,1,0
BRDA:43,9,0,0
BRDA:43,9,1,0
BRDA:43,10,0,0
BRDA:43,10,1,0
BRDA:63,11,0,3
BRDA:63,11,1,0
BRDA:77,12,0,0
BRDA:77,12,1,0
BRDA:79,13,0,0
BRDA:79,13,1,0
BRDA:109,14,0,0
BRDA:109,14,1,0
BRDA:117,15,0,0
BRDA:117,15,1,0
BRDA:120,16,0,0
BRDA:120,16,1,0
BRDA:124,17,0,0
BRDA:124,17,1,0
BRDA:127,18,0,0
BRDA:127,18,1,0
BRDA:128,19,0,0
BRDA:128,19,1,0
BRDA:128,20,0,0
BRDA:128,20,1,0
BRDA:132,21,0,0
BRDA:132,21,1,0
BRDA:161,22,0,0
BRDA:161,22,1,0
BRDA:164,23,0,0
BRDA:164,23,1,0
BRDA:167,24,0,0
BRDA:167,24,1,0
BRDA:170,25,0,0
BRDA:170,25,1,0
BRDA:173,26,0,0
BRDA:173,26,1,0
BRDA:176,27,0,0
BRDA:176,27,1,0
BRDA:179,28,0,0
BRDA:179,28,1,0
BRDA:182,29,0,0
BRDA:182,29,1,0
BRDA:185,30,0,0
BRDA:185,30,1,0
BRDA:189,31,0,0
BRDA:189,31,1,0
BRDA:198,32,0,0
BRDA:198,32,1,0
BRDA:208,33,0,0
BRDA:208,33,1,0
BRDA:237,34,0,0
BRDA:237,34,1,0
BRDA:254,35,0,0
BRDA:254,35,1,0
BRDA:261,36,0,0
BRDA:261,36,1,0
BRDA:262,37,0,0
BRDA:262,37,1,0
BRDA:267,38,0,0
BRDA:267,38,1,0
BRDA:270,39,0,0
BRDA:270,39,1,0
BRDA:270,40,0,0
BRDA:270,40,1,0
BRDA:277,41,0,0
BRDA:277,41,1,0
BRDA:281,42,0,0
BRDA:281,42,1,0
BRDA:285,43,0,0
BRDA:285,43,1,0
BRDA:287,44,0,0
BRDA:287,44,1,0
BRDA:287,45,0,0
BRDA:287,45,1,0
BRDA:293,46,0,0
BRDA:293,46,1,0
BRDA:295,47,0,0
BRDA:295,47,1,0
BRDA:295,48,0,0
BRDA:295,48,1,0
BRDA:298,49,0,0
BRDA:298,49,1,0
BRDA:302,50,0,0
BRDA:302,50,1,0
BRDA:314,51,0,0
BRDA:314,51,1,0
BRF:104
BRH:1
end_of_record
TN:
SF:src/lib/ingredientUtils.ts
FN:40,(anonymous_0)
FN:56,(anonymous_1)
FN:71,(anonymous_2)
FN:73,(anonymous_3)
FN:74,(anonymous_4)
FN:81,(anonymous_5)
FN:103,(anonymous_6)
FN:107,(anonymous_7)
FN:114,(anonymous_8)
FN:133,(anonymous_9)
FN:190,(anonymous_10)
FN:203,(anonymous_11)
FN:250,(anonymous_12)
FNF:13
FNH:0
FNDA:0,(anonymous_0)
FNDA:0,(anonymous_1)
FNDA:0,(anonymous_2)
FNDA:0,(anonymous_3)
FNDA:0,(anonymous_4)
FNDA:0,(anonymous_5)
FNDA:0,(anonymous_6)
FNDA:0,(anonymous_7)
FNDA:0,(anonymous_8)
FNDA:0,(anonymous_9)
FNDA:0,(anonymous_10)
FNDA:0,(anonymous_11)
FNDA:0,(anonymous_12)
DA:3,1
DA:8,1
DA:40,1
DA:41,0
DA:42,0
DA:43,0
DA:47,0
DA:48,0
DA:56,1
DA:57,0
DA:59,0
DA:61,0
DA:62,0
DA:64,0
DA:65,0
DA:71,1
DA:72,0
DA:73,0
DA:74,0
DA:81,1
DA:82,0
DA:84,0
DA:85,0
DA:86,0
DA:87,0
DA:88,0
DA:89,0
DA:90,0
DA:91,0
DA:92,0
DA:93,0
DA:95,0
DA:103,1
DA:104,0
DA:105,0
DA:107,0
DA:114,1
DA:115,0
DA:116,0
DA:117,0
DA:118,0
DA:119,0
DA:120,0
DA:121,0
DA:122,0
DA:123,0
DA:124,0
DA:133,1
DA:134,0
DA:136,0
DA:139,0
DA:185,0
DA:188,1
DA:190,1
DA:191,0
DA:192,0
DA:193,0
DA:194,0
DA:203,1
DA:204,0
DA:205,0
DA:206,0
DA:208,0
DA:209,0
DA:212,0
DA:213,0
DA:216,0
DA:217,0
DA:218,0
DA:219,0
DA:220,0
DA:221,0
DA:222,0
DA:228,0
DA:229,0
DA:230,0
DA:231,0
DA:232,0
DA:233,0
DA:239,0
DA:250,1
DA:255,0
DA:256,0
DA:259,0
DA:260,0
DA:262,0
DA:265,0
DA:266,0
DA:270,0
DA:271,0
DA:276,0
DA:277,0
LF:92
LH:13
BRDA:42,0,0,0
BRDA:42,0,1,0
BRDA:73,1,0,0
BRDA:73,1,1,0
BRDA:84,2,0,0
BRDA:84,2,1,0
BRDA:85,3,0,0
BRDA:85,3,1,0
BRDA:86,4,0,0
BRDA:86,4,1,0
BRDA:87,5,0,0
BRDA:87,5,1,0
BRDA:88,6,0,0
BRDA:88,6,1,0
BRDA:89,7,0,0
BRDA:89,7,1,0
BRDA:90,8,0,0
BRDA:90,8,1,0
BRDA:91,9,0,0
BRDA:91,9,1,0
BRDA:92,10,0,0
BRDA:92,10,1,0
BRDA:93,11,0,0
BRDA:93,11,1,0
BRDA:104,12,0,0
BRDA:104,12,1,0
BRDA:107,13,0,0
BRDA:107,13,1,0
BRDA:116,14,0,0
BRDA:116,14,1,0
BRDA:117,15,0,0
BRDA:117,15,1,0
BRDA:118,16,0,0
BRDA:118,16,1,0
BRDA:119,17,0,0
BRDA:119,17,1,0
BRDA:120,18,0,0
BRDA:120,18,1,0
BRDA:121,19,0,0
BRDA:121,19,1,0
BRDA:122,20,0,0
BRDA:122,20,1,0
BRDA:123,21,0,0
BRDA:123,21,1,0
BRDA:134,22,0,0
BRDA:134,22,1,0
BRDA:185,23,0,0
BRDA:185,23,1,0
BRDA:191,24,0,0
BRDA:191,24,1,0
BRDA:193,25,0,0
BRDA:193,25,1,0
BRDA:204,26,0,0
BRDA:204,26,1,0
BRDA:204,27,0,0
BRDA:204,27,1,0
BRDA:205,28,0,0
BRDA:205,28,1,0
BRDA:205,29,0,0
BRDA:205,29,1,0
BRDA:206,30,0,0
BRDA:206,30,1,0
BRDA:209,31,0,0
BRDA:209,31,1,0
BRDA:213,32,0,0
BRDA:213,32,1,0
BRDA:216,33,0,0
BRDA:216,33,1,0
BRDA:218,34,0,0
BRDA:218,34,1,0
BRDA:221,35,0,0
BRDA:221,35,1,0
BRDA:221,36,0,0
BRDA:221,36,1,0
BRDA:221,36,2,0
BRDA:228,37,0,0
BRDA:228,37,1,0
BRDA:230,38,0,0
BRDA:230,38,1,0
BRDA:232,39,0,0
BRDA:232,39,1,0
BRDA:255,40,0,0
BRDA:255,40,1,0
BRDA:255,41,0,0
BRDA:255,41,1,0
BRDA:255,41,2,0
BRDA:255,41,3,0
BRDA:262,42,0,0
BRDA:262,42,1,0
BRDA:262,43,0,0
BRDA:262,43,1,0
BRDA:265,44,0,0
BRDA:265,44,1,0
BRDA:265,45,0,0
BRDA:265,45,1,0
BRDA:265,45,2,0
BRDA:265,45,3,0
BRDA:266,46,0,0
BRDA:266,46,1,0
BRDA:270,47,0,0
BRDA:270,47,1,0
BRDA:270,48,0,0
BRDA:270,48,1,0
BRDA:270,48,2,0
BRDA:270,48,3,0
BRDA:271,49,0,0
BRDA:271,49,1,0
BRF:107
BRH:0
end_of_record
TN:
SF:src/lib/mockData.ts
FNF:0
FNH:0
DA:5,5
DA:115,5
DA:205,5
DA:238,5
LF:4
LH:4
BRF:0
BRH:0
end_of_record
TN:
SF:src/lib/utils.ts
FN:4,cn
FN:11,(anonymous_1)
FN:12,(anonymous_2)
FNF:3
FNH:1
FNDA:109,cn
FNDA:0,(anonymous_1)
FNDA:0,(anonymous_2)
DA:5,109
DA:11,1
DA:12,0
DA:13,0
DA:14,0
LF:5
LH:2
BRDA:13,0,0,0
BRDA:13,0,1,0
BRDA:14,1,0,0
BRDA:14,1,1,0
BRF:4
BRH:0
end_of_record
TN:
SF:src/stores/pantryStore.ts
FN:34,(anonymous_0)
FN:42,(anonymous_1)
FN:55,(anonymous_2)
FN:63,(anonymous_3)
FN:88,(anonymous_4)
FN:92,(anonymous_5)
FN:93,(anonymous_6)
FN:104,(anonymous_7)
FN:106,(anonymous_8)
FN:111,(anonymous_9)
FN:112,(anonymous_10)
FN:119,(anonymous_11)
FN:120,(anonymous_12)
FN:130,(anonymous_13)
FN:133,(anonymous_14)
FN:134,(anonymous_15)
FN:147,(anonymous_16)
FN:149,(anonymous_17)
FN:160,(anonymous_18)
FN:161,(anonymous_19)
FNF:20
FNH:1
FNDA:2,(anonymous_0)
FNDA:0,(anonymous_1)
FNDA:0,(anonymous_2)
FNDA:0,(anonymous_3)
FNDA:0,(anonymous_4)
FNDA:0,(anonymous_5)
FNDA:0,(anonymous_6)
FNDA:0,(anonymous_7)
FNDA:0,(anonymous_8)
FNDA:0,(anonymous_9)
FNDA:0,(anonymous_10)
FNDA:0,(anonymous_11)
FNDA:0,(anonymous_12)
FNDA:0,(anonymous_13)
FNDA:0,(anonymous_14)
FNDA:0,(anonymous_15)
FNDA:0,(anonymous_16)
FNDA:0,(anonymous_17)
FNDA:0,(anonymous_18)
FNDA:0,(anonymous_19)
DA:34,2
DA:43,0
DA:44,0
DA:45,0
DA:46,0
DA:47,0
DA:49,0
DA:50,0
DA:51,0
DA:56,0
DA:57,0
DA:59,0
DA:60,0
DA:63,0
DA:64,0
DA:67,0
DA:70,0
DA:71,0
DA:72,0
DA:73,0
DA:74,0
DA:77,0
DA:80,0
DA:82,0
DA:83,0
DA:84,0
DA:89,0
DA:90,0
DA:91,0
DA:92,0
DA:94,0
DA:97,0
DA:99,0
DA:100,0
DA:105,0
DA:106,0
DA:107,0
DA:110,0
DA:111,0
DA:112,0
DA:115,0
DA:116,0
DA:117,0
DA:119,0
DA:120,0
DA:122,0
DA:124,0
DA:125,0
DA:126,0
DA:131,0
DA:133,0
DA:134,0
DA:136,0
DA:137,0
DA:138,0
DA:140,0
DA:141,0
DA:142,0
DA:148,0
DA:149,0
DA:150,0
DA:151,0
DA:152,0
DA:155,0
DA:156,0
DA:157,0
DA:160,0
DA:161,0
DA:164,0
DA:165,0
DA:166,0
DA:168,0
DA:174,0
DA:176,0
DA:178,0
LF:75
LH:1
BRDA:43,0,0,0
BRDA:43,0,1,0
BRDA:50,1,0,0
BRDA:50,1,1,0
BRDA:55,2,0,0
BRDA:56,3,0,0
BRDA:56,3,1,0
BRDA:64,4,0,0
BRDA:64,4,1,0
BRDA:64,5,0,0
BRDA:64,5,1,0
BRDA:67,6,0,0
BRDA:67,6,1,0
BRDA:70,7,0,0
BRDA:70,7,1,0
BRDA:74,8,0,0
BRDA:74,8,1,0
BRDA:83,9,0,0
BRDA:83,9,1,0
BRDA:91,10,0,0
BRDA:91,10,1,0
BRDA:94,11,0,0
BRDA:94,11,1,0
BRDA:94,12,0,0
BRDA:94,12,1,0
BRDA:107,13,0,0
BRDA:107,13,1,0
BRDA:112,14,0,0
BRDA:112,14,1,0
BRDA:117,15,0,0
BRDA:117,15,1,0
BRDA:120,16,0,0
BRDA:120,16,1,0
BRDA:150,17,0,0
BRDA:150,17,1,0
BRDA:161,18,0,0
BRDA:161,18,1,0
BRDA:166,19,0,0
BRDA:166,19,1,0
BRF:39
BRH:0
end_of_record
TN:
SF:src/stores/planningStore.ts
FN:184,(anonymous_0)
FN:190,(anonymous_1)
FN:192,(anonymous_2)
FN:193,(anonymous_3)
FN:212,(anonymous_4)
FN:228,(anonymous_5)
FN:238,(anonymous_6)
FN:251,(anonymous_7)
FN:264,(anonymous_8)
FN:329,(anonymous_9)
FN:358,(anonymous_10)
FN:361,(anonymous_11)
FN:370,(anonymous_12)
FN:382,(anonymous_13)
FN:385,(anonymous_14)
FN:424,(anonymous_15)
FN:445,(anonymous_16)
FN:463,(anonymous_17)
FN:475,(anonymous_18)
FN:489,(anonymous_19)
FN:495,(anonymous_20)
FN:497,(anonymous_21)
FN:511,(anonymous_22)
FN:513,(anonymous_23)
FN:513,(anonymous_24)
FN:526,(anonymous_25)
FN:534,(anonymous_26)
FN:549,(anonymous_27)
FN:550,(anonymous_28)
FN:552,(anonymous_29)
FN:557,(anonymous_30)
FN:570,(anonymous_31)
FN:574,(anonymous_32)
FN:590,(anonymous_33)
FN:609,(anonymous_34)
FN:615,(anonymous_35)
FN:626,(anonymous_36)
FN:656,(anonymous_37)
FN:657,(anonymous_38)
FN:751,(anonymous_39)
FN:778,(anonymous_40)
FN:798,(anonymous_41)
FN:802,(anonymous_42)
FN:803,(anonymous_43)
FN:817,(anonymous_44)
FN:831,(anonymous_45)
FN:837,(anonymous_46)
FN:845,(anonymous_47)
FN:862,(anonymous_48)
FN:875,(anonymous_49)
FN:886,(anonymous_50)
FN:892,(anonymous_51)
FN:892,(anonymous_52)
FN:893,(anonymous_53)
FN:893,(anonymous_54)
FN:894,(anonymous_55)
FN:894,(anonymous_56)
FN:896,(anonymous_57)
FN:896,(anonymous_58)
FN:897,(anonymous_59)
FN:897,(anonymous_60)
FN:899,(anonymous_61)
FN:900,(anonymous_62)
FN:914,(anonymous_63)
FN:915,(anonymous_64)
FN:917,(anonymous_65)
FN:918,(anonymous_66)
FN:934,(anonymous_67)
FN:938,(anonymous_68)
FN:942,(anonymous_69)
FN:946,(anonymous_70)
FN:952,(anonymous_71)
FN:961,(anonymous_72)
FN:963,(anonymous_73)
FN:978,(anonymous_74)
FN:983,(anonymous_75)
FN:989,(anonymous_76)
FN:996,(anonymous_77)
FN:998,(anonymous_78)
FN:999,(anonymous_79)
FN:1002,(anonymous_80)
FN:1004,(anonymous_81)
FN:1005,(anonymous_82)
FN:1009,(anonymous_83)
FN:1011,(anonymous_84)
FN:1018,(anonymous_85)
FN:1021,(anonymous_86)
FN:1041,(anonymous_87)
FN:1062,(anonymous_88)
FN:1065,(anonymous_89)
FN:1075,(anonymous_90)
FNF:91
FNH:48
FNDA:2,(anonymous_0)
FNDA:5,(anonymous_1)
FNDA:13,(anonymous_2)
FNDA:9,(anonymous_3)
FNDA:2,(anonymous_4)
FNDA:1,(anonymous_5)
FNDA:2,(anonymous_6)
FNDA:1,(anonymous_7)
FNDA:1,(anonymous_8)
FNDA:3,(anonymous_9)
FNDA:2,(anonymous_10)
FNDA:0,(anonymous_11)
FNDA:6,(anonymous_12)
FNDA:2,(anonymous_13)
FNDA:2,(anonymous_14)
FNDA:2,(anonymous_15)
FNDA:0,(anonymous_16)
FNDA:2,(anonymous_17)
FNDA:2,(anonymous_18)
FNDA:2,(anonymous_19)
FNDA:2,(anonymous_20)
FNDA:2,(anonymous_21)
FNDA:1,(anonymous_22)
FNDA:1,(anonymous_23)
FNDA:1,(anonymous_24)
FNDA:0,(anonymous_25)
FNDA:0,(anonymous_26)
FNDA:1,(anonymous_27)
FNDA:1,(anonymous_28)
FNDA:2,(anonymous_29)
FNDA:1,(anonymous_30)
FNDA:0,(anonymous_31)
FNDA:0,(anonymous_32)
FNDA:0,(anonymous_33)
FNDA:0,(anonymous_34)
FNDA:0,(anonymous_35)
FNDA:0,(anonymous_36)
FNDA:2,(anonymous_37)
FNDA:2,(anonymous_38)
FNDA:1,(anonymous_39)
FNDA:1,(anonymous_40)
FNDA:14,(anonymous_41)
FNDA:0,(anonymous_42)
FNDA:0,(anonymous_43)
FNDA:0,(anonymous_44)
FNDA:0,(anonymous_45)
FNDA:0,(anonymous_46)
FNDA:1,(anonymous_47)
FNDA:1,(anonymous_48)
FNDA:0,(anonymous_49)
FNDA:0,(anonymous_50)
FNDA:4,(anonymous_51)
FNDA:4,(anonymous_52)
FNDA:1,(anonymous_53)
FNDA:1,(anonymous_54)
FNDA:0,(anonymous_55)
FNDA:0,(anonymous_56)
FNDA:0,(anonymous_57)
FNDA:0,(anonymous_58)
FNDA:0,(anonymous_59)
FNDA:0,(anonymous_60)
FNDA:0,(anonymous_61)
FNDA:0,(anonymous_62)
FNDA:1,(anonymous_63)
FNDA:0,(anonymous_64)
FNDA:1,(anonymous_65)
FNDA:1,(anonymous_66)
FNDA:0,(anonymous_67)
FNDA:0,(anonymous_68)
FNDA:0,(anonymous_69)
FNDA:9,(anonymous_70)
FNDA:0,(anonymous_71)
FNDA:14,(anonymous_72)
FNDA:0,(anonymous_73)
FNDA:0,(anonymous_74)
FNDA:0,(anonymous_75)
FNDA:0,(anonymous_76)
FNDA:0,(anonymous_77)
FNDA:0,(anonymous_78)
FNDA:0,(anonymous_79)
FNDA:0,(anonymous_80)
FNDA:0,(anonymous_81)
FNDA:0,(anonymous_82)
FNDA:1,(anonymous_83)
FNDA:1,(anonymous_84)
FNDA:2,(anonymous_85)
FNDA:1,(anonymous_86)
FNDA:1,(anonymous_87)
FNDA:0,(anonymous_88)
FNDA:0,(anonymous_89)
FNDA:0,(anonymous_90)
DA:33,2
DA:34,2
DA:35,2
DA:134,2
DA:145,2
DA:154,2
DA:164,2
DA:184,2
DA:185,2
DA:186,2
DA:187,2
DA:190,2
DA:191,5
DA:192,5
DA:193,13
DA:194,9
DA:195,9
DA:196,9
DA:197,9
DA:202,5
DA:205,2
DA:212,2
DA:213,2
DA:214,2
DA:215,2
DA:216,0
DA:217,0
DA:219,2
DA:220,2
DA:222,0
DA:223,0
DA:225,0
DA:228,2
DA:231,1
DA:232,1
DA:234,1
DA:235,0
DA:238,1
DA:239,2
DA:240,2
DA:241,2
DA:242,2
DA:243,2
DA:245,2
DA:248,1
DA:251,2
DA:252,1
DA:253,1
DA:255,1
DA:256,0
DA:258,1
DA:259,0
DA:261,1
DA:264,2
DA:265,1
DA:266,0
DA:269,1
DA:273,1
DA:274,1
DA:279,1
DA:284,1
DA:289,1
DA:291,1
DA:292,1
DA:294,1
DA:295,1
DA:297,1
DA:298,1
DA:302,1
DA:304,1
DA:329,2
DA:330,3
DA:331,3
DA:332,3
DA:338,0
DA:340,0
DA:341,0
DA:342,0
DA:344,0
DA:346,0
DA:350,2
DA:352,2
DA:358,2
DA:359,2
DA:361,2
DA:362,0
DA:363,0
DA:364,0
DA:365,0
DA:367,0
DA:370,2
DA:371,6
DA:372,6
DA:373,6
DA:374,0
DA:375,0
DA:377,0
DA:378,0
DA:382,2
DA:383,2
DA:385,2
DA:386,2
DA:387,2
DA:388,0
DA:389,0
DA:396,2
DA:397,2
DA:398,0
DA:400,2
DA:401,2
DA:404,2
DA:406,2
DA:425,2
DA:426,2
DA:427,2
DA:428,2
DA:429,1
DA:433,1
DA:434,1
DA:435,1
DA:436,1
DA:439,1
DA:440,1
DA:441,1
DA:446,0
DA:447,0
DA:448,0
DA:449,0
DA:450,0
DA:454,0
DA:455,0
DA:458,0
DA:459,0
DA:464,2
DA:465,2
DA:466,2
DA:467,2
DA:468,2
DA:469,2
DA:470,2
DA:471,2
DA:473,0
DA:475,2
DA:478,2
DA:480,2
DA:483,0
DA:484,0
DA:485,0
DA:490,2
DA:491,2
DA:492,2
DA:493,2
DA:494,2
DA:495,2
DA:497,2
DA:500,2
DA:502,2
DA:505,0
DA:506,0
DA:507,0
DA:512,1
DA:513,1
DA:514,1
DA:515,1
DA:516,1
DA:517,1
DA:520,0
DA:521,0
DA:522,0
DA:527,0
DA:528,0
DA:529,0
DA:530,0
DA:531,0
DA:532,0
DA:534,0
DA:539,0
DA:540,0
DA:543,0
DA:544,0
DA:545,0
DA:550,1
DA:551,1
DA:552,2
DA:553,1
DA:555,1
DA:556,1
DA:558,1
DA:571,0
DA:574,0
DA:591,0
DA:592,0
DA:603,0
DA:604,0
DA:609,0
DA:612,0
DA:613,0
DA:614,0
DA:616,0
DA:619,0
DA:626,0
DA:632,0
DA:633,0
DA:635,0
DA:636,0
DA:639,0
DA:641,0
DA:642,0
DA:652,0
DA:657,2
DA:658,2
DA:659,0
DA:667,0
DA:670,2
DA:671,2
DA:672,2
DA:702,2
DA:712,2
DA:713,2
DA:721,2
DA:733,2
DA:736,0
DA:737,0
DA:747,0
DA:752,1
DA:753,1
DA:754,0
DA:757,1
DA:765,1
DA:766,1
DA:776,1
DA:778,1
DA:782,1
DA:783,1
DA:786,0
DA:787,0
DA:794,0
DA:799,14
DA:803,0
DA:804,0
DA:805,0
DA:806,0
DA:807,0
DA:813,0
DA:818,0
DA:819,0
DA:820,0
DA:821,0
DA:827,0
DA:832,0
DA:833,0
DA:834,0
DA:838,0
DA:839,0
DA:840,0
DA:841,0
DA:846,1
DA:847,1
DA:848,1
DA:849,1
DA:850,1
DA:851,1
DA:853,1
DA:862,1
DA:863,1
DA:864,1
DA:865,1
DA:866,1
DA:867,1
DA:868,1
DA:870,0
DA:876,0
DA:877,0
DA:878,0
DA:879,0
DA:881,0
DA:882,0
DA:887,0
DA:888,0
DA:889,0
DA:892,4
DA:893,1
DA:894,0
DA:896,0
DA:897,0
DA:900,0
DA:901,0
DA:902,0
DA:903,0
DA:908,0
DA:910,0
DA:914,1
DA:915,0
DA:918,1
DA:919,1
DA:921,1
DA:926,1
DA:927,1
DA:928,1
DA:930,0
DA:935,0
DA:939,0
DA:943,0
DA:947,9
DA:948,9
DA:949,9
DA:953,0
DA:954,0
DA:955,0
DA:956,0
DA:957,0
DA:958,0
DA:961,14
DA:964,0
DA:965,0
DA:966,0
DA:967,0
DA:968,0
DA:972,0
DA:974,0
DA:979,0
DA:980,0
DA:984,0
DA:985,0
DA:986,0
DA:990,0
DA:991,0
DA:992,0
DA:993,0
DA:997,0
DA:998,0
DA:999,0
DA:1003,0
DA:1004,0
DA:1005,0
DA:1006,0
DA:1010,1
DA:1011,1
DA:1012,1
DA:1013,1
DA:1014,1
DA:1016,1
DA:1017,1
DA:1018,2
DA:1020,1
DA:1021,1
DA:1024,1
DA:1032,1
DA:1040,1
DA:1041,1
DA:1053,1
DA:1055,0
DA:1056,0
DA:1062,2
DA:1063,0
DA:1064,0
DA:1066,0
DA:1075,2
DA:1076,0
DA:1077,0
DA:1078,0
DA:1079,0
DA:1080,0
DA:1081,0
DA:1082,0
DA:1084,0
LF:366
LH:194
BRDA:194,0,0,9
BRDA:194,0,1,0
BRDA:196,1,0,9
BRDA:196,1,1,0
BRDA:213,2,0,0
BRDA:213,2,1,2
BRDA:215,3,0,0
BRDA:215,3,1,2
BRDA:219,4,0,2
BRDA:219,4,1,0
BRDA:222,5,0,0
BRDA:222,5,1,0
BRDA:234,6,0,0
BRDA:234,6,1,1
BRDA:240,7,0,0
BRDA:240,7,1,2
BRDA:242,8,0,2
BRDA:242,8,1,0
BRDA:252,9,0,1
BRDA:252,9,1,0
BRDA:252,9,2,0
BRDA:253,10,0,1
BRDA:253,10,1,0
BRDA:255,11,0,0
BRDA:255,11,1,1
BRDA:258,12,0,0
BRDA:258,12,1,1
BRDA:265,13,0,0
BRDA:265,13,1,1
BRDA:270,14,0,1
BRDA:270,14,1,0
BRDA:270,14,2,0
BRDA:273,15,0,1
BRDA:273,15,1,0
BRDA:286,16,0,0
BRDA:286,16,1,1
BRDA:287,17,0,0
BRDA:287,17,1,1
BRDA:291,18,0,1
BRDA:291,18,1,0
BRDA:292,19,0,1
BRDA:292,19,1,0
BRDA:292,19,2,0
BRDA:292,19,3,0
BRDA:295,20,0,0
BRDA:295,20,1,1
BRDA:297,21,0,1
BRDA:297,21,1,0
BRDA:297,22,0,0
BRDA:297,22,1,0
BRDA:298,23,0,1
BRDA:298,23,1,0
BRDA:312,24,0,1
BRDA:312,24,1,0
BRDA:315,25,0,0
BRDA:315,25,1,1
BRDA:316,26,0,0
BRDA:316,26,1,1
BRDA:323,27,0,1
BRDA:323,27,1,0
BRDA:323,27,2,0
BRDA:323,27,3,0
BRDA:331,28,0,3
BRDA:331,28,1,0
BRDA:331,29,0,3
BRDA:331,29,1,3
BRDA:331,29,2,3
BRDA:341,30,0,0
BRDA:341,30,1,0
BRDA:355,31,0,2
BRDA:355,31,1,0
BRDA:359,32,0,2
BRDA:359,32,1,1
BRDA:362,33,0,0
BRDA:362,33,1,0
BRDA:363,34,0,0
BRDA:363,34,1,0
BRDA:371,35,0,0
BRDA:371,35,1,6
BRDA:373,36,0,6
BRDA:373,36,1,0
BRDA:387,37,0,0
BRDA:387,37,1,2
BRDA:390,38,0,0
BRDA:390,38,1,0
BRDA:391,39,0,0
BRDA:391,39,1,0
BRDA:392,40,0,0
BRDA:392,40,1,0
BRDA:397,41,0,0
BRDA:397,41,1,2
BRDA:416,42,0,2
BRDA:416,42,1,2
BRDA:417,43,0,2
BRDA:417,43,1,2
BRDA:418,44,0,2
BRDA:418,44,1,2
BRDA:431,45,0,1
BRDA:431,45,1,0
BRDA:439,46,0,1
BRDA:439,46,1,0
BRDA:447,47,0,0
BRDA:447,47,1,0
BRDA:447,48,0,0
BRDA:447,48,1,0
BRDA:452,49,0,0
BRDA:452,49,1,0
BRDA:458,50,0,0
BRDA:458,50,1,0
BRDA:466,51,0,2
BRDA:466,51,1,0
BRDA:469,52,0,2
BRDA:469,52,1,0
BRDA:471,53,0,2
BRDA:471,53,1,0
BRDA:483,54,0,0
BRDA:483,54,1,0
BRDA:492,55,0,2
BRDA:492,55,1,0
BRDA:493,56,0,2
BRDA:493,56,1,0
BRDA:497,57,0,2
BRDA:497,57,1,0
BRDA:505,58,0,0
BRDA:505,58,1,0
BRDA:520,59,0,0
BRDA:520,59,1,0
BRDA:528,60,0,0
BRDA:528,60,1,0
BRDA:528,61,0,0
BRDA:528,61,1,0
BRDA:534,62,0,0
BRDA:534,62,1,0
BRDA:543,63,0,0
BRDA:543,63,1,0
BRDA:551,64,0,0
BRDA:551,64,1,1
BRDA:553,65,0,0
BRDA:553,65,1,1
BRDA:562,66,0,1
BRDA:562,66,1,0
BRDA:562,67,0,1
BRDA:562,67,1,0
BRDA:564,68,0,1
BRDA:564,68,1,0
BRDA:576,69,0,0
BRDA:576,69,1,0
BRDA:576,69,2,0
BRDA:580,70,0,0
BRDA:580,70,1,0
BRDA:581,71,0,0
BRDA:581,71,1,0
BRDA:591,72,0,0
BRDA:591,72,1,0
BRDA:616,73,0,0
BRDA:616,73,1,0
BRDA:635,74,0,0
BRDA:635,74,1,0
BRDA:641,75,0,0
BRDA:641,75,1,0
BRDA:658,76,0,0
BRDA:658,76,1,2
BRDA:670,77,0,2
BRDA:670,77,1,0
BRDA:676,78,0,2
BRDA:676,78,1,2
BRDA:676,78,2,2
BRDA:678,79,0,2
BRDA:678,79,1,2
BRDA:678,79,2,2
BRDA:679,80,0,2
BRDA:679,80,1,2
BRDA:681,81,0,2
BRDA:681,81,1,2
BRDA:681,81,2,2
BRDA:682,82,0,2
BRDA:682,82,1,2
BRDA:682,82,2,2
BRDA:683,83,0,2
BRDA:683,83,1,2
BRDA:684,84,0,2
BRDA:684,84,1,2
BRDA:686,85,0,2
BRDA:686,85,1,2
BRDA:686,85,2,2
BRDA:688,86,0,2
BRDA:688,86,1,2
BRDA:688,86,2,2
BRDA:692,87,0,2
BRDA:692,87,1,2
BRDA:692,87,2,2
BRDA:693,88,0,2
BRDA:693,88,1,2
BRDA:693,88,2,2
BRDA:695,89,0,2
BRDA:695,89,1,2
BRDA:695,89,2,2
BRDA:698,90,0,2
BRDA:698,90,1,2
BRDA:698,90,2,2
BRDA:699,91,0,2
BRDA:699,91,1,2
BRDA:699,91,2,2
BRDA:736,92,0,0
BRDA:736,92,1,0
BRDA:753,93,0,0
BRDA:753,93,1,1
BRDA:753,94,0,1
BRDA:753,94,1,1
BRDA:772,95,0,1
BRDA:772,95,1,0
BRDA:773,96,0,1
BRDA:773,96,1,0
BRDA:778,97,0,1
BRDA:778,97,1,0
BRDA:786,98,0,0
BRDA:786,98,1,0
BRDA:804,99,0,0
BRDA:804,99,1,0
BRDA:808,100,0,0
BRDA:808,100,1,0
BRDA:809,101,0,0
BRDA:809,101,1,0
BRDA:810,102,0,0
BRDA:810,102,1,0
BRDA:819,103,0,0
BRDA:819,103,1,0
BRDA:822,104,0,0
BRDA:822,104,1,0
BRDA:823,105,0,0
BRDA:823,105,1,0
BRDA:824,106,0,0
BRDA:824,106,1,0
BRDA:839,107,0,0
BRDA:839,107,1,0
BRDA:848,108,0,1
BRDA:848,108,1,0
BRDA:848,108,2,0
BRDA:850,109,0,1
BRDA:850,109,1,0
BRDA:851,110,0,1
BRDA:851,110,1,0
BRDA:851,111,0,0
BRDA:851,111,1,0
BRDA:865,112,0,0
BRDA:865,112,1,1
BRDA:888,113,0,0
BRDA:888,113,1,0
BRDA:901,114,0,0
BRDA:901,114,1,0
BRDA:919,115,0,0
BRDA:919,115,1,1
BRDA:923,116,0,1
BRDA:923,116,1,0
BRDA:954,117,0,0
BRDA:954,117,1,0
BRDA:970,118,0,0
BRDA:970,118,1,0
BRDA:985,119,0,0
BRDA:985,119,1,0
BRDA:991,120,0,0
BRDA:991,120,1,0
BRDA:998,121,0,0
BRDA:998,121,1,0
BRDA:1004,122,0,0
BRDA:1004,122,1,0
BRDA:1006,123,0,0
BRDA:1006,123,1,0
BRDA:1012,124,0,1
BRDA:1012,124,1,1
BRDA:1012,124,2,0
BRDA:1013,125,0,1
BRDA:1013,125,1,0
BRDA:1013,125,2,0
BRDA:1016,126,0,1
BRDA:1016,126,1,0
BRDA:1017,127,0,1
BRDA:1017,127,1,0
BRDA:1020,128,0,1
BRDA:1020,128,1,0
BRDA:1040,129,0,1
BRDA:1040,129,1,0
BRDA:1069,130,0,0
BRDA:1069,130,1,0
BRF:284
BRH:116
end_of_record
TN:
SF:src/stores/recipeStore.ts
FN:92,(anonymous_0)
FN:95,(anonymous_1)
FN:99,(anonymous_2)
FN:127,(anonymous_3)
FN:150,(anonymous_4)
FN:151,(anonymous_5)
FN:156,(anonymous_6)
FN:157,(anonymous_7)
FN:158,(anonymous_8)
FN:164,(anonymous_9)
FN:165,(anonymous_10)
FN:166,(anonymous_11)
FN:170,(anonymous_12)
FN:189,(anonymous_13)
FN:191,(anonymous_14)
FN:197,(anonymous_15)
FN:198,(anonymous_16)
FN:209,(anonymous_17)
FN:210,(anonymous_18)
FN:217,(anonymous_19)
FN:219,(anonymous_20)
FN:220,(anonymous_21)
FN:233,(anonymous_22)
FN:247,(anonymous_23)
FN:260,(anonymous_24)
FN:275,(anonymous_25)
FN:285,(anonymous_26)
FN:295,(anonymous_27)
FN:305,(anonymous_28)
FN:308,(anonymous_29)
FN:319,(anonymous_30)
FN:329,(anonymous_31)
FN:333,(anonymous_32)
FNF:33
FNH:1
FNDA:2,(anonymous_0)
FNDA:0,(anonymous_1)
FNDA:0,(anonymous_2)
FNDA:0,(anonymous_3)
FNDA:0,(anonymous_4)
FNDA:0,(anonymous_5)
FNDA:0,(anonymous_6)
FNDA:0,(anonymous_7)
FNDA:0,(anonymous_8)
FNDA:0,(anonymous_9)
FNDA:0,(anonymous_10)
FNDA:0,(anonymous_11)
FNDA:0,(anonymous_12)
FNDA:0,(anonymous_13)
FNDA:0,(anonymous_14)
FNDA:0,(anonymous_15)
FNDA:0,(anonymous_16)
FNDA:0,(anonymous_17)
FNDA:0,(anonymous_18)
FNDA:0,(anonymous_19)
FNDA:0,(anonymous_20)
FNDA:0,(anonymous_21)
FNDA:0,(anonymous_22)
FNDA:0,(anonymous_23)
FNDA:0,(anonymous_24)
FNDA:0,(anonymous_25)
FNDA:0,(anonymous_26)
FNDA:0,(anonymous_27)
FNDA:0,(anonymous_28)
FNDA:0,(anonymous_29)
FNDA:0,(anonymous_30)
FNDA:0,(anonymous_31)
FNDA:0,(anonymous_32)
DA:70,2
DA:92,2
DA:96,0
DA:100,0
DA:102,0
DA:111,0
DA:113,0
DA:114,0
DA:116,0
DA:118,0
DA:120,0
DA:127,0
DA:144,0
DA:145,0
DA:146,0
DA:151,0
DA:157,0
DA:159,0
DA:165,0
DA:166,0
DA:171,0
DA:172,0
DA:173,0
DA:190,0
DA:191,0
DA:192,0
DA:194,0
DA:195,0
DA:197,0
DA:199,0
DA:203,0
DA:204,0
DA:205,0
DA:207,0
DA:208,0
DA:209,0
DA:211,0
DA:218,0
DA:219,0
DA:220,0
DA:223,0
DA:224,0
DA:225,0
DA:227,0
DA:228,0
DA:229,0
DA:234,0
DA:235,0
DA:236,0
DA:237,0
DA:240,0
DA:241,0
DA:243,0
DA:248,0
DA:249,0
DA:251,0
DA:252,0
DA:254,0
DA:255,0
DA:256,0
DA:261,0
DA:262,0
DA:276,0
DA:277,0
DA:286,0
DA:287,0
DA:296,0
DA:297,0
DA:306,0
DA:307,0
DA:308,0
DA:310,0
DA:311,0
DA:320,0
DA:321,0
DA:330,0
DA:334,0
DA:335,0
DA:336,0
LF:79
LH:2
BRDA:99,0,0,0
BRDA:99,1,0,0
BRDA:99,2,0,0
BRDA:103,3,0,0
BRDA:103,3,1,0
BRDA:104,4,0,0
BRDA:104,4,1,0
BRDA:105,5,0,0
BRDA:105,5,1,0
BRDA:106,6,0,0
BRDA:106,6,1,0
BRDA:107,7,0,0
BRDA:107,7,1,0
BRDA:108,8,0,0
BRDA:108,8,1,0
BRDA:109,9,0,0
BRDA:109,9,1,0
BRDA:113,10,0,0
BRDA:113,10,1,0
BRDA:113,11,0,0
BRDA:113,11,1,0
BRDA:128,12,0,0
BRDA:128,12,1,0
BRDA:128,13,0,0
BRDA:128,13,1,0
BRDA:140,14,0,0
BRDA:140,14,1,0
BRDA:145,15,0,0
BRDA:145,15,1,0
BRDA:146,16,0,0
BRDA:146,16,1,0
BRDA:146,17,0,0
BRDA:146,17,1,0
BRDA:159,18,0,0
BRDA:159,18,1,0
BRDA:182,19,0,0
BRDA:182,19,1,0
BRDA:192,20,0,0
BRDA:192,20,1,0
BRDA:194,21,0,0
BRDA:194,21,1,0
BRDA:199,22,0,0
BRDA:199,22,1,0
BRDA:205,23,0,0
BRDA:205,23,1,0
BRDA:211,24,0,0
BRDA:211,24,1,0
BRDA:235,25,0,0
BRDA:235,25,1,0
BRDA:235,26,0,0
BRDA:235,26,1,0
BRDA:235,26,2,0
BRDA:255,27,0,0
BRDA:255,27,1,0
BRDA:267,28,0,0
BRDA:267,28,1,0
BRDA:307,29,0,0
BRDA:307,29,1,0
BRDA:334,30,0,0
BRDA:334,30,1,0
BRDA:334,31,0,0
BRDA:334,31,1,0
BRF:62
BRH:0
end_of_record
TN:
SF:src/stores/shoppingListStore.ts
FN:42,mapDbToUi
FN:55,(anonymous_1)
FN:60,(anonymous_2)
FN:77,(anonymous_3)
FN:82,(anonymous_4)
FN:83,(anonymous_5)
FN:99,(anonymous_6)
FN:101,(anonymous_7)
FN:103,(anonymous_8)
FN:115,(anonymous_9)
FN:135,(anonymous_10)
FN:137,(anonymous_11)
FN:138,(anonymous_12)
FN:151,(anonymous_13)
FN:153,(anonymous_14)
FN:166,(anonymous_15)
FNF:16
FNH:1
FNDA:0,mapDbToUi
FNDA:1,(anonymous_1)
FNDA:0,(anonymous_2)
FNDA:0,(anonymous_3)
FNDA:0,(anonymous_4)
FNDA:0,(anonymous_5)
FNDA:0,(anonymous_6)
FNDA:0,(anonymous_7)
FNDA:0,(anonymous_8)
FNDA:0,(anonymous_9)
FNDA:0,(anonymous_10)
FNDA:0,(anonymous_11)
FNDA:0,(anonymous_12)
FNDA:0,(anonymous_13)
FNDA:0,(anonymous_14)
FNDA:0,(anonymous_15)
DA:43,0
DA:55,1
DA:61,0
DA:62,0
DA:63,0
DA:64,0
DA:65,0
DA:71,0
DA:72,0
DA:73,0
DA:78,0
DA:79,0
DA:80,0
DA:81,0
DA:82,0
DA:84,0
DA:85,0
DA:87,0
DA:88,0
DA:89,0
DA:92,0
DA:94,0
DA:95,0
DA:100,0
DA:101,0
DA:104,0
DA:116,0
DA:117,0
DA:119,0
DA:120,0
DA:121,0
DA:125,0
DA:126,0
DA:127,0
DA:129,0
DA:130,0
DA:131,0
DA:136,0
DA:137,0
DA:138,0
DA:141,0
DA:142,0
DA:143,0
DA:145,0
DA:146,0
DA:147,0
DA:152,0
DA:153,0
DA:154,0
DA:156,0
DA:157,0
DA:158,0
DA:160,0
DA:161,0
DA:162,0
DA:167,0
DA:168,0
DA:170,0
DA:171,0
DA:172,0
DA:174,0
DA:175,0
DA:176,0
LF:63
LH:1
BRDA:47,0,0,0
BRDA:47,0,1,0
BRDA:48,1,0,0
BRDA:48,1,1,0
BRDA:49,2,0,0
BRDA:49,2,1,0
BRDA:50,3,0,0
BRDA:50,3,1,0
BRDA:51,4,0,0
BRDA:51,4,1,0
BRDA:61,5,0,0
BRDA:61,5,1,0
BRDA:72,6,0,0
BRDA:72,6,1,0
BRDA:80,7,0,0
BRDA:80,7,1,0
BRDA:84,8,0,0
BRDA:84,8,1,0
BRDA:85,9,0,0
BRDA:85,9,1,0
BRDA:87,10,0,0
BRDA:87,10,1,0
BRDA:88,11,0,0
BRDA:88,11,1,0
BRDA:104,12,0,0
BRDA:104,12,1,0
BRDA:108,13,0,0
BRDA:108,13,1,0
BRDA:109,14,0,0
BRDA:109,14,1,0
BRDA:110,15,0,0
BRDA:110,15,1,0
BRDA:111,16,0,0
BRDA:111,16,1,0
BRDA:116,17,0,0
BRDA:116,17,1,0
BRDA:117,18,0,0
BRDA:117,18,1,0
BRDA:119,19,0,0
BRDA:119,19,1,0
BRDA:120,20,0,0
BRDA:120,20,1,0
BRDA:127,21,0,0
BRDA:127,21,1,0
BRF:44
BRH:0
end_of_record
TN:
SF:src/types/recipeRecommendationTypes.ts
FN:139,calculateVarietyScore
FN:152,(anonymous_1)
FN:168,(anonymous_2)
FN:172,(anonymous_3)
FN:179,(anonymous_4)
FN:183,(anonymous_5)
FNF:6
FNH:0
FNDA:0,calculateVarietyScore
FNDA:0,(anonymous_1)
FNDA:0,(anonymous_2)
FNDA:0,(anonymous_3)
FNDA:0,(anonymous_4)
FNDA:0,(anonymous_5)
DA:26,4
DA:38,4
DA:143,0
DA:145,0
DA:146,0
DA:148,0
DA:149,0
DA:151,0
DA:152,0
DA:158,0
DA:159,0
DA:161,0
DA:168,4
DA:169,0
DA:172,4
DA:173,0
DA:179,4
DA:180,0
DA:183,4
DA:184,0
DA:190,4
LF:21
LH:7
BRDA:143,0,0,0
BRDA:143,0,1,0
BRDA:146,1,0,0
BRDA:146,1,1,0
BRDA:159,2,0,0
BRDA:159,2,1,0
BRDA:169,3,0,0
BRDA:169,3,1,0
BRDA:169,3,2,0
BRF:9
BRH:0
end_of_record
TN:
SF:src/types/userPreferences.ts
FN:72,(anonymous_0)
FN:76,(anonymous_1)
FN:80,(anonymous_2)
FN:133,migrateOldPreferences
FNF:4
FNH:0
FNDA:0,(anonymous_0)
FNDA:0,(anonymous_1)
FNDA:0,(anonymous_2)
FNDA:0,migrateOldPreferences
DA:72,3
DA:73,0
DA:76,3
DA:77,0
DA:80,3
DA:81,0
DA:87,3
DA:108,3
DA:134,0
DA:136,0
DA:137,0
DA:140,0
DA:141,0
DA:147,0
DA:148,0
DA:154,0
LF:16
LH:5
BRDA:136,0,0,0
BRDA:136,0,1,0
BRDA:140,1,0,0
BRDA:140,1,1,0
BRDA:142,2,0,0
BRDA:142,2,1,0
BRDA:147,3,0,0
BRDA:147,3,1,0
BRDA:149,4,0,0
BRDA:149,4,1,0
BRF:10
BRH:0
end_of_record
